2025-10-15 08:17:46,277 [INFO] Activator:176 - 


2025-10-15 08:17:46,279 [INFO] Activator:177 - !SESSION log4j initialized
2025-10-15 08:17:48,884 [INFO] LogOutputStream:77 - [STDOUT_REDIRECT] 
2025-10-15 08:17:49,576 [INFO] ApplicationProperties:184 - Using Application install path: /opt/st/stm32cubeide_1.19.0/plugins/com.st.stm32cube.common.mx_6.15.0.202507011659
2025-10-15 08:17:49,590 [INFO] DbMcusXml:78 - Set database path to: /opt/st/stm32cubeide_1.19.0/plugins/com.st.stm32cube.common.mx_6.15.0.202507011659//db//mcu/
2025-10-15 08:17:49,590 [INFO] ApiDb:274 - Set plugin database path to: /opt/st/stm32cubeide_1.19.0/plugins/com.st.stm32cube.common.mx_6.15.0.202507011659//db//plugins/boardmanager/
2025-10-15 08:17:49,590 [WARN] ApiDb:259 - Overriding images path with different value:  => /opt/st/stm32cubeide_1.19.0/plugins/com.st.stm32cube.common.mx_6.15.0.202507011659//db//plugins/mcufinder/images/
2025-10-15 08:17:49,597 [INFO] ApiDb:250 - Set database path to: /home/user12/.stmcufinder/plugins/mcufinder//mcu/
2025-10-15 08:17:49,598 [INFO] DbMcusAds:125 - Set database path to: /home/user12/.stmcufinder/plugins/mcufinder//mcu/
2025-10-15 08:17:49,600 [INFO] CrossReferenceDbSqlite:203 - Set database path to: /home/user12/.stmcufinder/plugins/mcufinder//mcu/cs/
2025-10-15 08:17:49,666 [INFO] RulesReader:64 - Compatibility file has been processed (317 Rules)
2025-10-15 08:17:49,701 [INFO] DbMcusXml:78 - Set database path to: /opt/st/stm32cubeide_1.19.0/plugins/com.st.stm32cube.common.mx_6.15.0.202507011659//db//mcu/
2025-10-15 08:17:49,701 [INFO] ApiDb:274 - Set plugin database path to: /opt/st/stm32cubeide_1.19.0/plugins/com.st.stm32cube.common.mx_6.15.0.202507011659//db//plugins/boardmanager/
2025-10-15 08:17:49,701 [INFO] ApiDb:261 - Set plugin images path to: /opt/st/stm32cubeide_1.19.0/plugins/com.st.stm32cube.common.mx_6.15.0.202507011659//db//plugins/mcufinder/images/
2025-10-15 08:17:49,702 [WARN] DbFile:41 - Overriding database path with different value: /home/user12/.stmcufinder/plugins/mcufinder/ => /home/user12/.stmcufinder/plugins/mcufinder
2025-10-15 08:17:49,702 [INFO] ApiDb:250 - Set database path to: /home/user12/.stmcufinder/plugins/mcufinder//mcu/
2025-10-15 08:17:49,702 [WARN] DbFile:41 - Overriding database path with different value: /home/user12/.stmcufinder/plugins/mcufinder/ => /home/user12/.stmcufinder/plugins/mcufinder
2025-10-15 08:17:49,702 [INFO] DbMcusAds:125 - Set database path to: /home/user12/.stmcufinder/plugins/mcufinder//mcu/
2025-10-15 08:17:49,702 [WARN] DbFile:41 - Overriding database path with different value: /home/user12/.stmcufinder/plugins/mcufinder/ => /home/user12/.stmcufinder/plugins/mcufinder
2025-10-15 08:17:49,702 [WARN] DbFile:41 - Overriding database path with different value: /home/user12/.stmcufinder/plugins/mcufinder/ => /home/user12/.stmcufinder/plugins/mcufinder
2025-10-15 08:17:49,702 [INFO] CrossReferenceDbSqlite:203 - Set database path to: /home/user12/.stmcufinder/plugins/mcufinder//mcu/cs/
2025-10-15 08:17:49,749 [INFO] MainPanel:274 - HeapMemory: 268435456
2025-10-15 08:17:49,838 [INFO] DbMcusXml:78 - Set database path to: /opt/st/stm32cubeide_1.19.0/plugins/com.st.stm32cube.common.mx_6.15.0.202507011659//db//mcu/
2025-10-15 08:17:49,838 [INFO] ApiDb:274 - Set plugin database path to: /opt/st/stm32cubeide_1.19.0/plugins/com.st.stm32cube.common.mx_6.15.0.202507011659//db//plugins/boardmanager/
2025-10-15 08:17:49,838 [INFO] ApiDb:261 - Set plugin images path to: /opt/st/stm32cubeide_1.19.0/plugins/com.st.stm32cube.common.mx_6.15.0.202507011659//db//plugins/mcufinder/images/
2025-10-15 08:17:49,839 [WARN] DbFile:41 - Overriding database path with different value: /home/user12/.stmcufinder/plugins/mcufinder/ => /home/user12/.stmcufinder/plugins/mcufinder
2025-10-15 08:17:49,839 [INFO] ApiDb:250 - Set database path to: /home/user12/.stmcufinder/plugins/mcufinder//mcu/
2025-10-15 08:17:49,839 [WARN] DbFile:41 - Overriding database path with different value: /home/user12/.stmcufinder/plugins/mcufinder/ => /home/user12/.stmcufinder/plugins/mcufinder
2025-10-15 08:17:49,839 [INFO] DbMcusAds:125 - Set database path to: /home/user12/.stmcufinder/plugins/mcufinder//mcu/
2025-10-15 08:17:49,839 [WARN] DbFile:41 - Overriding database path with different value: /home/user12/.stmcufinder/plugins/mcufinder/ => /home/user12/.stmcufinder/plugins/mcufinder
2025-10-15 08:17:49,839 [WARN] DbFile:41 - Overriding database path with different value: /home/user12/.stmcufinder/plugins/mcufinder/ => /home/user12/.stmcufinder/plugins/mcufinder
2025-10-15 08:17:49,839 [INFO] CrossReferenceDbSqlite:203 - Set database path to: /home/user12/.stmcufinder/plugins/mcufinder//mcu/cs/
2025-10-15 08:17:49,848 [INFO] ApplicationProperties:184 - Using Application install path: /opt/st/stm32cubeide_1.19.0/plugins/com.st.stm32cube.common.mx_6.15.0.202507011659
2025-10-15 08:17:49,849 [INFO] PluginManage:196 - Search for loadable plugins [exclusion list=, ]
2025-10-15 08:17:49,850 [INFO] PluginManage:310 - Check plugin analytics
2025-10-15 08:17:49,936 [INFO] AnalyticsPlugin:253 - Accepted Software Licenses: 
2025-10-15 08:17:49,937 [INFO] AnalyticsPlugin:255 - Accepted CMSIS Pack Licenses: 
2025-10-15 08:17:49,937 [INFO] AnalyticsPlugin:257 - Accepted Firmware Licenses: FW.F4.1.28.0
2025-10-15 08:17:49,938 [INFO] PluginManage:359 - Loaded plugin analytics (category:tool,tabindex:-1)
2025-10-15 08:17:49,938 [INFO] PluginManage:310 - Check plugin cadmodel
2025-10-15 08:17:49,941 [INFO] CADModel:105 - Init CAD model plugin
2025-10-15 08:17:49,942 [INFO] PluginManage:359 - Loaded plugin cadmodel (category:power,tabindex:5)
2025-10-15 08:17:49,942 [INFO] PluginManage:310 - Check plugin clock
2025-10-15 08:17:49,947 [INFO] PluginManage:359 - Loaded plugin clock (category:base,tabindex:2)
2025-10-15 08:17:49,947 [INFO] PluginManage:310 - Check plugin ddr
2025-10-15 08:17:49,949 [INFO] PluginManage:359 - Loaded plugin ddr (category:tool,tabindex:6)
2025-10-15 08:17:49,949 [INFO] PluginManage:310 - Check plugin filemanager
2025-10-15 08:17:50,038 [INFO] PluginManage:359 - Loaded plugin filemanager (category:base,tabindex:10)
2025-10-15 08:17:50,038 [INFO] PluginManage:310 - Check plugin ipmanager
2025-10-15 08:17:50,041 [INFO] PluginManage:359 - Loaded plugin ipmanager (category:base,tabindex:5)
2025-10-15 08:17:50,041 [INFO] PluginManage:310 - Check plugin lpbam
2025-10-15 08:17:50,048 [INFO] PluginManage:359 - Loaded plugin lpbam (category:base,tabindex:0)
2025-10-15 08:17:50,048 [INFO] PluginManage:310 - Check plugin memorymap
2025-10-15 08:17:50,057 [INFO] PluginManage:359 - Loaded plugin memorymap (category:base,tabindex:4)
2025-10-15 08:17:50,057 [INFO] PluginManage:310 - Check plugin pinoutandconfiguration
2025-10-15 08:17:50,062 [INFO] PluginManage:359 - Loaded plugin pinoutandconfiguration (category:base,tabindex:1)
2025-10-15 08:17:50,062 [INFO] PluginManage:310 - Check plugin pinoutconfig
2025-10-15 08:17:50,115 [WARN] SupportedApi:132 - Cannot load RTOS API schema: s4s-elt-must-match.1: The content of 'definitions' must match (annotation?, (simpleType | complexType)?, (unique | key | keyref)*)). A problem was found starting at: attribute.
2025-10-15 08:17:50,189 [INFO] PluginManage:359 - Loaded plugin pinoutconfig (category:base,tabindex:0)
2025-10-15 08:17:50,189 [INFO] PluginManage:310 - Check plugin power
2025-10-15 08:17:50,196 [INFO] PluginManage:359 - Loaded plugin power (category:power,tabindex:4)
2025-10-15 08:17:50,196 [INFO] PluginManage:310 - Check plugin projectmanager
2025-10-15 08:17:50,205 [INFO] PluginManage:359 - Loaded plugin projectmanager (category:projectmanager,tabindex:4)
2025-10-15 08:17:50,205 [INFO] PluginManage:310 - Check plugin rif
2025-10-15 08:17:50,212 [INFO] PluginManage:359 - Loaded plugin rif (category:base,tabindex:3)
2025-10-15 08:17:50,212 [INFO] PluginManage:310 - Check plugin thirdparty
2025-10-15 08:17:50,284 [INFO] PluginManage:359 - Loaded plugin thirdparty (category:base,tabindex:-1)
2025-10-15 08:17:50,284 [WARN] IntegrityCheckThread:84 - waiting for thirdparty lock release [integrity check]
2025-10-15 08:17:50,284 [INFO] PluginManage:310 - Check plugin tools
2025-10-15 08:17:50,284 [INFO] IntegrityCheckThread:86 - entering critical section [integrity check]
2025-10-15 08:17:50,284 [INFO] ThirdPartyUpdaterWithRetryManager:70 - Updater plugin not ready yet. [1/15]
2025-10-15 08:17:50,285 [INFO] PluginManage:359 - Loaded plugin tools (category:base,tabindex:7)
2025-10-15 08:17:50,285 [INFO] PluginManage:310 - Check plugin tutovideos
2025-10-15 08:17:50,409 [INFO] PluginManage:359 - Loaded plugin tutovideos (category:base,tabindex:-1)
2025-10-15 08:17:50,409 [INFO] PluginManage:310 - Check plugin updater
2025-10-15 08:17:50,423 [INFO] PluginManage:359 - Loaded plugin updater (category:base,tabindex:12)
2025-10-15 08:17:50,423 [INFO] PluginManage:310 - Check plugin userauth
2025-10-15 08:17:50,426 [INFO] UserAuth:118 - Init User Auth plugin
2025-10-15 08:17:50,426 [INFO] PluginManage:359 - Loaded plugin userauth (category:base,tabindex:14)
2025-10-15 08:17:50,427 [INFO] PluginManage:283 - PluginManage : Loaded plugins [18]
2025-10-15 08:17:50,534 [INFO] PinOutPanel:1589 - setPackage(No Configuration,No Configuration)
2025-10-15 08:17:50,577 [INFO] CADModel:165 - CPN selected for project level
2025-10-15 08:17:50,577 [INFO] CADModel:114 - Register for checkConnection events
2025-10-15 08:17:50,588 [INFO] IPUIPlugin:80 - create IPUIPlugin
2025-10-15 08:17:50,589 [INFO] PluginManager:220 - loadIPPluginJar : add plateformsettings
2025-10-15 08:17:50,594 [INFO] IPUIPlugin:80 - create IPUIPlugin
2025-10-15 08:17:50,594 [INFO] PluginManager:220 - loadIPPluginJar : add cryp
2025-10-15 08:17:50,595 [INFO] IPUIPlugin:80 - create IPUIPlugin
2025-10-15 08:17:50,595 [INFO] PluginManager:220 - loadIPPluginJar : add ucpd
2025-10-15 08:17:50,601 [INFO] IPUIPlugin:80 - create IPUIPlugin
2025-10-15 08:17:50,601 [INFO] PluginManager:220 - loadIPPluginJar : add stm32_wpan
2025-10-15 08:17:50,603 [INFO] IPUIPlugin:80 - create IPUIPlugin
2025-10-15 08:17:50,603 [INFO] PluginManager:220 - loadIPPluginJar : add lorawan
2025-10-15 08:17:50,604 [INFO] IPUIPlugin:80 - create IPUIPlugin
2025-10-15 08:17:50,604 [INFO] PluginManager:220 - loadIPPluginJar : add pdm2pcm
2025-10-15 08:17:50,606 [INFO] IPUIPlugin:80 - create IPUIPlugin
2025-10-15 08:17:50,606 [INFO] PluginManager:220 - loadIPPluginJar : add opamp
2025-10-15 08:17:50,608 [INFO] IPUIPlugin:80 - create IPUIPlugin
2025-10-15 08:17:50,608 [INFO] PluginManager:220 - loadIPPluginJar : add usbx
2025-10-15 08:17:50,611 [INFO] IPUIPlugin:80 - create IPUIPlugin
2025-10-15 08:17:50,612 [INFO] PluginManager:220 - loadIPPluginJar : add adc
2025-10-15 08:17:50,613 [INFO] IPUIPlugin:80 - create IPUIPlugin
2025-10-15 08:17:50,613 [INFO] PluginManager:220 - loadIPPluginJar : add tsc
2025-10-15 08:17:50,622 [INFO] IPUIPlugin:80 - create IPUIPlugin
2025-10-15 08:17:50,622 [INFO] PluginManager:220 - loadIPPluginJar : add gpio
2025-10-15 08:17:50,623 [INFO] IPUIPlugin:80 - create IPUIPlugin
2025-10-15 08:17:50,624 [INFO] PluginManager:220 - loadIPPluginJar : add fatfs
2025-10-15 08:17:50,625 [INFO] IPUIPlugin:80 - create IPUIPlugin
2025-10-15 08:17:50,625 [INFO] PluginManager:220 - loadIPPluginJar : add dfsdm
2025-10-15 08:17:50,629 [INFO] IPUIPlugin:80 - create IPUIPlugin
2025-10-15 08:17:50,629 [INFO] PluginManager:220 - loadIPPluginJar : add mdma
2025-10-15 08:17:50,630 [INFO] IPUIPlugin:80 - create IPUIPlugin
2025-10-15 08:17:50,630 [INFO] PluginManager:220 - loadIPPluginJar : add ltdc
2025-10-15 08:17:50,633 [INFO] IPUIPlugin:80 - create IPUIPlugin
2025-10-15 08:17:50,633 [INFO] PluginManager:220 - loadIPPluginJar : add nvic
2025-10-15 08:17:50,635 [INFO] IPUIPlugin:80 - create IPUIPlugin
2025-10-15 08:17:50,635 [INFO] PluginManager:220 - loadIPPluginJar : add tracer_emb
2025-10-15 08:17:50,636 [INFO] IPUIPlugin:80 - create IPUIPlugin
2025-10-15 08:17:50,636 [INFO] PluginManager:220 - loadIPPluginJar : add dma3
2025-10-15 08:17:50,638 [INFO] IPUIPlugin:80 - create IPUIPlugin
2025-10-15 08:17:50,638 [INFO] PluginManager:220 - loadIPPluginJar : add radio
2025-10-15 08:17:50,641 [INFO] IPUIPlugin:80 - create IPUIPlugin
2025-10-15 08:17:50,641 [INFO] PluginManager:220 - loadIPPluginJar : add resmgrutility
2025-10-15 08:17:50,643 [INFO] IPUIPlugin:80 - create IPUIPlugin
2025-10-15 08:17:50,644 [INFO] PluginManager:220 - loadIPPluginJar : add touchsensing
2025-10-15 08:17:50,648 [INFO] IPUIPlugin:80 - create IPUIPlugin
2025-10-15 08:17:50,649 [INFO] PluginManager:220 - loadIPPluginJar : add freertos
2025-10-15 08:17:50,651 [INFO] IPUIPlugin:80 - create IPUIPlugin
2025-10-15 08:17:50,651 [INFO] PluginManager:220 - loadIPPluginJar : add can
2025-10-15 08:17:50,655 [INFO] IPUIPlugin:80 - create IPUIPlugin
2025-10-15 08:17:50,655 [INFO] PluginManager:220 - loadIPPluginJar : add dma
2025-10-15 08:17:50,657 [INFO] IPUIPlugin:80 - create IPUIPlugin
2025-10-15 08:17:50,658 [INFO] PluginManager:220 - loadIPPluginJar : add gtzc
2025-10-15 08:17:50,662 [INFO] IPUIPlugin:80 - create IPUIPlugin
2025-10-15 08:17:50,662 [INFO] PluginManager:220 - loadIPPluginJar : add linkedlist
2025-10-15 08:17:50,664 [INFO] IPUIPlugin:80 - create IPUIPlugin
2025-10-15 08:17:50,664 [INFO] PluginManager:220 - loadIPPluginJar : add aes
2025-10-15 08:17:50,665 [INFO] IPUIPlugin:80 - create IPUIPlugin
2025-10-15 08:17:50,665 [INFO] PluginManager:220 - loadIPPluginJar : add comp
2025-10-15 08:17:50,666 [INFO] IPUIPlugin:80 - create IPUIPlugin
2025-10-15 08:17:50,666 [INFO] PluginManager:220 - loadIPPluginJar : add gfxmmu
2025-10-15 08:17:50,668 [INFO] IPUIPlugin:80 - create IPUIPlugin
2025-10-15 08:17:50,668 [INFO] PluginManager:220 - loadIPPluginJar : add i3c
2025-10-15 08:17:50,668 [INFO] IPUIPlugin:80 - create IPUIPlugin
2025-10-15 08:17:50,668 [INFO] PluginManager:220 - loadIPPluginJar : add genericplugin
2025-10-15 08:17:50,671 [INFO] IPUIPlugin:80 - create IPUIPlugin
2025-10-15 08:17:50,671 [INFO] PluginManager:220 - loadIPPluginJar : add ddr_ctrl_phy
2025-10-15 08:17:50,672 [INFO] IPUIPlugin:80 - create IPUIPlugin
2025-10-15 08:17:50,672 [INFO] PluginManager:220 - loadIPPluginJar : add i2c
2025-10-15 08:17:50,673 [INFO] IPUIPlugin:80 - create IPUIPlugin
2025-10-15 08:17:50,673 [INFO] PluginManager:220 - loadIPPluginJar : add tim
2025-10-15 08:17:50,674 [INFO] IPUIPlugin:80 - create IPUIPlugin
2025-10-15 08:17:50,674 [INFO] PluginManager:220 - loadIPPluginJar : add spi
2025-10-15 08:17:50,675 [INFO] IPUIPlugin:80 - create IPUIPlugin
2025-10-15 08:17:50,675 [INFO] PluginManager:220 - loadIPPluginJar : add hash
2025-10-15 08:17:50,677 [INFO] IPUIPlugin:80 - create IPUIPlugin
2025-10-15 08:17:50,677 [INFO] PluginManager:220 - loadIPPluginJar : add openamp
2025-10-15 08:17:50,679 [INFO] IPUIPlugin:80 - create IPUIPlugin
2025-10-15 08:17:50,679 [INFO] PluginManager:220 - loadIPPluginJar : add fmc
2025-10-15 08:17:50,680 [INFO] IPUIPlugin:80 - create IPUIPlugin
2025-10-15 08:17:50,680 [INFO] PluginManager:220 - loadIPPluginJar : add usart
2025-10-15 08:17:50,681 [INFO] IPUIPlugin:80 - create IPUIPlugin
2025-10-15 08:17:50,681 [INFO] PluginManager:220 - loadIPPluginJar : add quadspi
2025-10-15 08:17:50,685 [INFO] IPUIPlugin:80 - create IPUIPlugin
2025-10-15 08:17:50,685 [INFO] PluginManager:220 - loadIPPluginJar : add gic
2025-10-15 08:17:50,687 [INFO] IPUIPlugin:80 - create IPUIPlugin
2025-10-15 08:17:50,687 [INFO] PluginManager:220 - loadIPPluginJar : add extmemmanager
2025-10-15 08:17:50,689 [INFO] IPUIPlugin:80 - create IPUIPlugin
2025-10-15 08:17:50,689 [INFO] PluginManager:220 - loadIPPluginJar : add sai
2025-10-15 08:17:50,690 [INFO] IPUIPlugin:80 - create IPUIPlugin
2025-10-15 08:17:50,690 [INFO] PluginManager:220 - loadIPPluginJar : add ts
2025-10-15 08:17:50,692 [INFO] IPUIPlugin:80 - create IPUIPlugin
2025-10-15 08:17:50,692 [INFO] PluginManager:220 - loadIPPluginJar : add ipddr
2025-10-15 08:17:50,694 [INFO] IPUIPlugin:80 - create IPUIPlugin
2025-10-15 08:17:50,694 [INFO] PluginManager:220 - loadIPPluginJar : add i2s
2025-10-15 08:17:50,783 [FATAL] Updater:351 - Updater called before beeing initialized
2025-10-15 08:17:50,798 [INFO] RulesReader:64 - Compatibility file has been processed (317 Rules)
2025-10-15 08:17:50,803 [INFO] RulesReader:64 - Compatibility file has been processed (317 Rules)
2025-10-15 08:17:50,808 [INFO] CADModel:165 - CPN selected for project level
2025-10-15 08:17:50,808 [INFO] CADModel:114 - Register for checkConnection events
2025-10-15 08:17:50,808 [FATAL] Updater:351 - Updater called before beeing initialized
2025-10-15 08:17:50,808 [ERROR] CADModel:125 - Updater not yet initialized, retry later 
2025-10-15 08:17:50,882 [FATAL] Updater:351 - Updater called before beeing initialized
2025-10-15 08:17:50,883 [INFO] CADModel:165 - CPN selected for project level
2025-10-15 08:17:50,883 [INFO] CADModel:114 - Register for checkConnection events
2025-10-15 08:17:50,883 [FATAL] Updater:351 - Updater called before beeing initialized
2025-10-15 08:17:50,883 [ERROR] CADModel:125 - Updater not yet initialized, retry later 
2025-10-15 08:17:50,885 [FATAL] Updater:351 - Updater called before beeing initialized
2025-10-15 08:17:50,936 [FATAL] Updater:351 - Updater called before beeing initialized
2025-10-15 08:17:50,939 [INFO] DbMcusAds:53 - JSON generation date=Thu Oct 02 18:36:05 KST 2025 (1759397765045)
2025-10-15 08:17:50,939 [FATAL] Updater:351 - Updater called before beeing initialized
2025-10-15 08:17:50,961 [WARN] DetailPanel:346 - Failed to get advertising image, set to default
2025-10-15 08:17:51,005 [FATAL] Updater:351 - Updater called before beeing initialized
2025-10-15 08:17:51,007 [FATAL] Updater:351 - Updater called before beeing initialized
2025-10-15 08:17:51,007 [FATAL] Updater:351 - Updater called before beeing initialized
2025-10-15 08:17:51,007 [WARN] DetailPanel:346 - Failed to get advertising image, set to default
2025-10-15 08:17:51,007 [FATAL] Updater:351 - Updater called before beeing initialized
2025-10-15 08:17:51,027 [ERROR] Updater:1198 - MainUpdater not yet initialized. External WinMGr cannot be set.
2025-10-15 08:17:51,028 [INFO] Updater:1134 - Updater Version found : 6.15.0
2025-10-15 08:17:51,041 [INFO] ApplicationProperties:184 - Using Application install path: /opt/st/stm32cubeide_1.19.0/plugins/com.st.stm32cube.common.mx_6.15.0.202507011659
2025-10-15 08:17:51,050 [ERROR] LogOutputStream:75 - [STDERR_REDIRECT] Oct 15, 2025 8:17:51 AM java.util.prefs.FileSystemPreferences$2 run
2025-10-15 08:17:51,050 [ERROR] LogOutputStream:75 - [STDERR_REDIRECT] WARNING: Could not create system preferences directory. System preferences are unusable.
2025-10-15 08:17:51,050 [ERROR] LogOutputStream:75 - [STDERR_REDIRECT] 
2025-10-15 08:17:51,960 [INFO] MainUpdater:2872 - connection check result : 10
2025-10-15 08:17:51,960 [INFO] MainUpdater:289 - Updater Check For Update Now.
2025-10-15 08:17:51,961 [INFO] MicroXplorer:498 - Change Database Version : DB.6.0.150
2025-10-15 08:17:51,964 [INFO] McuFinderGlobals:63 - Set McuFinder mode to 2 (CubeIDE integrated)
2025-10-15 08:17:51,964 [INFO] UserAuth:171 - activating auth plugin
2025-10-15 08:17:51,965 [INFO] UserAuth:487 - Internet connection configuration mode: 1
2025-10-15 08:17:51,980 [INFO] JxBrowserEngine:152 - Initiate JxBrowser Engine with user profile folder
2025-10-15 08:17:52,107 [INFO] CheckServerUpdateThread:120 - End of CheckServer Thread
2025-10-15 08:17:52,996 [INFO] WebApp:169 - Instantiating new browser for Auth
2025-10-15 08:17:53,403 [WARN] PackLoader:240 - Cannot read IP mode file for STMicroelectronics.FP-SNS-MOTENVWB1.1.4.0
2025-10-15 08:17:53,408 [WARN] PackLoader:240 - Cannot read IP mode file for STMicroelectronics.FP-ATR-ASTRA1.2.0.2
2025-10-15 08:17:53,411 [WARN] PackLoader:240 - Cannot read IP mode file for STMicroelectronics.X-CUBE-SMBUS.2.1.0
2025-10-15 08:17:53,414 [WARN] PackLoader:240 - Cannot read IP mode file for STMicroelectronics.X-CUBE-ST60.1.0.0
2025-10-15 08:17:53,429 [WARN] PackLoader:240 - Cannot read IP mode file for STMicroelectronics.X-CUBE-AZRTOS-F7.1.1.0
2025-10-15 08:17:53,445 [WARN] PackLoader:240 - Cannot read IP mode file for Cesanta.I-CUBE-Mongoose.7.19.0
2025-10-15 08:17:53,452 [WARN] PackLoader:240 - Cannot read IP mode file for WES.I-CUBE-Cesium.1.4.0
2025-10-15 08:17:53,471 [WARN] PackLoader:240 - Cannot read IP mode file for Infineon.AIROC-Wi-Fi-Bluetooth-STM32.1.7.1
2025-10-15 08:17:53,495 [WARN] PackLoader:240 - Cannot read IP mode file for STMicroelectronics.X-CUBE-AZRTOS-H7.3.4.0
2025-10-15 08:17:53,504 [WARN] PackLoader:240 - Cannot read IP mode file for STMicroelectronics.X-CUBE-DISPLAY.3.0.0
2025-10-15 08:17:53,512 [WARN] PackLoader:240 - Cannot read IP mode file for STMicroelectronics.X-CUBE-NFC10.1.0.0
2025-10-15 08:17:53,516 [WARN] PackLoader:240 - Cannot read IP mode file for emotas.I-CUBE-CANOPEN.1.3.0
2025-10-15 08:17:53,520 [WARN] PackLoader:240 - Cannot read IP mode file for STMicroelectronics.FP-SNS-STBOX1.2.1.0
2025-10-15 08:17:53,525 [WARN] PackLoader:240 - Cannot read IP mode file for STMicroelectronics.FP-SNS-SMARTAG2.1.2.0
2025-10-15 08:17:53,527 [WARN] PackLoader:240 - Cannot read IP mode file for STMicroelectronics.FP-SNS-FLIGHT1.5.1.0
2025-10-15 08:17:53,532 [INFO] LogOutputStream:77 - [STDOUT_REDIRECT] 1 : Invalid condition id : UX_CORESTACK_Condition cause : null
2025-10-15 08:17:53,532 [INFO] LogOutputStream:77 - [STDOUT_REDIRECT] 1 : Invalid condition id : UX_CORESTACK_Condition cause : null
2025-10-15 08:17:53,533 [INFO] LogOutputStream:77 - [STDOUT_REDIRECT] 1 : Invalid condition id : UX_CORESTACK_Condition cause : null
2025-10-15 08:17:53,533 [INFO] LogOutputStream:77 - [STDOUT_REDIRECT] 1 : Invalid condition id : UX_CORESTACK_Condition cause : null
2025-10-15 08:17:53,533 [INFO] LogOutputStream:77 - [STDOUT_REDIRECT] 1 : Invalid condition id : UX_CORESTACK_Condition cause : null
2025-10-15 08:17:53,534 [WARN] PackLoader:240 - Cannot read IP mode file for STMicroelectronics.X-CUBE-AZRTOS-WL.2.0.0
2025-10-15 08:17:53,537 [WARN] PackLoader:240 - Cannot read IP mode file for STMicroelectronics.FP-SNS-MOTENV1.5.0.0
2025-10-15 08:17:53,542 [WARN] PackLoader:240 - Cannot read IP mode file for STMicroelectronics.X-CUBE-BLE2.3.3.0
2025-10-15 08:17:53,547 [WARN] PackLoader:240 - Cannot read IP mode file for STMicroelectronics.X-CUBE-NFC9.1.0.0
2025-10-15 08:17:53,552 [WARN] PackLoader:240 - Cannot read IP mode file for wolfSSL.I-CUBE-wolfSSL.5.8.2
2025-10-15 08:17:53,557 [WARN] PackLoader:240 - Cannot read IP mode file for STMicroelectronics.X-CUBE-BLE1.7.1.0
2025-10-15 08:17:53,561 [WARN] PackLoader:240 - Cannot read IP mode file for wolfSSL.I-CUBE-wolfMQTT.1.19.2
2025-10-15 08:17:53,567 [WARN] PackLoader:240 - Cannot read IP mode file for STMicroelectronics.X-CUBE-EEPRMA1.5.2.0
2025-10-15 08:17:53,574 [WARN] PackLoader:240 - Cannot read IP mode file for STMicroelectronics.X-CUBE-ST67W61.1.1.0
2025-10-15 08:17:53,587 [WARN] PackLoader:240 - Cannot read IP mode file for STMicroelectronics.X-CUBE-AZRTOS-G0.1.1.0
2025-10-15 08:17:53,594 [WARN] PackLoader:240 - Cannot read IP mode file for STMicroelectronics.X-CUBE-SAFEA1.1.2.2
2025-10-15 08:17:53,600 [WARN] PackLoader:240 - Cannot read IP mode file for STMicroelectronics.X-CUBE-NFC4.3.0.0
2025-10-15 08:17:53,607 [WARN] PackLoader:240 - Cannot read IP mode file for EmbeddedOffice.I-CUBE-FS-RTOS.1.0.1
2025-10-15 08:17:53,613 [WARN] PackLoader:240 - Cannot read IP mode file for STMicroelectronics.X-CUBE-WB05N.2.0.0
2025-10-15 08:17:53,615 [WARN] PackLoader:240 - Cannot read IP mode file for wolfSSL.I-CUBE-wolfTPM.3.8.0
2025-10-15 08:17:53,618 [WARN] PackLoader:240 - Cannot read IP mode file for STMicroelectronics.X-CUBE-TCPP.4.2.0
2025-10-15 08:17:53,622 [WARN] PackLoader:240 - Cannot read IP mode file for RealThread.X-CUBE-RT-Thread_Nano.4.1.1
2025-10-15 08:17:53,625 [WARN] PackLoader:240 - Cannot read IP mode file for STMicroelectronics.FP-ATR-SIGFOX1.3.2.0
2025-10-15 08:17:53,630 [WARN] PackLoader:240 - Cannot read IP mode file for ITTIA_DB.I-CUBE-ITTIADB.8.9.0
2025-10-15 08:17:53,635 [WARN] PackLoader:240 - Cannot read IP mode file for STMicroelectronics.X-CUBE-ST67W61.1.0.0
2025-10-15 08:17:53,639 [WARN] PackLoader:240 - Cannot read IP mode file for STMicroelectronics.X-CUBE-AI.10.2.0
2025-10-15 08:17:53,646 [INFO] WebApp:463 - Apply proxy settings
2025-10-15 08:17:53,646 [INFO] WebApp:548 - Chromium requires no authentication
2025-10-15 08:17:53,655 [INFO] WebApp:491 - Direct internet connection detected
2025-10-15 08:17:53,662 [WARN] PackLoader:240 - Cannot read IP mode file for SEGGER.I-CUBE-embOS.1.3.1
2025-10-15 08:17:53,685 [INFO] WebApp:900 - Register for checkConnection events
2025-10-15 08:17:53,686 [INFO] WebApp:463 - Apply proxy settings
2025-10-15 08:17:53,686 [INFO] WebApp:548 - Chromium requires no authentication
2025-10-15 08:17:53,686 [INFO] WebApp:491 - Direct internet connection detected
2025-10-15 08:17:53,691 [WARN] PackLoader:240 - Cannot read IP mode file for STMicroelectronics.X-CUBE-ALGOBUILD.1.4.0
2025-10-15 08:17:53,729 [WARN] PackLoader:240 - Cannot read IP mode file for STMicroelectronics.X-CUBE-MEMS1.11.3.0
2025-10-15 08:17:53,805 [WARN] PackLoader:240 - Cannot read IP mode file for STMicroelectronics.X-CUBE-PM33A1.1.0.0
2025-10-15 08:17:53,813 [WARN] PackLoader:240 - Cannot read IP mode file for STMicroelectronics.X-CUBE-AZRTOS-F4.1.1.0
2025-10-15 08:17:53,816 [WARN] PackLoader:240 - Cannot read IP mode file for STMicroelectronics.X-CUBE-ISPU.2.1.0
2025-10-15 08:17:53,821 [WARN] PackLoader:240 - Cannot read IP mode file for STMicroelectronics.X-CUBE-IPS.3.2.0
2025-10-15 08:17:53,827 [WARN] PackLoader:240 - Cannot read IP mode file for STMicroelectronics.X-CUBE-NFC12.1.0.0
2025-10-15 08:17:53,834 [WARN] PackLoader:240 - Cannot read IP mode file for STMicroelectronics.X-CUBE-AZRTOS-L5.2.0.0
2025-10-15 08:17:53,838 [WARN] PackLoader:240 - Cannot read IP mode file for STMicroelectronics.X-CUBE-NFC6.3.1.0
2025-10-15 08:17:53,842 [WARN] PackLoader:240 - Cannot read IP mode file for STMicroelectronics.X-CUBE-FREERTOS.1.3.1
2025-10-15 08:17:53,844 [INFO] WebApp:225 - Starting web application
2025-10-15 08:17:53,844 [INFO] WebApp:593 - Web application path used /opt/st/stm32cubeide_1.19.0/plugins/com.st.stm32cube.common.mx_6.15.0.202507011659/db/plugins/mcufinder/reactClient1/index.html
2025-10-15 08:17:53,846 [WARN] PackLoader:240 - Cannot read IP mode file for STMicroelectronics.X-CUBE-TOUCHGFX.4.26.0
2025-10-15 08:17:53,850 [WARN] PackLoader:240 - Cannot read IP mode file for STMicroelectronics.FP-SNS-STAIOTCFT.1.0.0
2025-10-15 08:17:53,855 [WARN] PackLoader:240 - Cannot read IP mode file for STMicroelectronics.X-CUBE-DPower.1.3.0
2025-10-15 08:17:53,866 [WARN] ConditionMgr:438 - getConditionDescription Invalid condition id : LAN8742 Phy interface Condition cause : null
2025-10-15 08:17:53,867 [WARN] PackLoader:240 - Cannot read IP mode file for STMicroelectronics.X-CUBE-AZRTOS-L4.2.0.0
2025-10-15 08:17:53,868 [WARN] ConditionMgr:1044 - genDependencies : Invalid condition id : LAN8742 Phy interface Condition cause : null
2025-10-15 08:17:53,868 [WARN] ConditionMgr:1044 - genDependencies : Invalid condition id : LAN8742 Phy interface Condition cause : null
2025-10-15 08:17:53,869 [WARN] ConditionMgr:1044 - genDependencies : Invalid condition id : LAN8742 Phy interface Condition cause : null
2025-10-15 08:17:53,875 [WARN] PackLoader:240 - Cannot read IP mode file for STMicroelectronics.X-CUBE-SFXS2LP1.4.0.0
2025-10-15 08:17:53,884 [WARN] PackLoader:240 - Cannot read IP mode file for STMicroelectronics.X-CUBE-BLEMGR.4.1.0
2025-10-15 08:17:53,893 [WARN] ConditionMgr:438 - getConditionDescription Invalid condition id : UX DEVICE CLASS RTOS Condition cause : null
2025-10-15 08:17:53,894 [WARN] ConditionMgr:438 - getConditionDescription Invalid condition id : UX DEVICE CLASS RTOS Condition cause : null
2025-10-15 08:17:53,895 [WARN] PackLoader:240 - Cannot read IP mode file for STMicroelectronics.X-CUBE-AZRTOS-WB.2.0.0
2025-10-15 08:17:53,896 [WARN] ConditionMgr:1044 - genDependencies : Invalid condition id : UX DEVICE CLASS RTOS Condition cause : null
2025-10-15 08:17:53,896 [WARN] ConditionMgr:1044 - genDependencies : Invalid condition id : UX DEVICE CLASS RTOS Condition cause : null
2025-10-15 08:17:53,896 [WARN] ConditionMgr:1044 - genDependencies : Invalid condition id : UX DEVICE CLASS RTOS Condition cause : null
2025-10-15 08:17:53,896 [WARN] ConditionMgr:1044 - genDependencies : Invalid condition id : UX DEVICE CLASS RTOS Condition cause : null
2025-10-15 08:17:53,896 [WARN] ConditionMgr:1044 - genDependencies : Invalid condition id : UX DEVICE CLASS RTOS Condition cause : null
2025-10-15 08:17:53,900 [WARN] PackLoader:240 - Cannot read IP mode file for STMicroelectronics.X-CUBE-GNSS1.7.0.1
2025-10-15 08:17:53,907 [WARN] ConditionMgr:438 - getConditionDescription Invalid condition id : Cortex-A Device cause : null
2025-10-15 08:17:53,917 [WARN] ConditionMgr:1044 - genDependencies : Invalid condition id : Cortex-A Device cause : null
2025-10-15 08:17:53,917 [WARN] ConditionMgr:1044 - genDependencies : Invalid condition id : Cortex-A Device cause : null
2025-10-15 08:17:53,917 [WARN] ConditionMgr:1044 - genDependencies : Invalid condition id : Cortex-A Device cause : null
2025-10-15 08:17:53,922 [WARN] PackLoader:240 - Cannot read IP mode file for STMicroelectronics.X-CUBE-SUBG2.5.0.0
2025-10-15 08:17:53,930 [WARN] PackLoader:240 - Cannot read IP mode file for STMicroelectronics.X-CUBE-AZRTOS-H7RS.1.1.0
2025-10-15 08:17:53,937 [WARN] PackLoader:240 - Cannot read IP mode file for STMicroelectronics.X-CUBE-AZRTOS-G4.2.0.0
2025-10-15 08:17:53,940 [WARN] PackLoader:240 - Cannot read IP mode file for wolfSSL.I-CUBE-wolfSSH.1.4.20
2025-10-15 08:17:53,943 [WARN] PackLoader:240 - Cannot read IP mode file for STMicroelectronics.X-CUBE-NFC7.2.0.0
2025-10-15 08:17:53,949 [WARN] PackLoader:240 - Cannot read IP mode file for STMicroelectronics.X-CUBE-IPS.3.1.0
2025-10-15 08:17:53,954 [WARN] PackLoader:240 - Cannot read IP mode file for STMicroelectronics.X-CUBE-ALS.1.0.2
2025-10-15 08:17:53,959 [WARN] PackLoader:240 - Cannot read IP mode file for STMicroelectronics.X-CUBE-STSE01.1.0.0
2025-10-15 08:17:53,965 [WARN] PackLoader:240 - Cannot read IP mode file for STMicroelectronics.X-CUBE-TOF1.3.4.3
2025-10-15 08:17:53,970 [INFO] ThirdParty:978 - Integrity check success = true
2025-10-15 08:17:53,970 [INFO] IntegrityCheckThread:100 - exiting critical section [integrity check]
2025-10-15 08:17:53,970 [INFO] IntegrityCheckThread:103 - End integrity checks thread
2025-10-15 08:17:54,248 [INFO] WebApp:191 - Connection restablished
