2025-12-19 11:11:11,800 [INFO] Activator:176 - 


2025-12-19 11:11:11,802 [INFO] Activator:177 - !SESSION log4j initialized
2025-12-19 11:11:14,203 [INFO] LogOutputStream:77 - [STDOUT_REDIRECT] 
2025-12-19 11:11:14,683 [INFO] ApplicationProperties:184 - Using Application install path: /opt/st/stm32cubeide_1.19.0/plugins/com.st.stm32cube.common.mx_6.15.0.202507011659
2025-12-19 11:11:14,696 [INFO] DbMcusXml:78 - Set database path to: /opt/st/stm32cubeide_1.19.0/plugins/com.st.stm32cube.common.mx_6.15.0.202507011659//db//mcu/
2025-12-19 11:11:14,696 [INFO] ApiDb:274 - Set plugin database path to: /opt/st/stm32cubeide_1.19.0/plugins/com.st.stm32cube.common.mx_6.15.0.202507011659//db//plugins/boardmanager/
2025-12-19 11:11:14,697 [WARN] ApiDb:259 - Overriding images path with different value:  => /opt/st/stm32cubeide_1.19.0/plugins/com.st.stm32cube.common.mx_6.15.0.202507011659//db//plugins/mcufinder/images/
2025-12-19 11:11:14,703 [INFO] ApiDb:250 - Set database path to: /home/user12/.stmcufinder/plugins/mcufinder//mcu/
2025-12-19 11:11:14,704 [INFO] DbMcusAds:125 - Set database path to: /home/user12/.stmcufinder/plugins/mcufinder//mcu/
2025-12-19 11:11:14,706 [INFO] CrossReferenceDbSqlite:203 - Set database path to: /home/user12/.stmcufinder/plugins/mcufinder//mcu/cs/
2025-12-19 11:11:14,775 [INFO] RulesReader:64 - Compatibility file has been processed (317 Rules)
2025-12-19 11:11:14,818 [INFO] DbMcusXml:78 - Set database path to: /opt/st/stm32cubeide_1.19.0/plugins/com.st.stm32cube.common.mx_6.15.0.202507011659//db//mcu/
2025-12-19 11:11:14,819 [INFO] ApiDb:274 - Set plugin database path to: /opt/st/stm32cubeide_1.19.0/plugins/com.st.stm32cube.common.mx_6.15.0.202507011659//db//plugins/boardmanager/
2025-12-19 11:11:14,819 [INFO] ApiDb:261 - Set plugin images path to: /opt/st/stm32cubeide_1.19.0/plugins/com.st.stm32cube.common.mx_6.15.0.202507011659//db//plugins/mcufinder/images/
2025-12-19 11:11:14,819 [WARN] DbFile:41 - Overriding database path with different value: /home/user12/.stmcufinder/plugins/mcufinder/ => /home/user12/.stmcufinder/plugins/mcufinder
2025-12-19 11:11:14,819 [INFO] ApiDb:250 - Set database path to: /home/user12/.stmcufinder/plugins/mcufinder//mcu/
2025-12-19 11:11:14,819 [WARN] DbFile:41 - Overriding database path with different value: /home/user12/.stmcufinder/plugins/mcufinder/ => /home/user12/.stmcufinder/plugins/mcufinder
2025-12-19 11:11:14,819 [INFO] DbMcusAds:125 - Set database path to: /home/user12/.stmcufinder/plugins/mcufinder//mcu/
2025-12-19 11:11:14,819 [WARN] DbFile:41 - Overriding database path with different value: /home/user12/.stmcufinder/plugins/mcufinder/ => /home/user12/.stmcufinder/plugins/mcufinder
2025-12-19 11:11:14,819 [WARN] DbFile:41 - Overriding database path with different value: /home/user12/.stmcufinder/plugins/mcufinder/ => /home/user12/.stmcufinder/plugins/mcufinder
2025-12-19 11:11:14,819 [INFO] CrossReferenceDbSqlite:203 - Set database path to: /home/user12/.stmcufinder/plugins/mcufinder//mcu/cs/
2025-12-19 11:11:14,861 [INFO] MainPanel:274 - HeapMemory: 268435456
2025-12-19 11:11:14,992 [INFO] DbMcusXml:78 - Set database path to: /opt/st/stm32cubeide_1.19.0/plugins/com.st.stm32cube.common.mx_6.15.0.202507011659//db//mcu/
2025-12-19 11:11:14,992 [INFO] ApiDb:274 - Set plugin database path to: /opt/st/stm32cubeide_1.19.0/plugins/com.st.stm32cube.common.mx_6.15.0.202507011659//db//plugins/boardmanager/
2025-12-19 11:11:14,992 [INFO] ApiDb:261 - Set plugin images path to: /opt/st/stm32cubeide_1.19.0/plugins/com.st.stm32cube.common.mx_6.15.0.202507011659//db//plugins/mcufinder/images/
2025-12-19 11:11:14,993 [WARN] DbFile:41 - Overriding database path with different value: /home/user12/.stmcufinder/plugins/mcufinder/ => /home/user12/.stmcufinder/plugins/mcufinder
2025-12-19 11:11:14,993 [INFO] ApiDb:250 - Set database path to: /home/user12/.stmcufinder/plugins/mcufinder//mcu/
2025-12-19 11:11:14,993 [WARN] DbFile:41 - Overriding database path with different value: /home/user12/.stmcufinder/plugins/mcufinder/ => /home/user12/.stmcufinder/plugins/mcufinder
2025-12-19 11:11:14,993 [INFO] DbMcusAds:125 - Set database path to: /home/user12/.stmcufinder/plugins/mcufinder//mcu/
2025-12-19 11:11:14,993 [WARN] DbFile:41 - Overriding database path with different value: /home/user12/.stmcufinder/plugins/mcufinder/ => /home/user12/.stmcufinder/plugins/mcufinder
2025-12-19 11:11:14,993 [WARN] DbFile:41 - Overriding database path with different value: /home/user12/.stmcufinder/plugins/mcufinder/ => /home/user12/.stmcufinder/plugins/mcufinder
2025-12-19 11:11:14,993 [INFO] CrossReferenceDbSqlite:203 - Set database path to: /home/user12/.stmcufinder/plugins/mcufinder//mcu/cs/
2025-12-19 11:11:15,002 [INFO] ApplicationProperties:184 - Using Application install path: /opt/st/stm32cubeide_1.19.0/plugins/com.st.stm32cube.common.mx_6.15.0.202507011659
2025-12-19 11:11:15,003 [INFO] PluginManage:196 - Search for loadable plugins [exclusion list=, ]
2025-12-19 11:11:15,004 [INFO] PluginManage:310 - Check plugin analytics
2025-12-19 11:11:15,096 [INFO] AnalyticsPlugin:253 - Accepted Software Licenses: 
2025-12-19 11:11:15,096 [INFO] AnalyticsPlugin:255 - Accepted CMSIS Pack Licenses: 
2025-12-19 11:11:15,096 [INFO] AnalyticsPlugin:257 - Accepted Firmware Licenses: 
2025-12-19 11:11:15,097 [INFO] PluginManage:359 - Loaded plugin analytics (category:tool,tabindex:-1)
2025-12-19 11:11:15,097 [INFO] PluginManage:310 - Check plugin cadmodel
2025-12-19 11:11:15,101 [INFO] CADModel:105 - Init CAD model plugin
2025-12-19 11:11:15,101 [INFO] PluginManage:359 - Loaded plugin cadmodel (category:power,tabindex:5)
2025-12-19 11:11:15,101 [INFO] PluginManage:310 - Check plugin clock
2025-12-19 11:11:15,107 [INFO] PluginManage:359 - Loaded plugin clock (category:base,tabindex:2)
2025-12-19 11:11:15,108 [INFO] PluginManage:310 - Check plugin ddr
2025-12-19 11:11:15,109 [INFO] PluginManage:359 - Loaded plugin ddr (category:tool,tabindex:6)
2025-12-19 11:11:15,109 [INFO] PluginManage:310 - Check plugin filemanager
2025-12-19 11:11:15,199 [INFO] PluginManage:359 - Loaded plugin filemanager (category:base,tabindex:10)
2025-12-19 11:11:15,199 [INFO] PluginManage:310 - Check plugin ipmanager
2025-12-19 11:11:15,202 [INFO] PluginManage:359 - Loaded plugin ipmanager (category:base,tabindex:5)
2025-12-19 11:11:15,203 [INFO] PluginManage:310 - Check plugin lpbam
2025-12-19 11:11:15,208 [INFO] PluginManage:359 - Loaded plugin lpbam (category:base,tabindex:0)
2025-12-19 11:11:15,209 [INFO] PluginManage:310 - Check plugin memorymap
2025-12-19 11:11:15,217 [INFO] PluginManage:359 - Loaded plugin memorymap (category:base,tabindex:4)
2025-12-19 11:11:15,217 [INFO] PluginManage:310 - Check plugin pinoutandconfiguration
2025-12-19 11:11:15,222 [INFO] PluginManage:359 - Loaded plugin pinoutandconfiguration (category:base,tabindex:1)
2025-12-19 11:11:15,223 [INFO] PluginManage:310 - Check plugin pinoutconfig
2025-12-19 11:11:15,272 [WARN] SupportedApi:132 - Cannot load RTOS API schema: s4s-elt-must-match.1: The content of 'definitions' must match (annotation?, (simpleType | complexType)?, (unique | key | keyref)*)). A problem was found starting at: attribute.
2025-12-19 11:11:15,345 [INFO] PluginManage:359 - Loaded plugin pinoutconfig (category:base,tabindex:0)
2025-12-19 11:11:15,345 [INFO] PluginManage:310 - Check plugin power
2025-12-19 11:11:15,352 [INFO] PluginManage:359 - Loaded plugin power (category:power,tabindex:4)
2025-12-19 11:11:15,352 [INFO] PluginManage:310 - Check plugin projectmanager
2025-12-19 11:11:15,360 [INFO] PluginManage:359 - Loaded plugin projectmanager (category:projectmanager,tabindex:4)
2025-12-19 11:11:15,360 [INFO] PluginManage:310 - Check plugin rif
2025-12-19 11:11:15,367 [INFO] PluginManage:359 - Loaded plugin rif (category:base,tabindex:3)
2025-12-19 11:11:15,367 [INFO] PluginManage:310 - Check plugin thirdparty
2025-12-19 11:11:15,437 [INFO] PluginManage:359 - Loaded plugin thirdparty (category:base,tabindex:-1)
2025-12-19 11:11:15,437 [INFO] PluginManage:310 - Check plugin tools
2025-12-19 11:11:15,437 [WARN] IntegrityCheckThread:84 - waiting for thirdparty lock release [integrity check]
2025-12-19 11:11:15,437 [INFO] IntegrityCheckThread:86 - entering critical section [integrity check]
2025-12-19 11:11:15,438 [INFO] ThirdPartyUpdaterWithRetryManager:70 - Updater plugin not ready yet. [1/15]
2025-12-19 11:11:15,439 [INFO] PluginManage:359 - Loaded plugin tools (category:base,tabindex:7)
2025-12-19 11:11:15,439 [INFO] PluginManage:310 - Check plugin tutovideos
2025-12-19 11:11:15,560 [INFO] PluginManage:359 - Loaded plugin tutovideos (category:base,tabindex:-1)
2025-12-19 11:11:15,561 [INFO] PluginManage:310 - Check plugin updater
2025-12-19 11:11:15,574 [INFO] PluginManage:359 - Loaded plugin updater (category:base,tabindex:12)
2025-12-19 11:11:15,574 [INFO] PluginManage:310 - Check plugin userauth
2025-12-19 11:11:15,577 [INFO] UserAuth:118 - Init User Auth plugin
2025-12-19 11:11:15,577 [INFO] PluginManage:359 - Loaded plugin userauth (category:base,tabindex:14)
2025-12-19 11:11:15,577 [INFO] PluginManage:283 - PluginManage : Loaded plugins [18]
2025-12-19 11:11:15,682 [INFO] PinOutPanel:1589 - setPackage(No Configuration,No Configuration)
2025-12-19 11:11:15,723 [INFO] CADModel:165 - CPN selected for project level
2025-12-19 11:11:15,723 [INFO] CADModel:114 - Register for checkConnection events
2025-12-19 11:11:15,732 [INFO] IPUIPlugin:80 - create IPUIPlugin
2025-12-19 11:11:15,734 [INFO] PluginManager:220 - loadIPPluginJar : add plateformsettings
2025-12-19 11:11:15,739 [INFO] IPUIPlugin:80 - create IPUIPlugin
2025-12-19 11:11:15,739 [INFO] PluginManager:220 - loadIPPluginJar : add cryp
2025-12-19 11:11:15,740 [INFO] IPUIPlugin:80 - create IPUIPlugin
2025-12-19 11:11:15,741 [INFO] PluginManager:220 - loadIPPluginJar : add ucpd
2025-12-19 11:11:15,746 [INFO] IPUIPlugin:80 - create IPUIPlugin
2025-12-19 11:11:15,747 [INFO] PluginManager:220 - loadIPPluginJar : add stm32_wpan
2025-12-19 11:11:15,748 [INFO] IPUIPlugin:80 - create IPUIPlugin
2025-12-19 11:11:15,748 [INFO] PluginManager:220 - loadIPPluginJar : add lorawan
2025-12-19 11:11:15,749 [INFO] IPUIPlugin:80 - create IPUIPlugin
2025-12-19 11:11:15,749 [INFO] PluginManager:220 - loadIPPluginJar : add pdm2pcm
2025-12-19 11:11:15,751 [INFO] IPUIPlugin:80 - create IPUIPlugin
2025-12-19 11:11:15,751 [INFO] PluginManager:220 - loadIPPluginJar : add opamp
2025-12-19 11:11:15,753 [INFO] IPUIPlugin:80 - create IPUIPlugin
2025-12-19 11:11:15,753 [INFO] PluginManager:220 - loadIPPluginJar : add usbx
2025-12-19 11:11:15,757 [INFO] IPUIPlugin:80 - create IPUIPlugin
2025-12-19 11:11:15,757 [INFO] PluginManager:220 - loadIPPluginJar : add adc
2025-12-19 11:11:15,758 [INFO] IPUIPlugin:80 - create IPUIPlugin
2025-12-19 11:11:15,758 [INFO] PluginManager:220 - loadIPPluginJar : add tsc
2025-12-19 11:11:15,762 [INFO] IPUIPlugin:80 - create IPUIPlugin
2025-12-19 11:11:15,762 [INFO] PluginManager:220 - loadIPPluginJar : add gpio
2025-12-19 11:11:15,763 [INFO] IPUIPlugin:80 - create IPUIPlugin
2025-12-19 11:11:15,763 [INFO] PluginManager:220 - loadIPPluginJar : add fatfs
2025-12-19 11:11:15,764 [INFO] IPUIPlugin:80 - create IPUIPlugin
2025-12-19 11:11:15,764 [INFO] PluginManager:220 - loadIPPluginJar : add dfsdm
2025-12-19 11:11:15,768 [INFO] IPUIPlugin:80 - create IPUIPlugin
2025-12-19 11:11:15,768 [INFO] PluginManager:220 - loadIPPluginJar : add mdma
2025-12-19 11:11:15,769 [INFO] IPUIPlugin:80 - create IPUIPlugin
2025-12-19 11:11:15,769 [INFO] PluginManager:220 - loadIPPluginJar : add ltdc
2025-12-19 11:11:15,772 [INFO] IPUIPlugin:80 - create IPUIPlugin
2025-12-19 11:11:15,772 [INFO] PluginManager:220 - loadIPPluginJar : add nvic
2025-12-19 11:11:15,773 [INFO] IPUIPlugin:80 - create IPUIPlugin
2025-12-19 11:11:15,773 [INFO] PluginManager:220 - loadIPPluginJar : add tracer_emb
2025-12-19 11:11:15,775 [INFO] IPUIPlugin:80 - create IPUIPlugin
2025-12-19 11:11:15,775 [INFO] PluginManager:220 - loadIPPluginJar : add dma3
2025-12-19 11:11:15,776 [INFO] IPUIPlugin:80 - create IPUIPlugin
2025-12-19 11:11:15,776 [INFO] PluginManager:220 - loadIPPluginJar : add radio
2025-12-19 11:11:15,779 [INFO] IPUIPlugin:80 - create IPUIPlugin
2025-12-19 11:11:15,779 [INFO] PluginManager:220 - loadIPPluginJar : add resmgrutility
2025-12-19 11:11:15,781 [INFO] IPUIPlugin:80 - create IPUIPlugin
2025-12-19 11:11:15,781 [INFO] PluginManager:220 - loadIPPluginJar : add touchsensing
2025-12-19 11:11:15,786 [INFO] IPUIPlugin:80 - create IPUIPlugin
2025-12-19 11:11:15,786 [INFO] PluginManager:220 - loadIPPluginJar : add freertos
2025-12-19 11:11:15,788 [INFO] IPUIPlugin:80 - create IPUIPlugin
2025-12-19 11:11:15,788 [INFO] PluginManager:220 - loadIPPluginJar : add can
2025-12-19 11:11:15,792 [INFO] IPUIPlugin:80 - create IPUIPlugin
2025-12-19 11:11:15,792 [INFO] PluginManager:220 - loadIPPluginJar : add dma
2025-12-19 11:11:15,794 [INFO] IPUIPlugin:80 - create IPUIPlugin
2025-12-19 11:11:15,794 [INFO] PluginManager:220 - loadIPPluginJar : add gtzc
2025-12-19 11:11:15,799 [INFO] IPUIPlugin:80 - create IPUIPlugin
2025-12-19 11:11:15,799 [INFO] PluginManager:220 - loadIPPluginJar : add linkedlist
2025-12-19 11:11:15,800 [INFO] IPUIPlugin:80 - create IPUIPlugin
2025-12-19 11:11:15,801 [INFO] PluginManager:220 - loadIPPluginJar : add aes
2025-12-19 11:11:15,801 [INFO] IPUIPlugin:80 - create IPUIPlugin
2025-12-19 11:11:15,802 [INFO] PluginManager:220 - loadIPPluginJar : add comp
2025-12-19 11:11:15,803 [INFO] IPUIPlugin:80 - create IPUIPlugin
2025-12-19 11:11:15,803 [INFO] PluginManager:220 - loadIPPluginJar : add gfxmmu
2025-12-19 11:11:15,804 [INFO] IPUIPlugin:80 - create IPUIPlugin
2025-12-19 11:11:15,804 [INFO] PluginManager:220 - loadIPPluginJar : add i3c
2025-12-19 11:11:15,805 [INFO] IPUIPlugin:80 - create IPUIPlugin
2025-12-19 11:11:15,805 [INFO] PluginManager:220 - loadIPPluginJar : add genericplugin
2025-12-19 11:11:15,807 [INFO] IPUIPlugin:80 - create IPUIPlugin
2025-12-19 11:11:15,808 [INFO] PluginManager:220 - loadIPPluginJar : add ddr_ctrl_phy
2025-12-19 11:11:15,809 [INFO] IPUIPlugin:80 - create IPUIPlugin
2025-12-19 11:11:15,809 [INFO] PluginManager:220 - loadIPPluginJar : add i2c
2025-12-19 11:11:15,810 [INFO] IPUIPlugin:80 - create IPUIPlugin
2025-12-19 11:11:15,810 [INFO] PluginManager:220 - loadIPPluginJar : add tim
2025-12-19 11:11:15,811 [INFO] IPUIPlugin:80 - create IPUIPlugin
2025-12-19 11:11:15,812 [INFO] PluginManager:220 - loadIPPluginJar : add spi
2025-12-19 11:11:15,813 [INFO] IPUIPlugin:80 - create IPUIPlugin
2025-12-19 11:11:15,813 [INFO] PluginManager:220 - loadIPPluginJar : add hash
2025-12-19 11:11:15,814 [INFO] IPUIPlugin:80 - create IPUIPlugin
2025-12-19 11:11:15,814 [INFO] PluginManager:220 - loadIPPluginJar : add openamp
2025-12-19 11:11:15,817 [INFO] IPUIPlugin:80 - create IPUIPlugin
2025-12-19 11:11:15,817 [INFO] PluginManager:220 - loadIPPluginJar : add fmc
2025-12-19 11:11:15,818 [INFO] IPUIPlugin:80 - create IPUIPlugin
2025-12-19 11:11:15,818 [INFO] PluginManager:220 - loadIPPluginJar : add usart
2025-12-19 11:11:15,819 [INFO] IPUIPlugin:80 - create IPUIPlugin
2025-12-19 11:11:15,819 [INFO] PluginManager:220 - loadIPPluginJar : add quadspi
2025-12-19 11:11:15,823 [INFO] IPUIPlugin:80 - create IPUIPlugin
2025-12-19 11:11:15,823 [INFO] PluginManager:220 - loadIPPluginJar : add gic
2025-12-19 11:11:15,825 [INFO] IPUIPlugin:80 - create IPUIPlugin
2025-12-19 11:11:15,825 [INFO] PluginManager:220 - loadIPPluginJar : add extmemmanager
2025-12-19 11:11:15,827 [INFO] IPUIPlugin:80 - create IPUIPlugin
2025-12-19 11:11:15,827 [INFO] PluginManager:220 - loadIPPluginJar : add sai
2025-12-19 11:11:15,828 [INFO] IPUIPlugin:80 - create IPUIPlugin
2025-12-19 11:11:15,828 [INFO] PluginManager:220 - loadIPPluginJar : add ts
2025-12-19 11:11:15,830 [INFO] IPUIPlugin:80 - create IPUIPlugin
2025-12-19 11:11:15,830 [INFO] PluginManager:220 - loadIPPluginJar : add ipddr
2025-12-19 11:11:15,831 [INFO] IPUIPlugin:80 - create IPUIPlugin
2025-12-19 11:11:15,831 [INFO] PluginManager:220 - loadIPPluginJar : add i2s
2025-12-19 11:11:15,919 [FATAL] Updater:351 - Updater called before beeing initialized
2025-12-19 11:11:15,934 [INFO] RulesReader:64 - Compatibility file has been processed (317 Rules)
2025-12-19 11:11:15,940 [INFO] RulesReader:64 - Compatibility file has been processed (317 Rules)
2025-12-19 11:11:15,944 [INFO] CADModel:165 - CPN selected for project level
2025-12-19 11:11:15,944 [INFO] CADModel:114 - Register for checkConnection events
2025-12-19 11:11:15,944 [FATAL] Updater:351 - Updater called before beeing initialized
2025-12-19 11:11:15,944 [ERROR] CADModel:125 - Updater not yet initialized, retry later 
2025-12-19 11:11:16,018 [FATAL] Updater:351 - Updater called before beeing initialized
2025-12-19 11:11:16,019 [INFO] CADModel:165 - CPN selected for project level
2025-12-19 11:11:16,019 [INFO] CADModel:114 - Register for checkConnection events
2025-12-19 11:11:16,019 [FATAL] Updater:351 - Updater called before beeing initialized
2025-12-19 11:11:16,019 [ERROR] CADModel:125 - Updater not yet initialized, retry later 
2025-12-19 11:11:16,021 [FATAL] Updater:351 - Updater called before beeing initialized
2025-12-19 11:11:16,070 [FATAL] Updater:351 - Updater called before beeing initialized
2025-12-19 11:11:16,073 [INFO] DbMcusAds:53 - JSON generation date=Mon Nov 10 19:43:01 KST 2025 (1762771381096)
2025-12-19 11:11:16,073 [FATAL] Updater:351 - Updater called before beeing initialized
2025-12-19 11:11:16,096 [WARN] DetailPanel:346 - Failed to get advertising image, set to default
2025-12-19 11:11:16,140 [FATAL] Updater:351 - Updater called before beeing initialized
2025-12-19 11:11:16,141 [FATAL] Updater:351 - Updater called before beeing initialized
2025-12-19 11:11:16,141 [FATAL] Updater:351 - Updater called before beeing initialized
2025-12-19 11:11:16,141 [WARN] DetailPanel:346 - Failed to get advertising image, set to default
2025-12-19 11:11:16,142 [FATAL] Updater:351 - Updater called before beeing initialized
2025-12-19 11:11:16,160 [ERROR] Updater:1198 - MainUpdater not yet initialized. External WinMGr cannot be set.
2025-12-19 11:11:16,161 [INFO] Updater:1134 - Updater Version found : 6.15.0
2025-12-19 11:11:16,174 [INFO] ApplicationProperties:184 - Using Application install path: /opt/st/stm32cubeide_1.19.0/plugins/com.st.stm32cube.common.mx_6.15.0.202507011659
2025-12-19 11:11:16,183 [ERROR] LogOutputStream:75 - [STDERR_REDIRECT] Dec 19, 2025 11:11:16 AM java.util.prefs.FileSystemPreferences$2 run
2025-12-19 11:11:16,183 [ERROR] LogOutputStream:75 - [STDERR_REDIRECT] WARNING: Could not create system preferences directory. System preferences are unusable.
2025-12-19 11:11:16,183 [ERROR] LogOutputStream:75 - [STDERR_REDIRECT] 
2025-12-19 11:11:16,840 [INFO] MainUpdater:2872 - connection check result : 10
2025-12-19 11:11:16,840 [INFO] MainUpdater:3604 - Updater definition file requires update
2025-12-19 11:11:16,840 [INFO] MainUpdater:289 - Updater Check For Update Now.
2025-12-19 11:11:16,840 [INFO] MicroXplorer:498 - Change Database Version : DB.6.0.150
2025-12-19 11:11:16,843 [INFO] McuFinderGlobals:63 - Set McuFinder mode to 2 (CubeIDE integrated)
2025-12-19 11:11:16,843 [INFO] UserAuth:171 - activating auth plugin
2025-12-19 11:11:16,844 [INFO] UserAuth:487 - Internet connection configuration mode: 1
2025-12-19 11:11:16,858 [INFO] JxBrowserEngine:152 - Initiate JxBrowser Engine with user profile folder
2025-12-19 11:11:17,669 [INFO] ServerAccessManage:452 - Complete download http(s) 200
2025-12-19 11:11:17,670 [INFO] ServerAccessManage:509 - Download File updaters.zip
2025-12-19 11:11:17,898 [INFO] WebApp:169 - Instantiating new browser for Auth
2025-12-19 11:11:18,327 [INFO] FileExtend:248 - Unzip File : updaters.zip
2025-12-19 11:11:18,327 [INFO] FileExtend:263 - Standard Zip Deflate
2025-12-19 11:11:18,438 [WARN] MainUpdater:1193 - Updater busy. Cannot search thirdparties
2025-12-19 11:11:18,439 [INFO] ThirdPartyUpdaterWithRetryManager:96 - Updater plugin is busy. [1/15]
2025-12-19 11:11:18,516 [INFO] WebApp:463 - Apply proxy settings
2025-12-19 11:11:18,517 [INFO] WebApp:548 - Chromium requires no authentication
2025-12-19 11:11:18,522 [INFO] WebApp:491 - Direct internet connection detected
2025-12-19 11:11:18,535 [INFO] WebApp:900 - Register for checkConnection events
2025-12-19 11:11:18,535 [INFO] WebApp:463 - Apply proxy settings
2025-12-19 11:11:18,535 [INFO] WebApp:548 - Chromium requires no authentication
2025-12-19 11:11:18,535 [INFO] WebApp:491 - Direct internet connection detected
2025-12-19 11:11:18,572 [INFO] ServerAccessManage:452 - Complete download http(s) 200
2025-12-19 11:11:18,572 [INFO] ServerAccessManage:509 - Download File PacksControlFlags.xml
2025-12-19 11:11:18,620 [INFO] WebApp:225 - Starting web application
2025-12-19 11:11:18,620 [INFO] WebApp:593 - Web application path used /opt/st/stm32cubeide_1.19.0/plugins/com.st.stm32cube.common.mx_6.15.0.202507011659/db/plugins/mcufinder/reactClient1/index.html
2025-12-19 11:11:18,779 [INFO] ServerAccessManage:452 - Complete download http(s) 200
2025-12-19 11:11:18,779 [INFO] ServerAccessManage:509 - Download File cubemx.pidx
2025-12-19 11:11:18,951 [INFO] WebApp:191 - Connection restablished
2025-12-19 11:11:19,960 [INFO] ServerAccessManage:452 - Complete download http(s) 200
2025-12-19 11:11:19,960 [INFO] ServerAccessManage:509 - Download File STMicroelectronics.X-CUBE-FREERTOS.pdsc
2025-12-19 11:11:21,439 [WARN] MainUpdater:1193 - Updater busy. Cannot search thirdparties
2025-12-19 11:11:21,439 [INFO] ThirdPartyUpdaterWithRetryManager:96 - Updater plugin is busy. [2/15]
2025-12-19 11:11:24,439 [WARN] MainUpdater:1193 - Updater busy. Cannot search thirdparties
2025-12-19 11:11:24,439 [INFO] ThirdPartyUpdaterWithRetryManager:96 - Updater plugin is busy. [3/15]
2025-12-19 11:11:25,754 [INFO] ServerAccessManage:452 - Complete download http(s) 200
2025-12-19 11:11:25,755 [INFO] ServerAccessManage:509 - Download File STMicroelectronics.X-CUBE-MEMS1.pdsc
2025-12-19 11:11:27,440 [WARN] MainUpdater:1193 - Updater busy. Cannot search thirdparties
2025-12-19 11:11:27,440 [INFO] ThirdPartyUpdaterWithRetryManager:96 - Updater plugin is busy. [4/15]
2025-12-19 11:11:30,440 [WARN] MainUpdater:1193 - Updater busy. Cannot search thirdparties
2025-12-19 11:11:30,440 [INFO] ThirdPartyUpdaterWithRetryManager:96 - Updater plugin is busy. [5/15]
2025-12-19 11:11:33,441 [WARN] MainUpdater:1193 - Updater busy. Cannot search thirdparties
2025-12-19 11:11:33,441 [INFO] ThirdPartyUpdaterWithRetryManager:96 - Updater plugin is busy. [6/15]
2025-12-19 11:11:36,441 [WARN] MainUpdater:1193 - Updater busy. Cannot search thirdparties
2025-12-19 11:11:36,441 [INFO] ThirdPartyUpdaterWithRetryManager:96 - Updater plugin is busy. [7/15]
2025-12-19 11:11:39,442 [WARN] MainUpdater:1193 - Updater busy. Cannot search thirdparties
2025-12-19 11:11:39,442 [INFO] ThirdPartyUpdaterWithRetryManager:96 - Updater plugin is busy. [8/15]
2025-12-19 11:11:42,442 [WARN] MainUpdater:1193 - Updater busy. Cannot search thirdparties
2025-12-19 11:11:42,442 [INFO] ThirdPartyUpdaterWithRetryManager:96 - Updater plugin is busy. [9/15]
2025-12-19 11:11:44,344 [INFO] ServerAccessManage:452 - Complete download http(s) 200
2025-12-19 11:11:44,345 [INFO] ServerAccessManage:509 - Download File STMicroelectronics.X-CUBE-AZRTOS-H7RS.pdsc
2025-12-19 11:11:45,443 [WARN] MainUpdater:1193 - Updater busy. Cannot search thirdparties
2025-12-19 11:11:45,443 [INFO] ThirdPartyUpdaterWithRetryManager:96 - Updater plugin is busy. [10/15]
2025-12-19 11:11:45,880 [ERROR] LogOutputStream:75 - [STDERR_REDIRECT] Dec 19, 2025 11:11:45 AM java.util.prefs.FileSystemPreferences checkLockFile0ErrorCode
2025-12-19 11:11:45,881 [ERROR] LogOutputStream:75 - [STDERR_REDIRECT] WARNING: Could not lock System prefs. Unix error code 2.
2025-12-19 11:11:45,881 [ERROR] LogOutputStream:75 - [STDERR_REDIRECT] 
2025-12-19 11:11:45,882 [ERROR] LogOutputStream:75 - [STDERR_REDIRECT] Dec 19, 2025 11:11:45 AM java.util.prefs.FileSystemPreferences syncWorld
2025-12-19 11:11:45,882 [ERROR] LogOutputStream:75 - [STDERR_REDIRECT] WARNING: Couldn't flush system prefs: java.util.prefs.BackingStoreException: Couldn't get file lock.
2025-12-19 11:11:45,882 [ERROR] LogOutputStream:75 - [STDERR_REDIRECT] 
2025-12-19 11:11:46,631 [WARN] PackLoader:240 - Cannot read IP mode file for STMicroelectronics.X-CUBE-FREERTOS.1.4.0
2025-12-19 11:11:46,667 [WARN] PackLoader:240 - Cannot read IP mode file for STMicroelectronics.X-CUBE-MEMS1.12.0.0
2025-12-19 11:11:46,737 [WARN] PackLoader:240 - Cannot read IP mode file for STMicroelectronics.X-CUBE-AZRTOS-H7RS.1.2.0
2025-12-19 11:11:46,739 [INFO] PopulateThirdPartyThread:66 - Ending populate Thread
2025-12-19 11:11:46,740 [INFO] ThirdParty:1030 - CMSIS Pack Vendor :STMicroelectronics X-CUBE-FREERTOS 1.4.0
2025-12-19 11:11:46,740 [INFO] ThirdParty:1030 - CMSIS Pack Vendor :STMicroelectronics X-CUBE-MEMS1 12.0.0
2025-12-19 11:11:46,740 [INFO] ThirdParty:1030 - CMSIS Pack Vendor :STMicroelectronics X-CUBE-AZRTOS-H7RS 1.2.0
2025-12-19 11:11:46,741 [INFO] LoadServerUpdatesThread:375 - End of LoadServerUpdate Thread
2025-12-19 11:11:46,747 [INFO] CheckServerUpdateThread:120 - End of CheckServer Thread
2025-12-19 11:11:48,512 [WARN] PackLoader:240 - Cannot read IP mode file for STMicroelectronics.FP-SNS-MOTENVWB1.1.4.0
2025-12-19 11:11:48,514 [WARN] PackLoader:240 - Cannot read IP mode file for STMicroelectronics.FP-ATR-ASTRA1.2.0.2
2025-12-19 11:11:48,517 [WARN] PackLoader:240 - Cannot read IP mode file for STMicroelectronics.X-CUBE-SMBUS.2.1.0
2025-12-19 11:11:48,519 [WARN] PackLoader:240 - Cannot read IP mode file for STMicroelectronics.X-CUBE-ST60.1.0.0
2025-12-19 11:11:48,525 [WARN] PackLoader:240 - Cannot read IP mode file for STMicroelectronics.X-CUBE-AZRTOS-F7.1.1.0
2025-12-19 11:11:48,527 [WARN] PackLoader:240 - Cannot read IP mode file for Cesanta.I-CUBE-Mongoose.7.19.0
2025-12-19 11:11:48,529 [WARN] PackLoader:240 - Cannot read IP mode file for STMicroelectronics.FP-SNS-MOTENV1.5.1.0
2025-12-19 11:11:48,531 [WARN] PackLoader:240 - Cannot read IP mode file for WES.I-CUBE-Cesium.1.4.0
2025-12-19 11:11:48,539 [WARN] PackLoader:240 - Cannot read IP mode file for Infineon.AIROC-Wi-Fi-Bluetooth-STM32.1.7.1
2025-12-19 11:11:48,548 [WARN] PackLoader:240 - Cannot read IP mode file for STMicroelectronics.X-CUBE-AZRTOS-H7.3.4.0
2025-12-19 11:11:48,552 [WARN] PackLoader:240 - Cannot read IP mode file for STMicroelectronics.X-CUBE-DISPLAY.3.0.0
2025-12-19 11:11:48,556 [WARN] PackLoader:240 - Cannot read IP mode file for STMicroelectronics.X-CUBE-NFC10.1.0.0
2025-12-19 11:11:48,558 [WARN] PackLoader:240 - Cannot read IP mode file for STMicroelectronics.X-CUBE-ST60.1.1.0
2025-12-19 11:11:48,560 [WARN] PackLoader:240 - Cannot read IP mode file for emotas.I-CUBE-CANOPEN.1.3.0
2025-12-19 11:11:48,562 [WARN] PackLoader:240 - Cannot read IP mode file for STMicroelectronics.X-CUBE-GNSS1.7.1.0
2025-12-19 11:11:48,565 [WARN] PackLoader:240 - Cannot read IP mode file for STMicroelectronics.FP-SNS-STBOX1.2.1.0
2025-12-19 11:11:48,567 [WARN] PackLoader:240 - Cannot read IP mode file for STMicroelectronics.FP-SNS-SMARTAG2.1.2.0
2025-12-19 11:11:48,568 [WARN] PackLoader:240 - Cannot read IP mode file for STMicroelectronics.FP-SNS-FLIGHT1.5.1.0
2025-12-19 11:11:48,572 [INFO] LogOutputStream:77 - [STDOUT_REDIRECT] 1 : Invalid condition id : UX_CORESTACK_Condition cause : null
2025-12-19 11:11:48,572 [INFO] LogOutputStream:77 - [STDOUT_REDIRECT] 1 : Invalid condition id : UX_CORESTACK_Condition cause : null
2025-12-19 11:11:48,572 [INFO] LogOutputStream:77 - [STDOUT_REDIRECT] 1 : Invalid condition id : UX_CORESTACK_Condition cause : null
2025-12-19 11:11:48,572 [INFO] LogOutputStream:77 - [STDOUT_REDIRECT] 1 : Invalid condition id : UX_CORESTACK_Condition cause : null
2025-12-19 11:11:48,572 [INFO] LogOutputStream:77 - [STDOUT_REDIRECT] 1 : Invalid condition id : UX_CORESTACK_Condition cause : null
2025-12-19 11:11:48,573 [WARN] PackLoader:240 - Cannot read IP mode file for STMicroelectronics.X-CUBE-AZRTOS-WL.2.0.0
2025-12-19 11:11:48,575 [WARN] PackLoader:240 - Cannot read IP mode file for STMicroelectronics.FP-SNS-MOTENV1.5.0.0
2025-12-19 11:11:48,581 [WARN] PackLoader:240 - Cannot read IP mode file for STMicroelectronics.X-CUBE-AZRTOS-H7RS.1.2.0
2025-12-19 11:11:48,584 [WARN] PackLoader:240 - Cannot read IP mode file for STMicroelectronics.X-CUBE-BLE2.3.3.0
2025-12-19 11:11:48,592 [WARN] PackLoader:240 - Cannot read IP mode file for STMicroelectronics.X-CUBE-NFC9.1.0.0
2025-12-19 11:11:48,595 [WARN] PackLoader:240 - Cannot read IP mode file for wolfSSL.I-CUBE-wolfSSL.5.8.2
2025-12-19 11:11:48,596 [WARN] PackLoader:240 - Cannot read IP mode file for STMicroelectronics.X-CUBE-BLE1.7.1.0
2025-12-19 11:11:48,597 [WARN] PackLoader:240 - Cannot read IP mode file for wolfSSL.I-CUBE-wolfMQTT.1.19.2
2025-12-19 11:11:48,599 [WARN] PackLoader:240 - Cannot read IP mode file for STMicroelectronics.X-CUBE-FREERTOS.1.4.0
2025-12-19 11:11:48,601 [WARN] PackLoader:240 - Cannot read IP mode file for STMicroelectronics.X-CUBE-EEPRMA1.5.2.0
2025-12-19 11:11:48,604 [WARN] PackLoader:240 - Cannot read IP mode file for STMicroelectronics.X-CUBE-ST67W61.1.1.0
2025-12-19 11:11:48,621 [WARN] PackLoader:240 - Cannot read IP mode file for STMicroelectronics.X-CUBE-MEMS1.12.0.0
2025-12-19 11:11:48,665 [WARN] PackLoader:240 - Cannot read IP mode file for STMicroelectronics.X-CUBE-AZRTOS-G0.1.1.0
2025-12-19 11:11:48,679 [WARN] PackLoader:240 - Cannot read IP mode file for STMicroelectronics.X-CUBE-SAFEA1.1.2.2
2025-12-19 11:11:48,685 [WARN] PackLoader:240 - Cannot read IP mode file for STMicroelectronics.X-CUBE-NFC4.3.0.0
2025-12-19 11:11:48,692 [WARN] PackLoader:240 - Cannot read IP mode file for EmbeddedOffice.I-CUBE-FS-RTOS.1.0.1
2025-12-19 11:11:48,697 [WARN] PackLoader:240 - Cannot read IP mode file for STMicroelectronics.X-CUBE-WB05N.2.0.0
2025-12-19 11:11:48,700 [WARN] PackLoader:240 - Cannot read IP mode file for wolfSSL.I-CUBE-wolfTPM.3.8.0
2025-12-19 11:11:48,705 [WARN] PackLoader:240 - Cannot read IP mode file for STMicroelectronics.X-CUBE-TCPP.4.2.0
2025-12-19 11:11:48,709 [WARN] PackLoader:240 - Cannot read IP mode file for RealThread.X-CUBE-RT-Thread_Nano.4.1.1
2025-12-19 11:11:48,712 [WARN] PackLoader:240 - Cannot read IP mode file for STMicroelectronics.FP-ATR-SIGFOX1.3.2.0
2025-12-19 11:11:48,716 [WARN] PackLoader:240 - Cannot read IP mode file for ITTIA_DB.I-CUBE-ITTIADB.8.9.0
2025-12-19 11:11:48,721 [WARN] PackLoader:240 - Cannot read IP mode file for STMicroelectronics.X-CUBE-ST67W61.1.0.0
2025-12-19 11:11:48,725 [WARN] PackLoader:240 - Cannot read IP mode file for STMicroelectronics.X-CUBE-AI.10.2.0
2025-12-19 11:11:48,743 [WARN] PackLoader:240 - Cannot read IP mode file for SEGGER.I-CUBE-embOS.1.3.1
2025-12-19 11:11:48,761 [WARN] PackLoader:240 - Cannot read IP mode file for STMicroelectronics.X-CUBE-ALGOBUILD.1.4.0
2025-12-19 11:11:48,781 [WARN] PackLoader:240 - Cannot read IP mode file for STMicroelectronics.X-CUBE-MEMS1.11.3.0
2025-12-19 11:11:48,829 [WARN] PackLoader:240 - Cannot read IP mode file for STMicroelectronics.X-CUBE-PM33A1.1.0.0
2025-12-19 11:11:48,843 [WARN] PackLoader:240 - Cannot read IP mode file for STMicroelectronics.X-CUBE-AZRTOS-F4.1.1.0
2025-12-19 11:11:48,846 [WARN] PackLoader:240 - Cannot read IP mode file for STMicroelectronics.X-CUBE-ISPU.2.1.0
2025-12-19 11:11:48,850 [WARN] PackLoader:240 - Cannot read IP mode file for STMicroelectronics.X-CUBE-IPS.3.2.0
2025-12-19 11:11:48,856 [WARN] PackLoader:240 - Cannot read IP mode file for STMicroelectronics.X-CUBE-NFC12.1.0.0
2025-12-19 11:11:48,867 [WARN] PackLoader:240 - Cannot read IP mode file for STMicroelectronics.X-CUBE-AZRTOS-L5.2.0.0
2025-12-19 11:11:48,874 [WARN] PackLoader:240 - Cannot read IP mode file for STMicroelectronics.X-CUBE-NFC6.3.1.0
2025-12-19 11:11:48,879 [WARN] PackLoader:240 - Cannot read IP mode file for STMicroelectronics.X-CUBE-FREERTOS.1.3.1
2025-12-19 11:11:48,882 [WARN] PackLoader:240 - Cannot read IP mode file for STMicroelectronics.X-CUBE-TOUCHGFX.4.26.0
2025-12-19 11:11:48,886 [WARN] PackLoader:240 - Cannot read IP mode file for STMicroelectronics.FP-SNS-STAIOTCFT.1.0.0
2025-12-19 11:11:48,890 [WARN] PackLoader:240 - Cannot read IP mode file for STMicroelectronics.X-CUBE-DPower.1.3.0
2025-12-19 11:11:48,900 [WARN] ConditionMgr:438 - getConditionDescription Invalid condition id : LAN8742 Phy interface Condition cause : null
2025-12-19 11:11:48,900 [WARN] PackLoader:240 - Cannot read IP mode file for STMicroelectronics.X-CUBE-AZRTOS-L4.2.0.0
2025-12-19 11:11:48,901 [WARN] ConditionMgr:1044 - genDependencies : Invalid condition id : LAN8742 Phy interface Condition cause : null
2025-12-19 11:11:48,901 [WARN] ConditionMgr:1044 - genDependencies : Invalid condition id : LAN8742 Phy interface Condition cause : null
2025-12-19 11:11:48,902 [WARN] ConditionMgr:1044 - genDependencies : Invalid condition id : LAN8742 Phy interface Condition cause : null
2025-12-19 11:11:48,906 [WARN] PackLoader:240 - Cannot read IP mode file for STMicroelectronics.X-CUBE-SFXS2LP1.4.0.0
2025-12-19 11:11:48,913 [WARN] PackLoader:240 - Cannot read IP mode file for STMicroelectronics.X-CUBE-BLEMGR.4.1.0
2025-12-19 11:11:48,922 [WARN] ConditionMgr:438 - getConditionDescription Invalid condition id : UX DEVICE CLASS RTOS Condition cause : null
2025-12-19 11:11:48,922 [WARN] ConditionMgr:438 - getConditionDescription Invalid condition id : UX DEVICE CLASS RTOS Condition cause : null
2025-12-19 11:11:48,924 [WARN] PackLoader:240 - Cannot read IP mode file for STMicroelectronics.X-CUBE-AZRTOS-WB.2.0.0
2025-12-19 11:11:48,924 [WARN] ConditionMgr:1044 - genDependencies : Invalid condition id : UX DEVICE CLASS RTOS Condition cause : null
2025-12-19 11:11:48,924 [WARN] ConditionMgr:1044 - genDependencies : Invalid condition id : UX DEVICE CLASS RTOS Condition cause : null
2025-12-19 11:11:48,924 [WARN] ConditionMgr:1044 - genDependencies : Invalid condition id : UX DEVICE CLASS RTOS Condition cause : null
2025-12-19 11:11:48,925 [WARN] ConditionMgr:1044 - genDependencies : Invalid condition id : UX DEVICE CLASS RTOS Condition cause : null
2025-12-19 11:11:48,925 [WARN] ConditionMgr:1044 - genDependencies : Invalid condition id : UX DEVICE CLASS RTOS Condition cause : null
2025-12-19 11:11:48,929 [WARN] PackLoader:240 - Cannot read IP mode file for STMicroelectronics.X-CUBE-GNSS1.7.0.1
2025-12-19 11:11:48,931 [WARN] ConditionMgr:438 - getConditionDescription Invalid condition id : Cortex-A Device cause : null
2025-12-19 11:11:48,936 [WARN] ConditionMgr:1044 - genDependencies : Invalid condition id : Cortex-A Device cause : null
2025-12-19 11:11:48,937 [WARN] ConditionMgr:1044 - genDependencies : Invalid condition id : Cortex-A Device cause : null
2025-12-19 11:11:48,937 [WARN] ConditionMgr:1044 - genDependencies : Invalid condition id : Cortex-A Device cause : null
2025-12-19 11:11:48,942 [WARN] PackLoader:240 - Cannot read IP mode file for STMicroelectronics.X-CUBE-SUBG2.5.0.0
2025-12-19 11:11:48,956 [WARN] PackLoader:240 - Cannot read IP mode file for STMicroelectronics.X-CUBE-AZRTOS-H7RS.1.1.0
2025-12-19 11:11:48,963 [WARN] PackLoader:240 - Cannot read IP mode file for STMicroelectronics.X-CUBE-AZRTOS-G4.2.0.0
2025-12-19 11:11:48,967 [WARN] PackLoader:240 - Cannot read IP mode file for wolfSSL.I-CUBE-wolfSSH.1.4.20
2025-12-19 11:11:48,970 [WARN] PackLoader:240 - Cannot read IP mode file for STMicroelectronics.X-CUBE-NFC7.2.0.0
2025-12-19 11:11:48,976 [WARN] PackLoader:240 - Cannot read IP mode file for STMicroelectronics.X-CUBE-IPS.3.1.0
2025-12-19 11:11:48,980 [WARN] PackLoader:240 - Cannot read IP mode file for STMicroelectronics.X-CUBE-ALS.1.0.2
2025-12-19 11:11:48,984 [WARN] PackLoader:240 - Cannot read IP mode file for STMicroelectronics.X-CUBE-STSE01.1.0.0
2025-12-19 11:11:48,988 [WARN] PackLoader:240 - Cannot read IP mode file for STMicroelectronics.X-CUBE-TOF1.3.4.3
2025-12-19 11:11:48,993 [INFO] ThirdParty:978 - Integrity check success = true
2025-12-19 11:11:48,993 [INFO] IntegrityCheckThread:100 - exiting critical section [integrity check]
2025-12-19 11:11:48,993 [INFO] IntegrityCheckThread:103 - End integrity checks thread
2025-12-19 11:12:15,875 [ERROR] LogOutputStream:75 - [STDERR_REDIRECT] Dec 19, 2025 11:12:15 AM java.util.prefs.FileSystemPreferences checkLockFile0ErrorCode
2025-12-19 11:12:15,876 [ERROR] LogOutputStream:75 - [STDERR_REDIRECT] WARNING: Could not lock System prefs. Unix error code 2.
2025-12-19 11:12:15,876 [ERROR] LogOutputStream:75 - [STDERR_REDIRECT] 
2025-12-19 11:12:15,876 [ERROR] LogOutputStream:75 - [STDERR_REDIRECT] Dec 19, 2025 11:12:15 AM java.util.prefs.FileSystemPreferences syncWorld
2025-12-19 11:12:15,876 [ERROR] LogOutputStream:75 - [STDERR_REDIRECT] WARNING: Couldn't flush system prefs: java.util.prefs.BackingStoreException: Couldn't get file lock.
2025-12-19 11:12:15,876 [ERROR] LogOutputStream:75 - [STDERR_REDIRECT] 
2025-12-19 11:12:45,876 [ERROR] LogOutputStream:75 - [STDERR_REDIRECT] Dec 19, 2025 11:12:45 AM java.util.prefs.FileSystemPreferences checkLockFile0ErrorCode
2025-12-19 11:12:45,876 [ERROR] LogOutputStream:75 - [STDERR_REDIRECT] WARNING: Could not lock System prefs. Unix error code 2.
2025-12-19 11:12:45,876 [ERROR] LogOutputStream:75 - [STDERR_REDIRECT] 
2025-12-19 11:12:45,876 [ERROR] LogOutputStream:75 - [STDERR_REDIRECT] Dec 19, 2025 11:12:45 AM java.util.prefs.FileSystemPreferences syncWorld
2025-12-19 11:12:45,877 [ERROR] LogOutputStream:75 - [STDERR_REDIRECT] WARNING: Couldn't flush system prefs: java.util.prefs.BackingStoreException: Couldn't get file lock.
2025-12-19 11:12:45,877 [ERROR] LogOutputStream:75 - [STDERR_REDIRECT] 
2025-12-19 11:13:15,876 [ERROR] LogOutputStream:75 - [STDERR_REDIRECT] Dec 19, 2025 11:13:15 AM java.util.prefs.FileSystemPreferences checkLockFile0ErrorCode
2025-12-19 11:13:15,876 [ERROR] LogOutputStream:75 - [STDERR_REDIRECT] WARNING: Could not lock System prefs. Unix error code 2.
2025-12-19 11:13:15,876 [ERROR] LogOutputStream:75 - [STDERR_REDIRECT] 
2025-12-19 11:13:15,876 [ERROR] LogOutputStream:75 - [STDERR_REDIRECT] Dec 19, 2025 11:13:15 AM java.util.prefs.FileSystemPreferences syncWorld
2025-12-19 11:13:15,876 [ERROR] LogOutputStream:75 - [STDERR_REDIRECT] WARNING: Couldn't flush system prefs: java.util.prefs.BackingStoreException: Couldn't get file lock.
2025-12-19 11:13:15,876 [ERROR] LogOutputStream:75 - [STDERR_REDIRECT] 
2025-12-19 11:13:45,876 [ERROR] LogOutputStream:75 - [STDERR_REDIRECT] Dec 19, 2025 11:13:45 AM java.util.prefs.FileSystemPreferences checkLockFile0ErrorCode
2025-12-19 11:13:45,876 [ERROR] LogOutputStream:75 - [STDERR_REDIRECT] WARNING: Could not lock System prefs. Unix error code 2.
2025-12-19 11:13:45,877 [ERROR] LogOutputStream:75 - [STDERR_REDIRECT] 
2025-12-19 11:13:45,877 [ERROR] LogOutputStream:75 - [STDERR_REDIRECT] Dec 19, 2025 11:13:45 AM java.util.prefs.FileSystemPreferences syncWorld
2025-12-19 11:13:45,877 [ERROR] LogOutputStream:75 - [STDERR_REDIRECT] WARNING: Couldn't flush system prefs: java.util.prefs.BackingStoreException: Couldn't get file lock.
2025-12-19 11:13:45,877 [ERROR] LogOutputStream:75 - [STDERR_REDIRECT] 
2025-12-19 11:14:15,876 [ERROR] LogOutputStream:75 - [STDERR_REDIRECT] Dec 19, 2025 11:14:15 AM java.util.prefs.FileSystemPreferences checkLockFile0ErrorCode
2025-12-19 11:14:15,876 [ERROR] LogOutputStream:75 - [STDERR_REDIRECT] WARNING: Could not lock System prefs. Unix error code 2.
2025-12-19 11:14:15,876 [ERROR] LogOutputStream:75 - [STDERR_REDIRECT] 
2025-12-19 11:14:15,876 [ERROR] LogOutputStream:75 - [STDERR_REDIRECT] Dec 19, 2025 11:14:15 AM java.util.prefs.FileSystemPreferences syncWorld
2025-12-19 11:14:15,876 [ERROR] LogOutputStream:75 - [STDERR_REDIRECT] WARNING: Couldn't flush system prefs: java.util.prefs.BackingStoreException: Couldn't get file lock.
2025-12-19 11:14:15,876 [ERROR] LogOutputStream:75 - [STDERR_REDIRECT] 
2025-12-19 11:14:45,876 [ERROR] LogOutputStream:75 - [STDERR_REDIRECT] Dec 19, 2025 11:14:45 AM java.util.prefs.FileSystemPreferences checkLockFile0ErrorCode
2025-12-19 11:14:45,876 [ERROR] LogOutputStream:75 - [STDERR_REDIRECT] WARNING: Could not lock System prefs. Unix error code 2.
2025-12-19 11:14:45,876 [ERROR] LogOutputStream:75 - [STDERR_REDIRECT] 
2025-12-19 11:14:45,876 [ERROR] LogOutputStream:75 - [STDERR_REDIRECT] Dec 19, 2025 11:14:45 AM java.util.prefs.FileSystemPreferences syncWorld
2025-12-19 11:14:45,876 [ERROR] LogOutputStream:75 - [STDERR_REDIRECT] WARNING: Couldn't flush system prefs: java.util.prefs.BackingStoreException: Couldn't get file lock.
2025-12-19 11:14:45,876 [ERROR] LogOutputStream:75 - [STDERR_REDIRECT] 
2025-12-19 11:15:15,875 [ERROR] LogOutputStream:75 - [STDERR_REDIRECT] Dec 19, 2025 11:15:15 AM java.util.prefs.FileSystemPreferences checkLockFile0ErrorCode
2025-12-19 11:15:15,876 [ERROR] LogOutputStream:75 - [STDERR_REDIRECT] WARNING: Could not lock System prefs. Unix error code 2.
2025-12-19 11:15:15,876 [ERROR] LogOutputStream:75 - [STDERR_REDIRECT] 
2025-12-19 11:15:15,876 [ERROR] LogOutputStream:75 - [STDERR_REDIRECT] Dec 19, 2025 11:15:15 AM java.util.prefs.FileSystemPreferences syncWorld
2025-12-19 11:15:15,876 [ERROR] LogOutputStream:75 - [STDERR_REDIRECT] WARNING: Couldn't flush system prefs: java.util.prefs.BackingStoreException: Couldn't get file lock.
2025-12-19 11:15:15,876 [ERROR] LogOutputStream:75 - [STDERR_REDIRECT] 
2025-12-19 11:15:45,876 [ERROR] LogOutputStream:75 - [STDERR_REDIRECT] Dec 19, 2025 11:15:45 AM java.util.prefs.FileSystemPreferences checkLockFile0ErrorCode
2025-12-19 11:15:45,876 [ERROR] LogOutputStream:75 - [STDERR_REDIRECT] WARNING: Could not lock System prefs. Unix error code 2.
2025-12-19 11:15:45,876 [ERROR] LogOutputStream:75 - [STDERR_REDIRECT] 
2025-12-19 11:15:45,876 [ERROR] LogOutputStream:75 - [STDERR_REDIRECT] Dec 19, 2025 11:15:45 AM java.util.prefs.FileSystemPreferences syncWorld
2025-12-19 11:15:45,876 [ERROR] LogOutputStream:75 - [STDERR_REDIRECT] WARNING: Couldn't flush system prefs: java.util.prefs.BackingStoreException: Couldn't get file lock.
2025-12-19 11:15:45,876 [ERROR] LogOutputStream:75 - [STDERR_REDIRECT] 
2025-12-19 11:16:15,876 [ERROR] LogOutputStream:75 - [STDERR_REDIRECT] Dec 19, 2025 11:16:15 AM java.util.prefs.FileSystemPreferences checkLockFile0ErrorCode
2025-12-19 11:16:15,876 [ERROR] LogOutputStream:75 - [STDERR_REDIRECT] WARNING: Could not lock System prefs. Unix error code 2.
2025-12-19 11:16:15,876 [ERROR] LogOutputStream:75 - [STDERR_REDIRECT] 
2025-12-19 11:16:15,876 [ERROR] LogOutputStream:75 - [STDERR_REDIRECT] Dec 19, 2025 11:16:15 AM java.util.prefs.FileSystemPreferences syncWorld
2025-12-19 11:16:15,876 [ERROR] LogOutputStream:75 - [STDERR_REDIRECT] WARNING: Couldn't flush system prefs: java.util.prefs.BackingStoreException: Couldn't get file lock.
2025-12-19 11:16:15,876 [ERROR] LogOutputStream:75 - [STDERR_REDIRECT] 
2025-12-19 11:16:45,876 [ERROR] LogOutputStream:75 - [STDERR_REDIRECT] Dec 19, 2025 11:16:45 AM java.util.prefs.FileSystemPreferences checkLockFile0ErrorCode
2025-12-19 11:16:45,876 [ERROR] LogOutputStream:75 - [STDERR_REDIRECT] WARNING: Could not lock System prefs. Unix error code 2.
2025-12-19 11:16:45,876 [ERROR] LogOutputStream:75 - [STDERR_REDIRECT] 
2025-12-19 11:16:45,876 [ERROR] LogOutputStream:75 - [STDERR_REDIRECT] Dec 19, 2025 11:16:45 AM java.util.prefs.FileSystemPreferences syncWorld
2025-12-19 11:16:45,876 [ERROR] LogOutputStream:75 - [STDERR_REDIRECT] WARNING: Couldn't flush system prefs: java.util.prefs.BackingStoreException: Couldn't get file lock.
2025-12-19 11:16:45,876 [ERROR] LogOutputStream:75 - [STDERR_REDIRECT] 
2025-12-19 11:17:15,877 [ERROR] LogOutputStream:75 - [STDERR_REDIRECT] Dec 19, 2025 11:17:15 AM java.util.prefs.FileSystemPreferences checkLockFile0ErrorCode
2025-12-19 11:17:15,877 [ERROR] LogOutputStream:75 - [STDERR_REDIRECT] WARNING: Could not lock System prefs. Unix error code 2.
2025-12-19 11:17:15,877 [ERROR] LogOutputStream:75 - [STDERR_REDIRECT] 
2025-12-19 11:17:15,877 [ERROR] LogOutputStream:75 - [STDERR_REDIRECT] Dec 19, 2025 11:17:15 AM java.util.prefs.FileSystemPreferences syncWorld
2025-12-19 11:17:15,877 [ERROR] LogOutputStream:75 - [STDERR_REDIRECT] WARNING: Couldn't flush system prefs: java.util.prefs.BackingStoreException: Couldn't get file lock.
2025-12-19 11:17:15,877 [ERROR] LogOutputStream:75 - [STDERR_REDIRECT] 
2025-12-19 11:17:45,878 [ERROR] LogOutputStream:75 - [STDERR_REDIRECT] Dec 19, 2025 11:17:45 AM java.util.prefs.FileSystemPreferences checkLockFile0ErrorCode
2025-12-19 11:17:45,878 [ERROR] LogOutputStream:75 - [STDERR_REDIRECT] WARNING: Could not lock System prefs. Unix error code 2.
2025-12-19 11:17:45,878 [ERROR] LogOutputStream:75 - [STDERR_REDIRECT] 
2025-12-19 11:17:45,879 [ERROR] LogOutputStream:75 - [STDERR_REDIRECT] Dec 19, 2025 11:17:45 AM java.util.prefs.FileSystemPreferences syncWorld
2025-12-19 11:17:45,879 [ERROR] LogOutputStream:75 - [STDERR_REDIRECT] WARNING: Couldn't flush system prefs: java.util.prefs.BackingStoreException: Couldn't get file lock.
2025-12-19 11:17:45,879 [ERROR] LogOutputStream:75 - [STDERR_REDIRECT] 
2025-12-19 11:18:10,748 [ERROR] LogOutputStream:75 - [STDERR_REDIRECT] 
2025-12-19 11:18:10,749 [ERROR] LogOutputStream:75 - [STDERR_REDIRECT] 
