2025-10-26 17:19:18,176 [INFO] Activator:176 - 


2025-10-26 17:19:18,179 [INFO] Activator:177 - !SESSION log4j initialized
2025-10-26 17:19:20,615 [INFO] LogOutputStream:77 - [STDOUT_REDIRECT] 
2025-10-26 17:19:21,582 [INFO] ApplicationProperties:184 - Using Application install path: /opt/st/stm32cubeide_1.19.0/plugins/com.st.stm32cube.common.mx_6.15.0.202507011659
2025-10-26 17:19:21,596 [INFO] DbMcusXml:78 - Set database path to: /opt/st/stm32cubeide_1.19.0/plugins/com.st.stm32cube.common.mx_6.15.0.202507011659//db//mcu/
2025-10-26 17:19:21,596 [INFO] ApiDb:274 - Set plugin database path to: /opt/st/stm32cubeide_1.19.0/plugins/com.st.stm32cube.common.mx_6.15.0.202507011659//db//plugins/boardmanager/
2025-10-26 17:19:21,597 [WARN] ApiDb:259 - Overriding images path with different value:  => /opt/st/stm32cubeide_1.19.0/plugins/com.st.stm32cube.common.mx_6.15.0.202507011659//db//plugins/mcufinder/images/
2025-10-26 17:19:21,603 [INFO] ApiDb:250 - Set database path to: /home/user12/.stmcufinder/plugins/mcufinder//mcu/
2025-10-26 17:19:21,605 [INFO] DbMcusAds:125 - Set database path to: /home/user12/.stmcufinder/plugins/mcufinder//mcu/
2025-10-26 17:19:21,606 [INFO] CrossReferenceDbSqlite:203 - Set database path to: /home/user12/.stmcufinder/plugins/mcufinder//mcu/cs/
2025-10-26 17:19:21,676 [INFO] RulesReader:64 - Compatibility file has been processed (317 Rules)
2025-10-26 17:19:21,723 [INFO] DbMcusXml:78 - Set database path to: /opt/st/stm32cubeide_1.19.0/plugins/com.st.stm32cube.common.mx_6.15.0.202507011659//db//mcu/
2025-10-26 17:19:21,723 [INFO] ApiDb:274 - Set plugin database path to: /opt/st/stm32cubeide_1.19.0/plugins/com.st.stm32cube.common.mx_6.15.0.202507011659//db//plugins/boardmanager/
2025-10-26 17:19:21,723 [INFO] ApiDb:261 - Set plugin images path to: /opt/st/stm32cubeide_1.19.0/plugins/com.st.stm32cube.common.mx_6.15.0.202507011659//db//plugins/mcufinder/images/
2025-10-26 17:19:21,723 [WARN] DbFile:41 - Overriding database path with different value: /home/user12/.stmcufinder/plugins/mcufinder/ => /home/user12/.stmcufinder/plugins/mcufinder
2025-10-26 17:19:21,723 [INFO] ApiDb:250 - Set database path to: /home/user12/.stmcufinder/plugins/mcufinder//mcu/
2025-10-26 17:19:21,723 [WARN] DbFile:41 - Overriding database path with different value: /home/user12/.stmcufinder/plugins/mcufinder/ => /home/user12/.stmcufinder/plugins/mcufinder
2025-10-26 17:19:21,723 [INFO] DbMcusAds:125 - Set database path to: /home/user12/.stmcufinder/plugins/mcufinder//mcu/
2025-10-26 17:19:21,723 [WARN] DbFile:41 - Overriding database path with different value: /home/user12/.stmcufinder/plugins/mcufinder/ => /home/user12/.stmcufinder/plugins/mcufinder
2025-10-26 17:19:21,723 [WARN] DbFile:41 - Overriding database path with different value: /home/user12/.stmcufinder/plugins/mcufinder/ => /home/user12/.stmcufinder/plugins/mcufinder
2025-10-26 17:19:21,724 [INFO] CrossReferenceDbSqlite:203 - Set database path to: /home/user12/.stmcufinder/plugins/mcufinder//mcu/cs/
2025-10-26 17:19:21,766 [INFO] MainPanel:274 - HeapMemory: 268435456
2025-10-26 17:19:21,857 [INFO] DbMcusXml:78 - Set database path to: /opt/st/stm32cubeide_1.19.0/plugins/com.st.stm32cube.common.mx_6.15.0.202507011659//db//mcu/
2025-10-26 17:19:21,857 [INFO] ApiDb:274 - Set plugin database path to: /opt/st/stm32cubeide_1.19.0/plugins/com.st.stm32cube.common.mx_6.15.0.202507011659//db//plugins/boardmanager/
2025-10-26 17:19:21,857 [INFO] ApiDb:261 - Set plugin images path to: /opt/st/stm32cubeide_1.19.0/plugins/com.st.stm32cube.common.mx_6.15.0.202507011659//db//plugins/mcufinder/images/
2025-10-26 17:19:21,857 [WARN] DbFile:41 - Overriding database path with different value: /home/user12/.stmcufinder/plugins/mcufinder/ => /home/user12/.stmcufinder/plugins/mcufinder
2025-10-26 17:19:21,857 [INFO] ApiDb:250 - Set database path to: /home/user12/.stmcufinder/plugins/mcufinder//mcu/
2025-10-26 17:19:21,858 [WARN] DbFile:41 - Overriding database path with different value: /home/user12/.stmcufinder/plugins/mcufinder/ => /home/user12/.stmcufinder/plugins/mcufinder
2025-10-26 17:19:21,858 [INFO] DbMcusAds:125 - Set database path to: /home/user12/.stmcufinder/plugins/mcufinder//mcu/
2025-10-26 17:19:21,858 [WARN] DbFile:41 - Overriding database path with different value: /home/user12/.stmcufinder/plugins/mcufinder/ => /home/user12/.stmcufinder/plugins/mcufinder
2025-10-26 17:19:21,858 [WARN] DbFile:41 - Overriding database path with different value: /home/user12/.stmcufinder/plugins/mcufinder/ => /home/user12/.stmcufinder/plugins/mcufinder
2025-10-26 17:19:21,858 [INFO] CrossReferenceDbSqlite:203 - Set database path to: /home/user12/.stmcufinder/plugins/mcufinder//mcu/cs/
2025-10-26 17:19:21,868 [INFO] ApplicationProperties:184 - Using Application install path: /opt/st/stm32cubeide_1.19.0/plugins/com.st.stm32cube.common.mx_6.15.0.202507011659
2025-10-26 17:19:21,869 [INFO] PluginManage:196 - Search for loadable plugins [exclusion list=, ]
2025-10-26 17:19:21,869 [INFO] PluginManage:310 - Check plugin analytics
2025-10-26 17:19:21,953 [INFO] AnalyticsPlugin:253 - Accepted Software Licenses: 
2025-10-26 17:19:21,953 [INFO] AnalyticsPlugin:255 - Accepted CMSIS Pack Licenses: 
2025-10-26 17:19:21,953 [INFO] AnalyticsPlugin:257 - Accepted Firmware Licenses: FW.F4.1.28.0
2025-10-26 17:19:21,954 [INFO] PluginManage:359 - Loaded plugin analytics (category:tool,tabindex:-1)
2025-10-26 17:19:21,954 [INFO] PluginManage:310 - Check plugin cadmodel
2025-10-26 17:19:21,958 [INFO] CADModel:105 - Init CAD model plugin
2025-10-26 17:19:21,958 [INFO] PluginManage:359 - Loaded plugin cadmodel (category:power,tabindex:5)
2025-10-26 17:19:21,958 [INFO] PluginManage:310 - Check plugin clock
2025-10-26 17:19:21,964 [INFO] PluginManage:359 - Loaded plugin clock (category:base,tabindex:2)
2025-10-26 17:19:21,964 [INFO] PluginManage:310 - Check plugin ddr
2025-10-26 17:19:21,965 [INFO] PluginManage:359 - Loaded plugin ddr (category:tool,tabindex:6)
2025-10-26 17:19:21,965 [INFO] PluginManage:310 - Check plugin filemanager
2025-10-26 17:19:22,053 [INFO] PluginManage:359 - Loaded plugin filemanager (category:base,tabindex:10)
2025-10-26 17:19:22,053 [INFO] PluginManage:310 - Check plugin ipmanager
2025-10-26 17:19:22,056 [INFO] PluginManage:359 - Loaded plugin ipmanager (category:base,tabindex:5)
2025-10-26 17:19:22,056 [INFO] PluginManage:310 - Check plugin lpbam
2025-10-26 17:19:22,062 [INFO] PluginManage:359 - Loaded plugin lpbam (category:base,tabindex:0)
2025-10-26 17:19:22,062 [INFO] PluginManage:310 - Check plugin memorymap
2025-10-26 17:19:22,070 [INFO] PluginManage:359 - Loaded plugin memorymap (category:base,tabindex:4)
2025-10-26 17:19:22,070 [INFO] PluginManage:310 - Check plugin pinoutandconfiguration
2025-10-26 17:19:22,075 [INFO] PluginManage:359 - Loaded plugin pinoutandconfiguration (category:base,tabindex:1)
2025-10-26 17:19:22,075 [INFO] PluginManage:310 - Check plugin pinoutconfig
2025-10-26 17:19:22,123 [WARN] SupportedApi:132 - Cannot load RTOS API schema: s4s-elt-must-match.1: The content of 'definitions' must match (annotation?, (simpleType | complexType)?, (unique | key | keyref)*)). A problem was found starting at: attribute.
2025-10-26 17:19:22,191 [INFO] PluginManage:359 - Loaded plugin pinoutconfig (category:base,tabindex:0)
2025-10-26 17:19:22,191 [INFO] PluginManage:310 - Check plugin power
2025-10-26 17:19:22,197 [INFO] PluginManage:359 - Loaded plugin power (category:power,tabindex:4)
2025-10-26 17:19:22,197 [INFO] PluginManage:310 - Check plugin projectmanager
2025-10-26 17:19:22,207 [INFO] PluginManage:359 - Loaded plugin projectmanager (category:projectmanager,tabindex:4)
2025-10-26 17:19:22,207 [INFO] PluginManage:310 - Check plugin rif
2025-10-26 17:19:22,214 [INFO] PluginManage:359 - Loaded plugin rif (category:base,tabindex:3)
2025-10-26 17:19:22,214 [INFO] PluginManage:310 - Check plugin thirdparty
2025-10-26 17:19:22,283 [INFO] PluginManage:359 - Loaded plugin thirdparty (category:base,tabindex:-1)
2025-10-26 17:19:22,283 [INFO] PluginManage:310 - Check plugin tools
2025-10-26 17:19:22,283 [WARN] IntegrityCheckThread:84 - waiting for thirdparty lock release [integrity check]
2025-10-26 17:19:22,283 [INFO] IntegrityCheckThread:86 - entering critical section [integrity check]
2025-10-26 17:19:22,283 [INFO] ThirdPartyUpdaterWithRetryManager:70 - Updater plugin not ready yet. [1/15]
2025-10-26 17:19:22,284 [INFO] PluginManage:359 - Loaded plugin tools (category:base,tabindex:7)
2025-10-26 17:19:22,284 [INFO] PluginManage:310 - Check plugin tutovideos
2025-10-26 17:19:22,403 [INFO] PluginManage:359 - Loaded plugin tutovideos (category:base,tabindex:-1)
2025-10-26 17:19:22,403 [INFO] PluginManage:310 - Check plugin updater
2025-10-26 17:19:22,419 [INFO] PluginManage:359 - Loaded plugin updater (category:base,tabindex:12)
2025-10-26 17:19:22,419 [INFO] PluginManage:310 - Check plugin userauth
2025-10-26 17:19:22,422 [INFO] UserAuth:118 - Init User Auth plugin
2025-10-26 17:19:22,423 [INFO] PluginManage:359 - Loaded plugin userauth (category:base,tabindex:14)
2025-10-26 17:19:22,423 [INFO] PluginManage:283 - PluginManage : Loaded plugins [18]
2025-10-26 17:19:22,528 [INFO] PinOutPanel:1589 - setPackage(No Configuration,No Configuration)
2025-10-26 17:19:22,570 [INFO] CADModel:165 - CPN selected for project level
2025-10-26 17:19:22,570 [INFO] CADModel:114 - Register for checkConnection events
2025-10-26 17:19:22,579 [INFO] IPUIPlugin:80 - create IPUIPlugin
2025-10-26 17:19:22,580 [INFO] PluginManager:220 - loadIPPluginJar : add plateformsettings
2025-10-26 17:19:22,585 [INFO] IPUIPlugin:80 - create IPUIPlugin
2025-10-26 17:19:22,585 [INFO] PluginManager:220 - loadIPPluginJar : add cryp
2025-10-26 17:19:22,586 [INFO] IPUIPlugin:80 - create IPUIPlugin
2025-10-26 17:19:22,586 [INFO] PluginManager:220 - loadIPPluginJar : add ucpd
2025-10-26 17:19:22,591 [INFO] IPUIPlugin:80 - create IPUIPlugin
2025-10-26 17:19:22,591 [INFO] PluginManager:220 - loadIPPluginJar : add stm32_wpan
2025-10-26 17:19:22,592 [INFO] IPUIPlugin:80 - create IPUIPlugin
2025-10-26 17:19:22,592 [INFO] PluginManager:220 - loadIPPluginJar : add lorawan
2025-10-26 17:19:22,594 [INFO] IPUIPlugin:80 - create IPUIPlugin
2025-10-26 17:19:22,594 [INFO] PluginManager:220 - loadIPPluginJar : add pdm2pcm
2025-10-26 17:19:22,595 [INFO] IPUIPlugin:80 - create IPUIPlugin
2025-10-26 17:19:22,595 [INFO] PluginManager:220 - loadIPPluginJar : add opamp
2025-10-26 17:19:22,597 [INFO] IPUIPlugin:80 - create IPUIPlugin
2025-10-26 17:19:22,597 [INFO] PluginManager:220 - loadIPPluginJar : add usbx
2025-10-26 17:19:22,601 [INFO] IPUIPlugin:80 - create IPUIPlugin
2025-10-26 17:19:22,601 [INFO] PluginManager:220 - loadIPPluginJar : add adc
2025-10-26 17:19:22,601 [INFO] IPUIPlugin:80 - create IPUIPlugin
2025-10-26 17:19:22,602 [INFO] PluginManager:220 - loadIPPluginJar : add tsc
2025-10-26 17:19:22,604 [INFO] IPUIPlugin:80 - create IPUIPlugin
2025-10-26 17:19:22,605 [INFO] PluginManager:220 - loadIPPluginJar : add gpio
2025-10-26 17:19:22,605 [INFO] IPUIPlugin:80 - create IPUIPlugin
2025-10-26 17:19:22,605 [INFO] PluginManager:220 - loadIPPluginJar : add fatfs
2025-10-26 17:19:22,607 [INFO] IPUIPlugin:80 - create IPUIPlugin
2025-10-26 17:19:22,607 [INFO] PluginManager:220 - loadIPPluginJar : add dfsdm
2025-10-26 17:19:22,610 [INFO] IPUIPlugin:80 - create IPUIPlugin
2025-10-26 17:19:22,610 [INFO] PluginManager:220 - loadIPPluginJar : add mdma
2025-10-26 17:19:22,611 [INFO] IPUIPlugin:80 - create IPUIPlugin
2025-10-26 17:19:22,611 [INFO] PluginManager:220 - loadIPPluginJar : add ltdc
2025-10-26 17:19:22,613 [INFO] IPUIPlugin:80 - create IPUIPlugin
2025-10-26 17:19:22,613 [INFO] PluginManager:220 - loadIPPluginJar : add nvic
2025-10-26 17:19:22,615 [INFO] IPUIPlugin:80 - create IPUIPlugin
2025-10-26 17:19:22,615 [INFO] PluginManager:220 - loadIPPluginJar : add tracer_emb
2025-10-26 17:19:22,616 [INFO] IPUIPlugin:80 - create IPUIPlugin
2025-10-26 17:19:22,616 [INFO] PluginManager:220 - loadIPPluginJar : add dma3
2025-10-26 17:19:22,617 [INFO] IPUIPlugin:80 - create IPUIPlugin
2025-10-26 17:19:22,617 [INFO] PluginManager:220 - loadIPPluginJar : add radio
2025-10-26 17:19:22,620 [INFO] IPUIPlugin:80 - create IPUIPlugin
2025-10-26 17:19:22,620 [INFO] PluginManager:220 - loadIPPluginJar : add resmgrutility
2025-10-26 17:19:22,622 [INFO] IPUIPlugin:80 - create IPUIPlugin
2025-10-26 17:19:22,622 [INFO] PluginManager:220 - loadIPPluginJar : add touchsensing
2025-10-26 17:19:22,626 [INFO] IPUIPlugin:80 - create IPUIPlugin
2025-10-26 17:19:22,626 [INFO] PluginManager:220 - loadIPPluginJar : add freertos
2025-10-26 17:19:22,627 [INFO] IPUIPlugin:80 - create IPUIPlugin
2025-10-26 17:19:22,627 [INFO] PluginManager:220 - loadIPPluginJar : add can
2025-10-26 17:19:22,631 [INFO] IPUIPlugin:80 - create IPUIPlugin
2025-10-26 17:19:22,631 [INFO] PluginManager:220 - loadIPPluginJar : add dma
2025-10-26 17:19:22,633 [INFO] IPUIPlugin:80 - create IPUIPlugin
2025-10-26 17:19:22,633 [INFO] PluginManager:220 - loadIPPluginJar : add gtzc
2025-10-26 17:19:22,637 [INFO] IPUIPlugin:80 - create IPUIPlugin
2025-10-26 17:19:22,637 [INFO] PluginManager:220 - loadIPPluginJar : add linkedlist
2025-10-26 17:19:22,639 [INFO] IPUIPlugin:80 - create IPUIPlugin
2025-10-26 17:19:22,639 [INFO] PluginManager:220 - loadIPPluginJar : add aes
2025-10-26 17:19:22,639 [INFO] IPUIPlugin:80 - create IPUIPlugin
2025-10-26 17:19:22,639 [INFO] PluginManager:220 - loadIPPluginJar : add comp
2025-10-26 17:19:22,641 [INFO] IPUIPlugin:80 - create IPUIPlugin
2025-10-26 17:19:22,641 [INFO] PluginManager:220 - loadIPPluginJar : add gfxmmu
2025-10-26 17:19:22,642 [INFO] IPUIPlugin:80 - create IPUIPlugin
2025-10-26 17:19:22,642 [INFO] PluginManager:220 - loadIPPluginJar : add i3c
2025-10-26 17:19:22,643 [INFO] IPUIPlugin:80 - create IPUIPlugin
2025-10-26 17:19:22,643 [INFO] PluginManager:220 - loadIPPluginJar : add genericplugin
2025-10-26 17:19:22,645 [INFO] IPUIPlugin:80 - create IPUIPlugin
2025-10-26 17:19:22,645 [INFO] PluginManager:220 - loadIPPluginJar : add ddr_ctrl_phy
2025-10-26 17:19:22,651 [INFO] IPUIPlugin:80 - create IPUIPlugin
2025-10-26 17:19:22,652 [INFO] PluginManager:220 - loadIPPluginJar : add i2c
2025-10-26 17:19:22,653 [INFO] IPUIPlugin:80 - create IPUIPlugin
2025-10-26 17:19:22,653 [INFO] PluginManager:220 - loadIPPluginJar : add tim
2025-10-26 17:19:22,655 [INFO] IPUIPlugin:80 - create IPUIPlugin
2025-10-26 17:19:22,655 [INFO] PluginManager:220 - loadIPPluginJar : add spi
2025-10-26 17:19:22,656 [INFO] IPUIPlugin:80 - create IPUIPlugin
2025-10-26 17:19:22,657 [INFO] PluginManager:220 - loadIPPluginJar : add hash
2025-10-26 17:19:22,658 [INFO] IPUIPlugin:80 - create IPUIPlugin
2025-10-26 17:19:22,658 [INFO] PluginManager:220 - loadIPPluginJar : add openamp
2025-10-26 17:19:22,661 [INFO] IPUIPlugin:80 - create IPUIPlugin
2025-10-26 17:19:22,661 [INFO] PluginManager:220 - loadIPPluginJar : add fmc
2025-10-26 17:19:22,664 [INFO] IPUIPlugin:80 - create IPUIPlugin
2025-10-26 17:19:22,664 [INFO] PluginManager:220 - loadIPPluginJar : add usart
2025-10-26 17:19:22,665 [INFO] IPUIPlugin:80 - create IPUIPlugin
2025-10-26 17:19:22,665 [INFO] PluginManager:220 - loadIPPluginJar : add quadspi
2025-10-26 17:19:22,669 [INFO] IPUIPlugin:80 - create IPUIPlugin
2025-10-26 17:19:22,669 [INFO] PluginManager:220 - loadIPPluginJar : add gic
2025-10-26 17:19:22,671 [INFO] IPUIPlugin:80 - create IPUIPlugin
2025-10-26 17:19:22,671 [INFO] PluginManager:220 - loadIPPluginJar : add extmemmanager
2025-10-26 17:19:22,672 [INFO] IPUIPlugin:80 - create IPUIPlugin
2025-10-26 17:19:22,672 [INFO] PluginManager:220 - loadIPPluginJar : add sai
2025-10-26 17:19:22,673 [INFO] IPUIPlugin:80 - create IPUIPlugin
2025-10-26 17:19:22,673 [INFO] PluginManager:220 - loadIPPluginJar : add ts
2025-10-26 17:19:22,675 [INFO] IPUIPlugin:80 - create IPUIPlugin
2025-10-26 17:19:22,675 [INFO] PluginManager:220 - loadIPPluginJar : add ipddr
2025-10-26 17:19:22,676 [INFO] IPUIPlugin:80 - create IPUIPlugin
2025-10-26 17:19:22,677 [INFO] PluginManager:220 - loadIPPluginJar : add i2s
2025-10-26 17:19:22,763 [FATAL] Updater:351 - Updater called before beeing initialized
2025-10-26 17:19:22,778 [INFO] RulesReader:64 - Compatibility file has been processed (317 Rules)
2025-10-26 17:19:22,784 [INFO] RulesReader:64 - Compatibility file has been processed (317 Rules)
2025-10-26 17:19:22,788 [INFO] CADModel:165 - CPN selected for project level
2025-10-26 17:19:22,788 [INFO] CADModel:114 - Register for checkConnection events
2025-10-26 17:19:22,788 [FATAL] Updater:351 - Updater called before beeing initialized
2025-10-26 17:19:22,788 [ERROR] CADModel:125 - Updater not yet initialized, retry later 
2025-10-26 17:19:22,865 [FATAL] Updater:351 - Updater called before beeing initialized
2025-10-26 17:19:22,866 [INFO] CADModel:165 - CPN selected for project level
2025-10-26 17:19:22,866 [INFO] CADModel:114 - Register for checkConnection events
2025-10-26 17:19:22,866 [FATAL] Updater:351 - Updater called before beeing initialized
2025-10-26 17:19:22,866 [ERROR] CADModel:125 - Updater not yet initialized, retry later 
2025-10-26 17:19:22,868 [FATAL] Updater:351 - Updater called before beeing initialized
2025-10-26 17:19:22,918 [FATAL] Updater:351 - Updater called before beeing initialized
2025-10-26 17:19:22,921 [INFO] DbMcusAds:53 - JSON generation date=Thu Oct 02 18:36:05 KST 2025 (1759397765645)
2025-10-26 17:19:22,921 [FATAL] Updater:351 - Updater called before beeing initialized
2025-10-26 17:19:22,944 [WARN] DetailPanel:346 - Failed to get advertising image, set to default
2025-10-26 17:19:22,990 [FATAL] Updater:351 - Updater called before beeing initialized
2025-10-26 17:19:22,991 [FATAL] Updater:351 - Updater called before beeing initialized
2025-10-26 17:19:22,991 [FATAL] Updater:351 - Updater called before beeing initialized
2025-10-26 17:19:22,992 [WARN] DetailPanel:346 - Failed to get advertising image, set to default
2025-10-26 17:19:22,992 [FATAL] Updater:351 - Updater called before beeing initialized
2025-10-26 17:19:23,010 [ERROR] Updater:1198 - MainUpdater not yet initialized. External WinMGr cannot be set.
2025-10-26 17:19:23,011 [INFO] Updater:1134 - Updater Version found : 6.15.0
2025-10-26 17:19:23,025 [INFO] ApplicationProperties:184 - Using Application install path: /opt/st/stm32cubeide_1.19.0/plugins/com.st.stm32cube.common.mx_6.15.0.202507011659
2025-10-26 17:19:23,034 [ERROR] LogOutputStream:75 - [STDERR_REDIRECT] Oct 26, 2025 5:19:23 PM java.util.prefs.FileSystemPreferences$2 run
2025-10-26 17:19:23,034 [ERROR] LogOutputStream:75 - [STDERR_REDIRECT] WARNING: Could not create system preferences directory. System preferences are unusable.
2025-10-26 17:19:23,034 [ERROR] LogOutputStream:75 - [STDERR_REDIRECT] 
2025-10-26 17:19:23,781 [INFO] MainUpdater:2872 - connection check result : 10
2025-10-26 17:19:23,781 [INFO] MainUpdater:3604 - Updater definition file requires update
2025-10-26 17:19:23,781 [INFO] MainUpdater:289 - Updater Check For Update Now.
2025-10-26 17:19:23,782 [INFO] MicroXplorer:498 - Change Database Version : DB.6.0.150
2025-10-26 17:19:23,784 [INFO] McuFinderGlobals:63 - Set McuFinder mode to 2 (CubeIDE integrated)
2025-10-26 17:19:23,784 [INFO] UserAuth:171 - activating auth plugin
2025-10-26 17:19:23,786 [INFO] UserAuth:487 - Internet connection configuration mode: 1
2025-10-26 17:19:23,799 [INFO] JxBrowserEngine:152 - Initiate JxBrowser Engine with user profile folder
2025-10-26 17:19:24,282 [INFO] ServerAccessManage:452 - Complete download http(s) 200
2025-10-26 17:19:24,283 [INFO] ServerAccessManage:509 - Download File updaters.zip
2025-10-26 17:19:24,794 [INFO] WebApp:169 - Instantiating new browser for Auth
2025-10-26 17:19:24,835 [INFO] FileExtend:248 - Unzip File : updaters.zip
2025-10-26 17:19:24,835 [INFO] FileExtend:263 - Standard Zip Deflate
2025-10-26 17:19:25,100 [INFO] ServerAccessManage:452 - Complete download http(s) 200
2025-10-26 17:19:25,100 [INFO] ServerAccessManage:509 - Download File PacksControlFlags.xml
2025-10-26 17:19:25,284 [WARN] MainUpdater:1193 - Updater busy. Cannot search thirdparties
2025-10-26 17:19:25,284 [INFO] ThirdPartyUpdaterWithRetryManager:96 - Updater plugin is busy. [1/15]
2025-10-26 17:19:25,304 [INFO] ServerAccessManage:452 - Complete download http(s) 200
2025-10-26 17:19:25,304 [INFO] ServerAccessManage:509 - Download File cubemx.pidx
2025-10-26 17:19:25,366 [INFO] WebApp:463 - Apply proxy settings
2025-10-26 17:19:25,367 [INFO] WebApp:548 - Chromium requires no authentication
2025-10-26 17:19:25,374 [INFO] WebApp:491 - Direct internet connection detected
2025-10-26 17:19:25,383 [INFO] LoadServerUpdatesThread:375 - End of LoadServerUpdate Thread
2025-10-26 17:19:25,389 [INFO] WebApp:900 - Register for checkConnection events
2025-10-26 17:19:25,389 [INFO] WebApp:463 - Apply proxy settings
2025-10-26 17:19:25,389 [INFO] WebApp:548 - Chromium requires no authentication
2025-10-26 17:19:25,389 [INFO] WebApp:491 - Direct internet connection detected
2025-10-26 17:19:25,486 [INFO] WebApp:225 - Starting web application
2025-10-26 17:19:25,487 [INFO] WebApp:593 - Web application path used /opt/st/stm32cubeide_1.19.0/plugins/com.st.stm32cube.common.mx_6.15.0.202507011659/db/plugins/mcufinder/reactClient1/index.html
2025-10-26 17:19:25,513 [INFO] CheckServerUpdateThread:120 - End of CheckServer Thread
2025-10-26 17:19:25,797 [INFO] WebApp:191 - Connection restablished
2025-10-26 17:19:28,357 [WARN] PackLoader:240 - Cannot read IP mode file for STMicroelectronics.FP-SNS-MOTENVWB1.1.4.0
2025-10-26 17:19:28,361 [WARN] PackLoader:240 - Cannot read IP mode file for STMicroelectronics.FP-ATR-ASTRA1.2.0.2
2025-10-26 17:19:28,364 [WARN] PackLoader:240 - Cannot read IP mode file for STMicroelectronics.X-CUBE-SMBUS.2.1.0
2025-10-26 17:19:28,366 [WARN] PackLoader:240 - Cannot read IP mode file for STMicroelectronics.X-CUBE-ST60.1.0.0
2025-10-26 17:19:28,380 [WARN] PackLoader:240 - Cannot read IP mode file for STMicroelectronics.X-CUBE-AZRTOS-F7.1.1.0
2025-10-26 17:19:28,386 [WARN] PackLoader:240 - Cannot read IP mode file for Cesanta.I-CUBE-Mongoose.7.19.0
2025-10-26 17:19:28,391 [WARN] PackLoader:240 - Cannot read IP mode file for WES.I-CUBE-Cesium.1.4.0
2025-10-26 17:19:28,402 [WARN] PackLoader:240 - Cannot read IP mode file for Infineon.AIROC-Wi-Fi-Bluetooth-STM32.1.7.1
2025-10-26 17:19:28,417 [WARN] PackLoader:240 - Cannot read IP mode file for STMicroelectronics.X-CUBE-AZRTOS-H7.3.4.0
2025-10-26 17:19:28,423 [WARN] PackLoader:240 - Cannot read IP mode file for STMicroelectronics.X-CUBE-DISPLAY.3.0.0
2025-10-26 17:19:28,430 [WARN] PackLoader:240 - Cannot read IP mode file for STMicroelectronics.X-CUBE-NFC10.1.0.0
2025-10-26 17:19:28,434 [WARN] PackLoader:240 - Cannot read IP mode file for STMicroelectronics.X-CUBE-ST60.1.1.0
2025-10-26 17:19:28,437 [WARN] PackLoader:240 - Cannot read IP mode file for emotas.I-CUBE-CANOPEN.1.3.0
2025-10-26 17:19:28,440 [WARN] PackLoader:240 - Cannot read IP mode file for STMicroelectronics.FP-SNS-STBOX1.2.1.0
2025-10-26 17:19:28,443 [WARN] PackLoader:240 - Cannot read IP mode file for STMicroelectronics.FP-SNS-SMARTAG2.1.2.0
2025-10-26 17:19:28,445 [WARN] PackLoader:240 - Cannot read IP mode file for STMicroelectronics.FP-SNS-FLIGHT1.5.1.0
2025-10-26 17:19:28,449 [INFO] LogOutputStream:77 - [STDOUT_REDIRECT] 1 : Invalid condition id : UX_CORESTACK_Condition cause : null
2025-10-26 17:19:28,449 [INFO] LogOutputStream:77 - [STDOUT_REDIRECT] 1 : Invalid condition id : UX_CORESTACK_Condition cause : null
2025-10-26 17:19:28,449 [INFO] LogOutputStream:77 - [STDOUT_REDIRECT] 1 : Invalid condition id : UX_CORESTACK_Condition cause : null
2025-10-26 17:19:28,449 [INFO] LogOutputStream:77 - [STDOUT_REDIRECT] 1 : Invalid condition id : UX_CORESTACK_Condition cause : null
2025-10-26 17:19:28,450 [INFO] LogOutputStream:77 - [STDOUT_REDIRECT] 1 : Invalid condition id : UX_CORESTACK_Condition cause : null
2025-10-26 17:19:28,451 [WARN] PackLoader:240 - Cannot read IP mode file for STMicroelectronics.X-CUBE-AZRTOS-WL.2.0.0
2025-10-26 17:19:28,454 [WARN] PackLoader:240 - Cannot read IP mode file for STMicroelectronics.FP-SNS-MOTENV1.5.0.0
2025-10-26 17:19:28,457 [WARN] PackLoader:240 - Cannot read IP mode file for STMicroelectronics.X-CUBE-BLE2.3.3.0
2025-10-26 17:19:28,460 [WARN] PackLoader:240 - Cannot read IP mode file for STMicroelectronics.X-CUBE-NFC9.1.0.0
2025-10-26 17:19:28,463 [WARN] PackLoader:240 - Cannot read IP mode file for wolfSSL.I-CUBE-wolfSSL.5.8.2
2025-10-26 17:19:28,466 [WARN] PackLoader:240 - Cannot read IP mode file for STMicroelectronics.X-CUBE-BLE1.7.1.0
2025-10-26 17:19:28,467 [WARN] PackLoader:240 - Cannot read IP mode file for wolfSSL.I-CUBE-wolfMQTT.1.19.2
2025-10-26 17:19:28,470 [WARN] PackLoader:240 - Cannot read IP mode file for STMicroelectronics.X-CUBE-EEPRMA1.5.2.0
2025-10-26 17:19:28,474 [WARN] PackLoader:240 - Cannot read IP mode file for STMicroelectronics.X-CUBE-ST67W61.1.1.0
2025-10-26 17:19:28,481 [WARN] PackLoader:240 - Cannot read IP mode file for STMicroelectronics.X-CUBE-AZRTOS-G0.1.1.0
2025-10-26 17:19:28,485 [WARN] PackLoader:240 - Cannot read IP mode file for STMicroelectronics.X-CUBE-SAFEA1.1.2.2
2025-10-26 17:19:28,488 [WARN] PackLoader:240 - Cannot read IP mode file for STMicroelectronics.X-CUBE-NFC4.3.0.0
2025-10-26 17:19:28,493 [WARN] PackLoader:240 - Cannot read IP mode file for EmbeddedOffice.I-CUBE-FS-RTOS.1.0.1
2025-10-26 17:19:28,496 [WARN] PackLoader:240 - Cannot read IP mode file for STMicroelectronics.X-CUBE-WB05N.2.0.0
2025-10-26 17:19:28,498 [WARN] PackLoader:240 - Cannot read IP mode file for wolfSSL.I-CUBE-wolfTPM.3.8.0
2025-10-26 17:19:28,503 [WARN] PackLoader:240 - Cannot read IP mode file for STMicroelectronics.X-CUBE-TCPP.4.2.0
2025-10-26 17:19:28,508 [WARN] PackLoader:240 - Cannot read IP mode file for RealThread.X-CUBE-RT-Thread_Nano.4.1.1
2025-10-26 17:19:28,510 [WARN] PackLoader:240 - Cannot read IP mode file for STMicroelectronics.FP-ATR-SIGFOX1.3.2.0
2025-10-26 17:19:28,513 [WARN] PackLoader:240 - Cannot read IP mode file for ITTIA_DB.I-CUBE-ITTIADB.8.9.0
2025-10-26 17:19:28,516 [WARN] PackLoader:240 - Cannot read IP mode file for STMicroelectronics.X-CUBE-ST67W61.1.0.0
2025-10-26 17:19:28,518 [WARN] PackLoader:240 - Cannot read IP mode file for STMicroelectronics.X-CUBE-AI.10.2.0
2025-10-26 17:19:28,532 [WARN] PackLoader:240 - Cannot read IP mode file for SEGGER.I-CUBE-embOS.1.3.1
2025-10-26 17:19:28,554 [WARN] PackLoader:240 - Cannot read IP mode file for STMicroelectronics.X-CUBE-ALGOBUILD.1.4.0
2025-10-26 17:19:28,576 [WARN] PackLoader:240 - Cannot read IP mode file for STMicroelectronics.X-CUBE-MEMS1.11.3.0
2025-10-26 17:19:28,618 [WARN] PackLoader:240 - Cannot read IP mode file for STMicroelectronics.X-CUBE-PM33A1.1.0.0
2025-10-26 17:19:28,632 [WARN] PackLoader:240 - Cannot read IP mode file for STMicroelectronics.X-CUBE-AZRTOS-F4.1.1.0
2025-10-26 17:19:28,637 [WARN] PackLoader:240 - Cannot read IP mode file for STMicroelectronics.X-CUBE-ISPU.2.1.0
2025-10-26 17:19:28,645 [WARN] PackLoader:240 - Cannot read IP mode file for STMicroelectronics.X-CUBE-IPS.3.2.0
2025-10-26 17:19:28,654 [WARN] PackLoader:240 - Cannot read IP mode file for STMicroelectronics.X-CUBE-NFC12.1.0.0
2025-10-26 17:19:28,673 [WARN] PackLoader:240 - Cannot read IP mode file for STMicroelectronics.X-CUBE-AZRTOS-L5.2.0.0
2025-10-26 17:19:28,682 [WARN] PackLoader:240 - Cannot read IP mode file for STMicroelectronics.X-CUBE-NFC6.3.1.0
2025-10-26 17:19:28,690 [WARN] PackLoader:240 - Cannot read IP mode file for STMicroelectronics.X-CUBE-FREERTOS.1.3.1
2025-10-26 17:19:28,695 [WARN] PackLoader:240 - Cannot read IP mode file for STMicroelectronics.X-CUBE-TOUCHGFX.4.26.0
2025-10-26 17:19:28,699 [WARN] PackLoader:240 - Cannot read IP mode file for STMicroelectronics.FP-SNS-STAIOTCFT.1.0.0
2025-10-26 17:19:28,704 [WARN] PackLoader:240 - Cannot read IP mode file for STMicroelectronics.X-CUBE-DPower.1.3.0
2025-10-26 17:19:28,714 [WARN] ConditionMgr:438 - getConditionDescription Invalid condition id : LAN8742 Phy interface Condition cause : null
2025-10-26 17:19:28,714 [WARN] PackLoader:240 - Cannot read IP mode file for STMicroelectronics.X-CUBE-AZRTOS-L4.2.0.0
2025-10-26 17:19:28,715 [WARN] ConditionMgr:1044 - genDependencies : Invalid condition id : LAN8742 Phy interface Condition cause : null
2025-10-26 17:19:28,716 [WARN] ConditionMgr:1044 - genDependencies : Invalid condition id : LAN8742 Phy interface Condition cause : null
2025-10-26 17:19:28,716 [WARN] ConditionMgr:1044 - genDependencies : Invalid condition id : LAN8742 Phy interface Condition cause : null
2025-10-26 17:19:28,721 [WARN] PackLoader:240 - Cannot read IP mode file for STMicroelectronics.X-CUBE-SFXS2LP1.4.0.0
2025-10-26 17:19:28,728 [WARN] PackLoader:240 - Cannot read IP mode file for STMicroelectronics.X-CUBE-BLEMGR.4.1.0
2025-10-26 17:19:28,736 [WARN] ConditionMgr:438 - getConditionDescription Invalid condition id : UX DEVICE CLASS RTOS Condition cause : null
2025-10-26 17:19:28,736 [WARN] ConditionMgr:438 - getConditionDescription Invalid condition id : UX DEVICE CLASS RTOS Condition cause : null
2025-10-26 17:19:28,737 [WARN] PackLoader:240 - Cannot read IP mode file for STMicroelectronics.X-CUBE-AZRTOS-WB.2.0.0
2025-10-26 17:19:28,737 [WARN] ConditionMgr:1044 - genDependencies : Invalid condition id : UX DEVICE CLASS RTOS Condition cause : null
2025-10-26 17:19:28,737 [WARN] ConditionMgr:1044 - genDependencies : Invalid condition id : UX DEVICE CLASS RTOS Condition cause : null
2025-10-26 17:19:28,737 [WARN] ConditionMgr:1044 - genDependencies : Invalid condition id : UX DEVICE CLASS RTOS Condition cause : null
2025-10-26 17:19:28,737 [WARN] ConditionMgr:1044 - genDependencies : Invalid condition id : UX DEVICE CLASS RTOS Condition cause : null
2025-10-26 17:19:28,737 [WARN] ConditionMgr:1044 - genDependencies : Invalid condition id : UX DEVICE CLASS RTOS Condition cause : null
2025-10-26 17:19:28,741 [WARN] PackLoader:240 - Cannot read IP mode file for STMicroelectronics.X-CUBE-GNSS1.7.0.1
2025-10-26 17:19:28,743 [WARN] ConditionMgr:438 - getConditionDescription Invalid condition id : Cortex-A Device cause : null
2025-10-26 17:19:28,751 [WARN] ConditionMgr:1044 - genDependencies : Invalid condition id : Cortex-A Device cause : null
2025-10-26 17:19:28,751 [WARN] ConditionMgr:1044 - genDependencies : Invalid condition id : Cortex-A Device cause : null
2025-10-26 17:19:28,751 [WARN] ConditionMgr:1044 - genDependencies : Invalid condition id : Cortex-A Device cause : null
2025-10-26 17:19:28,756 [WARN] PackLoader:240 - Cannot read IP mode file for STMicroelectronics.X-CUBE-SUBG2.5.0.0
2025-10-26 17:19:28,768 [WARN] PackLoader:240 - Cannot read IP mode file for STMicroelectronics.X-CUBE-AZRTOS-H7RS.1.1.0
2025-10-26 17:19:28,775 [WARN] PackLoader:240 - Cannot read IP mode file for STMicroelectronics.X-CUBE-AZRTOS-G4.2.0.0
2025-10-26 17:19:28,777 [WARN] PackLoader:240 - Cannot read IP mode file for wolfSSL.I-CUBE-wolfSSH.1.4.20
2025-10-26 17:19:28,779 [WARN] PackLoader:240 - Cannot read IP mode file for STMicroelectronics.X-CUBE-NFC7.2.0.0
2025-10-26 17:19:28,784 [WARN] PackLoader:240 - Cannot read IP mode file for STMicroelectronics.X-CUBE-IPS.3.1.0
2025-10-26 17:19:28,788 [WARN] PackLoader:240 - Cannot read IP mode file for STMicroelectronics.X-CUBE-ALS.1.0.2
2025-10-26 17:19:28,791 [WARN] PackLoader:240 - Cannot read IP mode file for STMicroelectronics.X-CUBE-STSE01.1.0.0
2025-10-26 17:19:28,796 [WARN] PackLoader:240 - Cannot read IP mode file for STMicroelectronics.X-CUBE-TOF1.3.4.3
2025-10-26 17:19:28,799 [INFO] ThirdParty:978 - Integrity check success = true
2025-10-26 17:19:28,800 [INFO] IntegrityCheckThread:100 - exiting critical section [integrity check]
2025-10-26 17:19:28,800 [INFO] IntegrityCheckThread:103 - End integrity checks thread
2025-10-26 17:19:52,301 [ERROR] LogOutputStream:75 - [STDERR_REDIRECT] Oct 26, 2025 5:19:52 PM java.util.prefs.FileSystemPreferences checkLockFile0ErrorCode
2025-10-26 17:19:52,302 [ERROR] LogOutputStream:75 - [STDERR_REDIRECT] WARNING: Could not lock System prefs. Unix error code 2.
2025-10-26 17:19:52,302 [ERROR] LogOutputStream:75 - [STDERR_REDIRECT] 
2025-10-26 17:19:52,302 [ERROR] LogOutputStream:75 - [STDERR_REDIRECT] Oct 26, 2025 5:19:52 PM java.util.prefs.FileSystemPreferences syncWorld
2025-10-26 17:19:52,302 [ERROR] LogOutputStream:75 - [STDERR_REDIRECT] WARNING: Couldn't flush system prefs: java.util.prefs.BackingStoreException: Couldn't get file lock.
2025-10-26 17:19:52,302 [ERROR] LogOutputStream:75 - [STDERR_REDIRECT] 
2025-10-26 17:20:22,295 [ERROR] LogOutputStream:75 - [STDERR_REDIRECT] Oct 26, 2025 5:20:22 PM java.util.prefs.FileSystemPreferences checkLockFile0ErrorCode
2025-10-26 17:20:22,295 [ERROR] LogOutputStream:75 - [STDERR_REDIRECT] WARNING: Could not lock System prefs. Unix error code 2.
2025-10-26 17:20:22,295 [ERROR] LogOutputStream:75 - [STDERR_REDIRECT] 
2025-10-26 17:20:22,295 [ERROR] LogOutputStream:75 - [STDERR_REDIRECT] Oct 26, 2025 5:20:22 PM java.util.prefs.FileSystemPreferences syncWorld
2025-10-26 17:20:22,295 [ERROR] LogOutputStream:75 - [STDERR_REDIRECT] WARNING: Couldn't flush system prefs: java.util.prefs.BackingStoreException: Couldn't get file lock.
2025-10-26 17:20:22,295 [ERROR] LogOutputStream:75 - [STDERR_REDIRECT] 
2025-10-26 17:20:52,297 [ERROR] LogOutputStream:75 - [STDERR_REDIRECT] Oct 26, 2025 5:20:52 PM java.util.prefs.FileSystemPreferences checkLockFile0ErrorCode
2025-10-26 17:20:52,297 [ERROR] LogOutputStream:75 - [STDERR_REDIRECT] WARNING: Could not lock System prefs. Unix error code 2.
2025-10-26 17:20:52,297 [ERROR] LogOutputStream:75 - [STDERR_REDIRECT] 
2025-10-26 17:20:52,298 [ERROR] LogOutputStream:75 - [STDERR_REDIRECT] Oct 26, 2025 5:20:52 PM java.util.prefs.FileSystemPreferences syncWorld
2025-10-26 17:20:52,298 [ERROR] LogOutputStream:75 - [STDERR_REDIRECT] WARNING: Couldn't flush system prefs: java.util.prefs.BackingStoreException: Couldn't get file lock.
2025-10-26 17:20:52,298 [ERROR] LogOutputStream:75 - [STDERR_REDIRECT] 
2025-10-26 17:21:22,295 [ERROR] LogOutputStream:75 - [STDERR_REDIRECT] Oct 26, 2025 5:21:22 PM java.util.prefs.FileSystemPreferences checkLockFile0ErrorCode
2025-10-26 17:21:22,296 [ERROR] LogOutputStream:75 - [STDERR_REDIRECT] WARNING: Could not lock System prefs. Unix error code 2.
2025-10-26 17:21:22,296 [ERROR] LogOutputStream:75 - [STDERR_REDIRECT] 
2025-10-26 17:21:22,296 [ERROR] LogOutputStream:75 - [STDERR_REDIRECT] Oct 26, 2025 5:21:22 PM java.util.prefs.FileSystemPreferences syncWorld
2025-10-26 17:21:22,296 [ERROR] LogOutputStream:75 - [STDERR_REDIRECT] WARNING: Couldn't flush system prefs: java.util.prefs.BackingStoreException: Couldn't get file lock.
2025-10-26 17:21:22,296 [ERROR] LogOutputStream:75 - [STDERR_REDIRECT] 
2025-10-26 17:21:52,296 [ERROR] LogOutputStream:75 - [STDERR_REDIRECT] Oct 26, 2025 5:21:52 PM java.util.prefs.FileSystemPreferences checkLockFile0ErrorCode
2025-10-26 17:21:52,296 [ERROR] LogOutputStream:75 - [STDERR_REDIRECT] WARNING: Could not lock System prefs. Unix error code 2.
2025-10-26 17:21:52,296 [ERROR] LogOutputStream:75 - [STDERR_REDIRECT] 
2025-10-26 17:21:52,297 [ERROR] LogOutputStream:75 - [STDERR_REDIRECT] Oct 26, 2025 5:21:52 PM java.util.prefs.FileSystemPreferences syncWorld
2025-10-26 17:21:52,297 [ERROR] LogOutputStream:75 - [STDERR_REDIRECT] WARNING: Couldn't flush system prefs: java.util.prefs.BackingStoreException: Couldn't get file lock.
2025-10-26 17:21:52,297 [ERROR] LogOutputStream:75 - [STDERR_REDIRECT] 
2025-10-26 17:22:22,297 [ERROR] LogOutputStream:75 - [STDERR_REDIRECT] Oct 26, 2025 5:22:22 PM java.util.prefs.FileSystemPreferences checkLockFile0ErrorCode
2025-10-26 17:22:22,297 [ERROR] LogOutputStream:75 - [STDERR_REDIRECT] WARNING: Could not lock System prefs. Unix error code 2.
2025-10-26 17:22:22,298 [ERROR] LogOutputStream:75 - [STDERR_REDIRECT] 
2025-10-26 17:22:22,298 [ERROR] LogOutputStream:75 - [STDERR_REDIRECT] Oct 26, 2025 5:22:22 PM java.util.prefs.FileSystemPreferences syncWorld
2025-10-26 17:22:22,298 [ERROR] LogOutputStream:75 - [STDERR_REDIRECT] WARNING: Couldn't flush system prefs: java.util.prefs.BackingStoreException: Couldn't get file lock.
2025-10-26 17:22:22,298 [ERROR] LogOutputStream:75 - [STDERR_REDIRECT] 
2025-10-26 17:22:33,600 [INFO] WebApp:194 - Connection lost
2025-10-26 17:22:33,873 [INFO] WebApp:191 - Connection restablished
2025-10-26 17:22:52,294 [ERROR] LogOutputStream:75 - [STDERR_REDIRECT] Oct 26, 2025 5:22:52 PM java.util.prefs.FileSystemPreferences checkLockFile0ErrorCode
2025-10-26 17:22:52,295 [ERROR] LogOutputStream:75 - [STDERR_REDIRECT] WARNING: Could not lock System prefs. Unix error code 2.
2025-10-26 17:22:52,295 [ERROR] LogOutputStream:75 - [STDERR_REDIRECT] 
2025-10-26 17:22:52,295 [ERROR] LogOutputStream:75 - [STDERR_REDIRECT] Oct 26, 2025 5:22:52 PM java.util.prefs.FileSystemPreferences syncWorld
2025-10-26 17:22:52,295 [ERROR] LogOutputStream:75 - [STDERR_REDIRECT] WARNING: Couldn't flush system prefs: java.util.prefs.BackingStoreException: Couldn't get file lock.
2025-10-26 17:22:52,295 [ERROR] LogOutputStream:75 - [STDERR_REDIRECT] 
2025-10-26 17:23:22,295 [ERROR] LogOutputStream:75 - [STDERR_REDIRECT] Oct 26, 2025 5:23:22 PM java.util.prefs.FileSystemPreferences checkLockFile0ErrorCode
2025-10-26 17:23:22,295 [ERROR] LogOutputStream:75 - [STDERR_REDIRECT] WARNING: Could not lock System prefs. Unix error code 2.
2025-10-26 17:23:22,295 [ERROR] LogOutputStream:75 - [STDERR_REDIRECT] 
2025-10-26 17:23:22,296 [ERROR] LogOutputStream:75 - [STDERR_REDIRECT] Oct 26, 2025 5:23:22 PM java.util.prefs.FileSystemPreferences syncWorld
2025-10-26 17:23:22,296 [ERROR] LogOutputStream:75 - [STDERR_REDIRECT] WARNING: Couldn't flush system prefs: java.util.prefs.BackingStoreException: Couldn't get file lock.
2025-10-26 17:23:22,296 [ERROR] LogOutputStream:75 - [STDERR_REDIRECT] 
2025-10-26 17:23:52,295 [ERROR] LogOutputStream:75 - [STDERR_REDIRECT] Oct 26, 2025 5:23:52 PM java.util.prefs.FileSystemPreferences checkLockFile0ErrorCode
2025-10-26 17:23:52,296 [ERROR] LogOutputStream:75 - [STDERR_REDIRECT] WARNING: Could not lock System prefs. Unix error code 2.
2025-10-26 17:23:52,296 [ERROR] LogOutputStream:75 - [STDERR_REDIRECT] 
2025-10-26 17:23:52,296 [ERROR] LogOutputStream:75 - [STDERR_REDIRECT] Oct 26, 2025 5:23:52 PM java.util.prefs.FileSystemPreferences syncWorld
2025-10-26 17:23:52,296 [ERROR] LogOutputStream:75 - [STDERR_REDIRECT] WARNING: Couldn't flush system prefs: java.util.prefs.BackingStoreException: Couldn't get file lock.
2025-10-26 17:23:52,296 [ERROR] LogOutputStream:75 - [STDERR_REDIRECT] 
2025-10-26 17:24:22,295 [ERROR] LogOutputStream:75 - [STDERR_REDIRECT] Oct 26, 2025 5:24:22 PM java.util.prefs.FileSystemPreferences checkLockFile0ErrorCode
2025-10-26 17:24:22,295 [ERROR] LogOutputStream:75 - [STDERR_REDIRECT] WARNING: Could not lock System prefs. Unix error code 2.
2025-10-26 17:24:22,295 [ERROR] LogOutputStream:75 - [STDERR_REDIRECT] 
2025-10-26 17:24:22,295 [ERROR] LogOutputStream:75 - [STDERR_REDIRECT] Oct 26, 2025 5:24:22 PM java.util.prefs.FileSystemPreferences syncWorld
2025-10-26 17:24:22,295 [ERROR] LogOutputStream:75 - [STDERR_REDIRECT] WARNING: Couldn't flush system prefs: java.util.prefs.BackingStoreException: Couldn't get file lock.
2025-10-26 17:24:22,295 [ERROR] LogOutputStream:75 - [STDERR_REDIRECT] 
2025-10-26 17:24:52,296 [ERROR] LogOutputStream:75 - [STDERR_REDIRECT] Oct 26, 2025 5:24:52 PM java.util.prefs.FileSystemPreferences checkLockFile0ErrorCode
2025-10-26 17:24:52,296 [ERROR] LogOutputStream:75 - [STDERR_REDIRECT] WARNING: Could not lock System prefs. Unix error code 2.
2025-10-26 17:24:52,296 [ERROR] LogOutputStream:75 - [STDERR_REDIRECT] 
2025-10-26 17:24:52,296 [ERROR] LogOutputStream:75 - [STDERR_REDIRECT] Oct 26, 2025 5:24:52 PM java.util.prefs.FileSystemPreferences syncWorld
2025-10-26 17:24:52,296 [ERROR] LogOutputStream:75 - [STDERR_REDIRECT] WARNING: Couldn't flush system prefs: java.util.prefs.BackingStoreException: Couldn't get file lock.
2025-10-26 17:24:52,296 [ERROR] LogOutputStream:75 - [STDERR_REDIRECT] 
2025-10-26 17:25:22,296 [ERROR] LogOutputStream:75 - [STDERR_REDIRECT] Oct 26, 2025 5:25:22 PM java.util.prefs.FileSystemPreferences checkLockFile0ErrorCode
2025-10-26 17:25:22,296 [ERROR] LogOutputStream:75 - [STDERR_REDIRECT] WARNING: Could not lock System prefs. Unix error code 2.
2025-10-26 17:25:22,296 [ERROR] LogOutputStream:75 - [STDERR_REDIRECT] 
2025-10-26 17:25:22,296 [ERROR] LogOutputStream:75 - [STDERR_REDIRECT] Oct 26, 2025 5:25:22 PM java.util.prefs.FileSystemPreferences syncWorld
2025-10-26 17:25:22,296 [ERROR] LogOutputStream:75 - [STDERR_REDIRECT] WARNING: Couldn't flush system prefs: java.util.prefs.BackingStoreException: Couldn't get file lock.
2025-10-26 17:25:22,296 [ERROR] LogOutputStream:75 - [STDERR_REDIRECT] 
2025-10-26 17:25:52,297 [ERROR] LogOutputStream:75 - [STDERR_REDIRECT] Oct 26, 2025 5:25:52 PM java.util.prefs.FileSystemPreferences checkLockFile0ErrorCode
2025-10-26 17:25:52,297 [ERROR] LogOutputStream:75 - [STDERR_REDIRECT] WARNING: Could not lock System prefs. Unix error code 2.
2025-10-26 17:25:52,297 [ERROR] LogOutputStream:75 - [STDERR_REDIRECT] 
2025-10-26 17:25:52,297 [ERROR] LogOutputStream:75 - [STDERR_REDIRECT] Oct 26, 2025 5:25:52 PM java.util.prefs.FileSystemPreferences syncWorld
2025-10-26 17:25:52,297 [ERROR] LogOutputStream:75 - [STDERR_REDIRECT] WARNING: Couldn't flush system prefs: java.util.prefs.BackingStoreException: Couldn't get file lock.
2025-10-26 17:25:52,297 [ERROR] LogOutputStream:75 - [STDERR_REDIRECT] 
2025-10-26 17:26:22,297 [ERROR] LogOutputStream:75 - [STDERR_REDIRECT] Oct 26, 2025 5:26:22 PM java.util.prefs.FileSystemPreferences checkLockFile0ErrorCode
2025-10-26 17:26:22,297 [ERROR] LogOutputStream:75 - [STDERR_REDIRECT] WARNING: Could not lock System prefs. Unix error code 2.
2025-10-26 17:26:22,297 [ERROR] LogOutputStream:75 - [STDERR_REDIRECT] 
2025-10-26 17:26:22,297 [ERROR] LogOutputStream:75 - [STDERR_REDIRECT] Oct 26, 2025 5:26:22 PM java.util.prefs.FileSystemPreferences syncWorld
2025-10-26 17:26:22,297 [ERROR] LogOutputStream:75 - [STDERR_REDIRECT] WARNING: Couldn't flush system prefs: java.util.prefs.BackingStoreException: Couldn't get file lock.
2025-10-26 17:26:22,297 [ERROR] LogOutputStream:75 - [STDERR_REDIRECT] 
2025-10-26 17:26:52,298 [ERROR] LogOutputStream:75 - [STDERR_REDIRECT] Oct 26, 2025 5:26:52 PM java.util.prefs.FileSystemPreferences checkLockFile0ErrorCode
2025-10-26 17:26:52,298 [ERROR] LogOutputStream:75 - [STDERR_REDIRECT] WARNING: Could not lock System prefs. Unix error code 2.
2025-10-26 17:26:52,298 [ERROR] LogOutputStream:75 - [STDERR_REDIRECT] 
2025-10-26 17:26:52,298 [ERROR] LogOutputStream:75 - [STDERR_REDIRECT] Oct 26, 2025 5:26:52 PM java.util.prefs.FileSystemPreferences syncWorld
2025-10-26 17:26:52,298 [ERROR] LogOutputStream:75 - [STDERR_REDIRECT] WARNING: Couldn't flush system prefs: java.util.prefs.BackingStoreException: Couldn't get file lock.
2025-10-26 17:26:52,298 [ERROR] LogOutputStream:75 - [STDERR_REDIRECT] 
2025-10-26 17:27:22,299 [ERROR] LogOutputStream:75 - [STDERR_REDIRECT] Oct 26, 2025 5:27:22 PM java.util.prefs.FileSystemPreferences checkLockFile0ErrorCode
2025-10-26 17:27:22,299 [ERROR] LogOutputStream:75 - [STDERR_REDIRECT] WARNING: Could not lock System prefs. Unix error code 2.
2025-10-26 17:27:22,299 [ERROR] LogOutputStream:75 - [STDERR_REDIRECT] 
2025-10-26 17:27:22,299 [ERROR] LogOutputStream:75 - [STDERR_REDIRECT] Oct 26, 2025 5:27:22 PM java.util.prefs.FileSystemPreferences syncWorld
2025-10-26 17:27:22,299 [ERROR] LogOutputStream:75 - [STDERR_REDIRECT] WARNING: Couldn't flush system prefs: java.util.prefs.BackingStoreException: Couldn't get file lock.
2025-10-26 17:27:22,299 [ERROR] LogOutputStream:75 - [STDERR_REDIRECT] 
2025-10-26 17:27:52,298 [ERROR] LogOutputStream:75 - [STDERR_REDIRECT] Oct 26, 2025 5:27:52 PM java.util.prefs.FileSystemPreferences checkLockFile0ErrorCode
2025-10-26 17:27:52,298 [ERROR] LogOutputStream:75 - [STDERR_REDIRECT] WARNING: Could not lock System prefs. Unix error code 2.
2025-10-26 17:27:52,298 [ERROR] LogOutputStream:75 - [STDERR_REDIRECT] 
2025-10-26 17:27:52,299 [ERROR] LogOutputStream:75 - [STDERR_REDIRECT] Oct 26, 2025 5:27:52 PM java.util.prefs.FileSystemPreferences syncWorld
2025-10-26 17:27:52,299 [ERROR] LogOutputStream:75 - [STDERR_REDIRECT] WARNING: Couldn't flush system prefs: java.util.prefs.BackingStoreException: Couldn't get file lock.
2025-10-26 17:27:52,299 [ERROR] LogOutputStream:75 - [STDERR_REDIRECT] 
2025-10-26 17:28:22,298 [ERROR] LogOutputStream:75 - [STDERR_REDIRECT] Oct 26, 2025 5:28:22 PM java.util.prefs.FileSystemPreferences checkLockFile0ErrorCode
2025-10-26 17:28:22,298 [ERROR] LogOutputStream:75 - [STDERR_REDIRECT] WARNING: Could not lock System prefs. Unix error code 2.
2025-10-26 17:28:22,298 [ERROR] LogOutputStream:75 - [STDERR_REDIRECT] 
2025-10-26 17:28:22,298 [ERROR] LogOutputStream:75 - [STDERR_REDIRECT] Oct 26, 2025 5:28:22 PM java.util.prefs.FileSystemPreferences syncWorld
2025-10-26 17:28:22,298 [ERROR] LogOutputStream:75 - [STDERR_REDIRECT] WARNING: Couldn't flush system prefs: java.util.prefs.BackingStoreException: Couldn't get file lock.
2025-10-26 17:28:22,298 [ERROR] LogOutputStream:75 - [STDERR_REDIRECT] 
2025-10-26 17:28:52,299 [ERROR] LogOutputStream:75 - [STDERR_REDIRECT] Oct 26, 2025 5:28:52 PM java.util.prefs.FileSystemPreferences checkLockFile0ErrorCode
2025-10-26 17:28:52,299 [ERROR] LogOutputStream:75 - [STDERR_REDIRECT] WARNING: Could not lock System prefs. Unix error code 2.
2025-10-26 17:28:52,299 [ERROR] LogOutputStream:75 - [STDERR_REDIRECT] 
2025-10-26 17:28:52,299 [ERROR] LogOutputStream:75 - [STDERR_REDIRECT] Oct 26, 2025 5:28:52 PM java.util.prefs.FileSystemPreferences syncWorld
2025-10-26 17:28:52,299 [ERROR] LogOutputStream:75 - [STDERR_REDIRECT] WARNING: Couldn't flush system prefs: java.util.prefs.BackingStoreException: Couldn't get file lock.
2025-10-26 17:28:52,299 [ERROR] LogOutputStream:75 - [STDERR_REDIRECT] 
2025-10-26 17:29:22,298 [ERROR] LogOutputStream:75 - [STDERR_REDIRECT] Oct 26, 2025 5:29:22 PM java.util.prefs.FileSystemPreferences checkLockFile0ErrorCode
2025-10-26 17:29:22,299 [ERROR] LogOutputStream:75 - [STDERR_REDIRECT] WARNING: Could not lock System prefs. Unix error code 2.
2025-10-26 17:29:22,299 [ERROR] LogOutputStream:75 - [STDERR_REDIRECT] 
2025-10-26 17:29:22,299 [ERROR] LogOutputStream:75 - [STDERR_REDIRECT] Oct 26, 2025 5:29:22 PM java.util.prefs.FileSystemPreferences syncWorld
2025-10-26 17:29:22,299 [ERROR] LogOutputStream:75 - [STDERR_REDIRECT] WARNING: Couldn't flush system prefs: java.util.prefs.BackingStoreException: Couldn't get file lock.
2025-10-26 17:29:22,299 [ERROR] LogOutputStream:75 - [STDERR_REDIRECT] 
2025-10-26 17:29:52,298 [ERROR] LogOutputStream:75 - [STDERR_REDIRECT] Oct 26, 2025 5:29:52 PM java.util.prefs.FileSystemPreferences checkLockFile0ErrorCode
2025-10-26 17:29:52,298 [ERROR] LogOutputStream:75 - [STDERR_REDIRECT] WARNING: Could not lock System prefs. Unix error code 2.
2025-10-26 17:29:52,298 [ERROR] LogOutputStream:75 - [STDERR_REDIRECT] 
2025-10-26 17:29:52,299 [ERROR] LogOutputStream:75 - [STDERR_REDIRECT] Oct 26, 2025 5:29:52 PM java.util.prefs.FileSystemPreferences syncWorld
2025-10-26 17:29:52,299 [ERROR] LogOutputStream:75 - [STDERR_REDIRECT] WARNING: Couldn't flush system prefs: java.util.prefs.BackingStoreException: Couldn't get file lock.
2025-10-26 17:29:52,299 [ERROR] LogOutputStream:75 - [STDERR_REDIRECT] 
2025-10-26 17:30:22,298 [ERROR] LogOutputStream:75 - [STDERR_REDIRECT] Oct 26, 2025 5:30:22 PM java.util.prefs.FileSystemPreferences checkLockFile0ErrorCode
2025-10-26 17:30:22,298 [ERROR] LogOutputStream:75 - [STDERR_REDIRECT] WARNING: Could not lock System prefs. Unix error code 2.
2025-10-26 17:30:22,298 [ERROR] LogOutputStream:75 - [STDERR_REDIRECT] 
2025-10-26 17:30:22,298 [ERROR] LogOutputStream:75 - [STDERR_REDIRECT] Oct 26, 2025 5:30:22 PM java.util.prefs.FileSystemPreferences syncWorld
2025-10-26 17:30:22,298 [ERROR] LogOutputStream:75 - [STDERR_REDIRECT] WARNING: Couldn't flush system prefs: java.util.prefs.BackingStoreException: Couldn't get file lock.
2025-10-26 17:30:22,299 [ERROR] LogOutputStream:75 - [STDERR_REDIRECT] 
2025-10-26 17:30:52,298 [ERROR] LogOutputStream:75 - [STDERR_REDIRECT] Oct 26, 2025 5:30:52 PM java.util.prefs.FileSystemPreferences checkLockFile0ErrorCode
2025-10-26 17:30:52,298 [ERROR] LogOutputStream:75 - [STDERR_REDIRECT] WARNING: Could not lock System prefs. Unix error code 2.
2025-10-26 17:30:52,298 [ERROR] LogOutputStream:75 - [STDERR_REDIRECT] 
2025-10-26 17:30:52,298 [ERROR] LogOutputStream:75 - [STDERR_REDIRECT] Oct 26, 2025 5:30:52 PM java.util.prefs.FileSystemPreferences syncWorld
2025-10-26 17:30:52,298 [ERROR] LogOutputStream:75 - [STDERR_REDIRECT] WARNING: Couldn't flush system prefs: java.util.prefs.BackingStoreException: Couldn't get file lock.
2025-10-26 17:30:52,298 [ERROR] LogOutputStream:75 - [STDERR_REDIRECT] 
2025-10-26 17:31:22,299 [ERROR] LogOutputStream:75 - [STDERR_REDIRECT] Oct 26, 2025 5:31:22 PM java.util.prefs.FileSystemPreferences checkLockFile0ErrorCode
2025-10-26 17:31:22,299 [ERROR] LogOutputStream:75 - [STDERR_REDIRECT] WARNING: Could not lock System prefs. Unix error code 2.
2025-10-26 17:31:22,299 [ERROR] LogOutputStream:75 - [STDERR_REDIRECT] 
2025-10-26 17:31:22,299 [ERROR] LogOutputStream:75 - [STDERR_REDIRECT] Oct 26, 2025 5:31:22 PM java.util.prefs.FileSystemPreferences syncWorld
2025-10-26 17:31:22,299 [ERROR] LogOutputStream:75 - [STDERR_REDIRECT] WARNING: Couldn't flush system prefs: java.util.prefs.BackingStoreException: Couldn't get file lock.
2025-10-26 17:31:22,299 [ERROR] LogOutputStream:75 - [STDERR_REDIRECT] 
2025-10-26 17:31:52,299 [ERROR] LogOutputStream:75 - [STDERR_REDIRECT] Oct 26, 2025 5:31:52 PM java.util.prefs.FileSystemPreferences checkLockFile0ErrorCode
2025-10-26 17:31:52,300 [ERROR] LogOutputStream:75 - [STDERR_REDIRECT] WARNING: Could not lock System prefs. Unix error code 2.
2025-10-26 17:31:52,300 [ERROR] LogOutputStream:75 - [STDERR_REDIRECT] 
2025-10-26 17:31:52,300 [ERROR] LogOutputStream:75 - [STDERR_REDIRECT] Oct 26, 2025 5:31:52 PM java.util.prefs.FileSystemPreferences syncWorld
2025-10-26 17:31:52,300 [ERROR] LogOutputStream:75 - [STDERR_REDIRECT] WARNING: Couldn't flush system prefs: java.util.prefs.BackingStoreException: Couldn't get file lock.
2025-10-26 17:31:52,300 [ERROR] LogOutputStream:75 - [STDERR_REDIRECT] 
2025-10-26 17:32:22,299 [ERROR] LogOutputStream:75 - [STDERR_REDIRECT] Oct 26, 2025 5:32:22 PM java.util.prefs.FileSystemPreferences checkLockFile0ErrorCode
2025-10-26 17:32:22,299 [ERROR] LogOutputStream:75 - [STDERR_REDIRECT] WARNING: Could not lock System prefs. Unix error code 2.
2025-10-26 17:32:22,299 [ERROR] LogOutputStream:75 - [STDERR_REDIRECT] 
2025-10-26 17:32:22,299 [ERROR] LogOutputStream:75 - [STDERR_REDIRECT] Oct 26, 2025 5:32:22 PM java.util.prefs.FileSystemPreferences syncWorld
2025-10-26 17:32:22,299 [ERROR] LogOutputStream:75 - [STDERR_REDIRECT] WARNING: Couldn't flush system prefs: java.util.prefs.BackingStoreException: Couldn't get file lock.
2025-10-26 17:32:22,299 [ERROR] LogOutputStream:75 - [STDERR_REDIRECT] 
2025-10-26 17:32:52,299 [ERROR] LogOutputStream:75 - [STDERR_REDIRECT] Oct 26, 2025 5:32:52 PM java.util.prefs.FileSystemPreferences checkLockFile0ErrorCode
2025-10-26 17:32:52,300 [ERROR] LogOutputStream:75 - [STDERR_REDIRECT] WARNING: Could not lock System prefs. Unix error code 2.
2025-10-26 17:32:52,300 [ERROR] LogOutputStream:75 - [STDERR_REDIRECT] 
2025-10-26 17:32:52,300 [ERROR] LogOutputStream:75 - [STDERR_REDIRECT] Oct 26, 2025 5:32:52 PM java.util.prefs.FileSystemPreferences syncWorld
2025-10-26 17:32:52,300 [ERROR] LogOutputStream:75 - [STDERR_REDIRECT] WARNING: Couldn't flush system prefs: java.util.prefs.BackingStoreException: Couldn't get file lock.
2025-10-26 17:32:52,300 [ERROR] LogOutputStream:75 - [STDERR_REDIRECT] 
2025-10-26 17:33:22,299 [ERROR] LogOutputStream:75 - [STDERR_REDIRECT] Oct 26, 2025 5:33:22 PM java.util.prefs.FileSystemPreferences checkLockFile0ErrorCode
2025-10-26 17:33:22,299 [ERROR] LogOutputStream:75 - [STDERR_REDIRECT] WARNING: Could not lock System prefs. Unix error code 2.
2025-10-26 17:33:22,299 [ERROR] LogOutputStream:75 - [STDERR_REDIRECT] 
2025-10-26 17:33:22,299 [ERROR] LogOutputStream:75 - [STDERR_REDIRECT] Oct 26, 2025 5:33:22 PM java.util.prefs.FileSystemPreferences syncWorld
2025-10-26 17:33:22,299 [ERROR] LogOutputStream:75 - [STDERR_REDIRECT] WARNING: Couldn't flush system prefs: java.util.prefs.BackingStoreException: Couldn't get file lock.
2025-10-26 17:33:22,299 [ERROR] LogOutputStream:75 - [STDERR_REDIRECT] 
2025-10-26 17:33:52,299 [ERROR] LogOutputStream:75 - [STDERR_REDIRECT] Oct 26, 2025 5:33:52 PM java.util.prefs.FileSystemPreferences checkLockFile0ErrorCode
2025-10-26 17:33:52,300 [ERROR] LogOutputStream:75 - [STDERR_REDIRECT] WARNING: Could not lock System prefs. Unix error code 2.
2025-10-26 17:33:52,300 [ERROR] LogOutputStream:75 - [STDERR_REDIRECT] 
2025-10-26 17:33:52,300 [ERROR] LogOutputStream:75 - [STDERR_REDIRECT] Oct 26, 2025 5:33:52 PM java.util.prefs.FileSystemPreferences syncWorld
2025-10-26 17:33:52,300 [ERROR] LogOutputStream:75 - [STDERR_REDIRECT] WARNING: Couldn't flush system prefs: java.util.prefs.BackingStoreException: Couldn't get file lock.
2025-10-26 17:33:52,300 [ERROR] LogOutputStream:75 - [STDERR_REDIRECT] 
2025-10-26 17:34:22,300 [ERROR] LogOutputStream:75 - [STDERR_REDIRECT] Oct 26, 2025 5:34:22 PM java.util.prefs.FileSystemPreferences checkLockFile0ErrorCode
2025-10-26 17:34:22,300 [ERROR] LogOutputStream:75 - [STDERR_REDIRECT] WARNING: Could not lock System prefs. Unix error code 2.
2025-10-26 17:34:22,300 [ERROR] LogOutputStream:75 - [STDERR_REDIRECT] 
2025-10-26 17:34:22,301 [ERROR] LogOutputStream:75 - [STDERR_REDIRECT] Oct 26, 2025 5:34:22 PM java.util.prefs.FileSystemPreferences syncWorld
2025-10-26 17:34:22,301 [ERROR] LogOutputStream:75 - [STDERR_REDIRECT] WARNING: Couldn't flush system prefs: java.util.prefs.BackingStoreException: Couldn't get file lock.
2025-10-26 17:34:22,301 [ERROR] LogOutputStream:75 - [STDERR_REDIRECT] 
2025-10-26 17:34:52,300 [ERROR] LogOutputStream:75 - [STDERR_REDIRECT] Oct 26, 2025 5:34:52 PM java.util.prefs.FileSystemPreferences checkLockFile0ErrorCode
2025-10-26 17:34:52,300 [ERROR] LogOutputStream:75 - [STDERR_REDIRECT] WARNING: Could not lock System prefs. Unix error code 2.
2025-10-26 17:34:52,300 [ERROR] LogOutputStream:75 - [STDERR_REDIRECT] 
2025-10-26 17:34:52,300 [ERROR] LogOutputStream:75 - [STDERR_REDIRECT] Oct 26, 2025 5:34:52 PM java.util.prefs.FileSystemPreferences syncWorld
2025-10-26 17:34:52,300 [ERROR] LogOutputStream:75 - [STDERR_REDIRECT] WARNING: Couldn't flush system prefs: java.util.prefs.BackingStoreException: Couldn't get file lock.
2025-10-26 17:34:52,300 [ERROR] LogOutputStream:75 - [STDERR_REDIRECT] 
2025-10-26 17:35:22,300 [ERROR] LogOutputStream:75 - [STDERR_REDIRECT] Oct 26, 2025 5:35:22 PM java.util.prefs.FileSystemPreferences checkLockFile0ErrorCode
2025-10-26 17:35:22,300 [ERROR] LogOutputStream:75 - [STDERR_REDIRECT] WARNING: Could not lock System prefs. Unix error code 2.
2025-10-26 17:35:22,300 [ERROR] LogOutputStream:75 - [STDERR_REDIRECT] 
2025-10-26 17:35:22,301 [ERROR] LogOutputStream:75 - [STDERR_REDIRECT] Oct 26, 2025 5:35:22 PM java.util.prefs.FileSystemPreferences syncWorld
2025-10-26 17:35:22,301 [ERROR] LogOutputStream:75 - [STDERR_REDIRECT] WARNING: Couldn't flush system prefs: java.util.prefs.BackingStoreException: Couldn't get file lock.
2025-10-26 17:35:22,301 [ERROR] LogOutputStream:75 - [STDERR_REDIRECT] 
2025-10-26 17:35:52,300 [ERROR] LogOutputStream:75 - [STDERR_REDIRECT] Oct 26, 2025 5:35:52 PM java.util.prefs.FileSystemPreferences checkLockFile0ErrorCode
2025-10-26 17:35:52,300 [ERROR] LogOutputStream:75 - [STDERR_REDIRECT] WARNING: Could not lock System prefs. Unix error code 2.
2025-10-26 17:35:52,300 [ERROR] LogOutputStream:75 - [STDERR_REDIRECT] 
2025-10-26 17:35:52,300 [ERROR] LogOutputStream:75 - [STDERR_REDIRECT] Oct 26, 2025 5:35:52 PM java.util.prefs.FileSystemPreferences syncWorld
2025-10-26 17:35:52,300 [ERROR] LogOutputStream:75 - [STDERR_REDIRECT] WARNING: Couldn't flush system prefs: java.util.prefs.BackingStoreException: Couldn't get file lock.
2025-10-26 17:35:52,300 [ERROR] LogOutputStream:75 - [STDERR_REDIRECT] 
2025-10-26 17:36:22,300 [ERROR] LogOutputStream:75 - [STDERR_REDIRECT] Oct 26, 2025 5:36:22 PM java.util.prefs.FileSystemPreferences checkLockFile0ErrorCode
2025-10-26 17:36:22,300 [ERROR] LogOutputStream:75 - [STDERR_REDIRECT] WARNING: Could not lock System prefs. Unix error code 2.
2025-10-26 17:36:22,300 [ERROR] LogOutputStream:75 - [STDERR_REDIRECT] 
2025-10-26 17:36:22,300 [ERROR] LogOutputStream:75 - [STDERR_REDIRECT] Oct 26, 2025 5:36:22 PM java.util.prefs.FileSystemPreferences syncWorld
2025-10-26 17:36:22,300 [ERROR] LogOutputStream:75 - [STDERR_REDIRECT] WARNING: Couldn't flush system prefs: java.util.prefs.BackingStoreException: Couldn't get file lock.
2025-10-26 17:36:22,300 [ERROR] LogOutputStream:75 - [STDERR_REDIRECT] 
2025-10-26 17:36:52,300 [ERROR] LogOutputStream:75 - [STDERR_REDIRECT] Oct 26, 2025 5:36:52 PM java.util.prefs.FileSystemPreferences checkLockFile0ErrorCode
2025-10-26 17:36:52,300 [ERROR] LogOutputStream:75 - [STDERR_REDIRECT] WARNING: Could not lock System prefs. Unix error code 2.
2025-10-26 17:36:52,300 [ERROR] LogOutputStream:75 - [STDERR_REDIRECT] 
2025-10-26 17:36:52,300 [ERROR] LogOutputStream:75 - [STDERR_REDIRECT] Oct 26, 2025 5:36:52 PM java.util.prefs.FileSystemPreferences syncWorld
2025-10-26 17:36:52,300 [ERROR] LogOutputStream:75 - [STDERR_REDIRECT] WARNING: Couldn't flush system prefs: java.util.prefs.BackingStoreException: Couldn't get file lock.
2025-10-26 17:36:52,300 [ERROR] LogOutputStream:75 - [STDERR_REDIRECT] 
2025-10-26 17:37:22,300 [ERROR] LogOutputStream:75 - [STDERR_REDIRECT] Oct 26, 2025 5:37:22 PM java.util.prefs.FileSystemPreferences checkLockFile0ErrorCode
2025-10-26 17:37:22,300 [ERROR] LogOutputStream:75 - [STDERR_REDIRECT] WARNING: Could not lock System prefs. Unix error code 2.
2025-10-26 17:37:22,300 [ERROR] LogOutputStream:75 - [STDERR_REDIRECT] 
2025-10-26 17:37:22,300 [ERROR] LogOutputStream:75 - [STDERR_REDIRECT] Oct 26, 2025 5:37:22 PM java.util.prefs.FileSystemPreferences syncWorld
2025-10-26 17:37:22,300 [ERROR] LogOutputStream:75 - [STDERR_REDIRECT] WARNING: Couldn't flush system prefs: java.util.prefs.BackingStoreException: Couldn't get file lock.
2025-10-26 17:37:22,300 [ERROR] LogOutputStream:75 - [STDERR_REDIRECT] 
2025-10-26 17:37:52,300 [ERROR] LogOutputStream:75 - [STDERR_REDIRECT] Oct 26, 2025 5:37:52 PM java.util.prefs.FileSystemPreferences checkLockFile0ErrorCode
2025-10-26 17:37:52,301 [ERROR] LogOutputStream:75 - [STDERR_REDIRECT] WARNING: Could not lock System prefs. Unix error code 2.
2025-10-26 17:37:52,301 [ERROR] LogOutputStream:75 - [STDERR_REDIRECT] 
2025-10-26 17:37:52,301 [ERROR] LogOutputStream:75 - [STDERR_REDIRECT] Oct 26, 2025 5:37:52 PM java.util.prefs.FileSystemPreferences syncWorld
2025-10-26 17:37:52,301 [ERROR] LogOutputStream:75 - [STDERR_REDIRECT] WARNING: Couldn't flush system prefs: java.util.prefs.BackingStoreException: Couldn't get file lock.
2025-10-26 17:37:52,301 [ERROR] LogOutputStream:75 - [STDERR_REDIRECT] 
2025-10-26 17:38:22,300 [ERROR] LogOutputStream:75 - [STDERR_REDIRECT] Oct 26, 2025 5:38:22 PM java.util.prefs.FileSystemPreferences checkLockFile0ErrorCode
2025-10-26 17:38:22,300 [ERROR] LogOutputStream:75 - [STDERR_REDIRECT] WARNING: Could not lock System prefs. Unix error code 2.
2025-10-26 17:38:22,300 [ERROR] LogOutputStream:75 - [STDERR_REDIRECT] 
2025-10-26 17:38:22,300 [ERROR] LogOutputStream:75 - [STDERR_REDIRECT] Oct 26, 2025 5:38:22 PM java.util.prefs.FileSystemPreferences syncWorld
2025-10-26 17:38:22,300 [ERROR] LogOutputStream:75 - [STDERR_REDIRECT] WARNING: Couldn't flush system prefs: java.util.prefs.BackingStoreException: Couldn't get file lock.
2025-10-26 17:38:22,300 [ERROR] LogOutputStream:75 - [STDERR_REDIRECT] 
2025-10-26 17:38:52,301 [ERROR] LogOutputStream:75 - [STDERR_REDIRECT] Oct 26, 2025 5:38:52 PM java.util.prefs.FileSystemPreferences checkLockFile0ErrorCode
2025-10-26 17:38:52,301 [ERROR] LogOutputStream:75 - [STDERR_REDIRECT] WARNING: Could not lock System prefs. Unix error code 2.
2025-10-26 17:38:52,301 [ERROR] LogOutputStream:75 - [STDERR_REDIRECT] 
2025-10-26 17:38:52,301 [ERROR] LogOutputStream:75 - [STDERR_REDIRECT] Oct 26, 2025 5:38:52 PM java.util.prefs.FileSystemPreferences syncWorld
2025-10-26 17:38:52,301 [ERROR] LogOutputStream:75 - [STDERR_REDIRECT] WARNING: Couldn't flush system prefs: java.util.prefs.BackingStoreException: Couldn't get file lock.
2025-10-26 17:38:52,301 [ERROR] LogOutputStream:75 - [STDERR_REDIRECT] 
2025-10-26 17:39:22,300 [ERROR] LogOutputStream:75 - [STDERR_REDIRECT] Oct 26, 2025 5:39:22 PM java.util.prefs.FileSystemPreferences checkLockFile0ErrorCode
2025-10-26 17:39:22,300 [ERROR] LogOutputStream:75 - [STDERR_REDIRECT] WARNING: Could not lock System prefs. Unix error code 2.
2025-10-26 17:39:22,300 [ERROR] LogOutputStream:75 - [STDERR_REDIRECT] 
2025-10-26 17:39:22,300 [ERROR] LogOutputStream:75 - [STDERR_REDIRECT] Oct 26, 2025 5:39:22 PM java.util.prefs.FileSystemPreferences syncWorld
2025-10-26 17:39:22,300 [ERROR] LogOutputStream:75 - [STDERR_REDIRECT] WARNING: Couldn't flush system prefs: java.util.prefs.BackingStoreException: Couldn't get file lock.
2025-10-26 17:39:22,300 [ERROR] LogOutputStream:75 - [STDERR_REDIRECT] 
2025-10-26 17:39:52,301 [ERROR] LogOutputStream:75 - [STDERR_REDIRECT] Oct 26, 2025 5:39:52 PM java.util.prefs.FileSystemPreferences checkLockFile0ErrorCode
2025-10-26 17:39:52,301 [ERROR] LogOutputStream:75 - [STDERR_REDIRECT] WARNING: Could not lock System prefs. Unix error code 2.
2025-10-26 17:39:52,301 [ERROR] LogOutputStream:75 - [STDERR_REDIRECT] 
2025-10-26 17:39:52,301 [ERROR] LogOutputStream:75 - [STDERR_REDIRECT] Oct 26, 2025 5:39:52 PM java.util.prefs.FileSystemPreferences syncWorld
2025-10-26 17:39:52,301 [ERROR] LogOutputStream:75 - [STDERR_REDIRECT] WARNING: Couldn't flush system prefs: java.util.prefs.BackingStoreException: Couldn't get file lock.
2025-10-26 17:39:52,301 [ERROR] LogOutputStream:75 - [STDERR_REDIRECT] 
2025-10-26 17:40:22,301 [ERROR] LogOutputStream:75 - [STDERR_REDIRECT] Oct 26, 2025 5:40:22 PM java.util.prefs.FileSystemPreferences checkLockFile0ErrorCode
2025-10-26 17:40:22,301 [ERROR] LogOutputStream:75 - [STDERR_REDIRECT] WARNING: Could not lock System prefs. Unix error code 2.
2025-10-26 17:40:22,301 [ERROR] LogOutputStream:75 - [STDERR_REDIRECT] 
2025-10-26 17:40:22,301 [ERROR] LogOutputStream:75 - [STDERR_REDIRECT] Oct 26, 2025 5:40:22 PM java.util.prefs.FileSystemPreferences syncWorld
2025-10-26 17:40:22,301 [ERROR] LogOutputStream:75 - [STDERR_REDIRECT] WARNING: Couldn't flush system prefs: java.util.prefs.BackingStoreException: Couldn't get file lock.
2025-10-26 17:40:22,301 [ERROR] LogOutputStream:75 - [STDERR_REDIRECT] 
2025-10-26 17:40:52,301 [ERROR] LogOutputStream:75 - [STDERR_REDIRECT] Oct 26, 2025 5:40:52 PM java.util.prefs.FileSystemPreferences checkLockFile0ErrorCode
2025-10-26 17:40:52,301 [ERROR] LogOutputStream:75 - [STDERR_REDIRECT] WARNING: Could not lock System prefs. Unix error code 2.
2025-10-26 17:40:52,301 [ERROR] LogOutputStream:75 - [STDERR_REDIRECT] 
2025-10-26 17:40:52,301 [ERROR] LogOutputStream:75 - [STDERR_REDIRECT] Oct 26, 2025 5:40:52 PM java.util.prefs.FileSystemPreferences syncWorld
2025-10-26 17:40:52,301 [ERROR] LogOutputStream:75 - [STDERR_REDIRECT] WARNING: Couldn't flush system prefs: java.util.prefs.BackingStoreException: Couldn't get file lock.
2025-10-26 17:40:52,301 [ERROR] LogOutputStream:75 - [STDERR_REDIRECT] 
2025-10-26 17:41:22,301 [ERROR] LogOutputStream:75 - [STDERR_REDIRECT] Oct 26, 2025 5:41:22 PM java.util.prefs.FileSystemPreferences checkLockFile0ErrorCode
2025-10-26 17:41:22,301 [ERROR] LogOutputStream:75 - [STDERR_REDIRECT] WARNING: Could not lock System prefs. Unix error code 2.
2025-10-26 17:41:22,301 [ERROR] LogOutputStream:75 - [STDERR_REDIRECT] 
2025-10-26 17:41:22,301 [ERROR] LogOutputStream:75 - [STDERR_REDIRECT] Oct 26, 2025 5:41:22 PM java.util.prefs.FileSystemPreferences syncWorld
2025-10-26 17:41:22,301 [ERROR] LogOutputStream:75 - [STDERR_REDIRECT] WARNING: Couldn't flush system prefs: java.util.prefs.BackingStoreException: Couldn't get file lock.
2025-10-26 17:41:22,301 [ERROR] LogOutputStream:75 - [STDERR_REDIRECT] 
2025-10-26 17:41:52,301 [ERROR] LogOutputStream:75 - [STDERR_REDIRECT] Oct 26, 2025 5:41:52 PM java.util.prefs.FileSystemPreferences checkLockFile0ErrorCode
2025-10-26 17:41:52,301 [ERROR] LogOutputStream:75 - [STDERR_REDIRECT] WARNING: Could not lock System prefs. Unix error code 2.
2025-10-26 17:41:52,301 [ERROR] LogOutputStream:75 - [STDERR_REDIRECT] 
2025-10-26 17:41:52,301 [ERROR] LogOutputStream:75 - [STDERR_REDIRECT] Oct 26, 2025 5:41:52 PM java.util.prefs.FileSystemPreferences syncWorld
2025-10-26 17:41:52,301 [ERROR] LogOutputStream:75 - [STDERR_REDIRECT] WARNING: Couldn't flush system prefs: java.util.prefs.BackingStoreException: Couldn't get file lock.
2025-10-26 17:41:52,301 [ERROR] LogOutputStream:75 - [STDERR_REDIRECT] 
2025-10-26 17:42:22,301 [ERROR] LogOutputStream:75 - [STDERR_REDIRECT] Oct 26, 2025 5:42:22 PM java.util.prefs.FileSystemPreferences checkLockFile0ErrorCode
2025-10-26 17:42:22,302 [ERROR] LogOutputStream:75 - [STDERR_REDIRECT] WARNING: Could not lock System prefs. Unix error code 2.
2025-10-26 17:42:22,302 [ERROR] LogOutputStream:75 - [STDERR_REDIRECT] 
2025-10-26 17:42:22,302 [ERROR] LogOutputStream:75 - [STDERR_REDIRECT] Oct 26, 2025 5:42:22 PM java.util.prefs.FileSystemPreferences syncWorld
2025-10-26 17:42:22,302 [ERROR] LogOutputStream:75 - [STDERR_REDIRECT] WARNING: Couldn't flush system prefs: java.util.prefs.BackingStoreException: Couldn't get file lock.
2025-10-26 17:42:22,302 [ERROR] LogOutputStream:75 - [STDERR_REDIRECT] 
2025-10-26 17:42:52,303 [ERROR] LogOutputStream:75 - [STDERR_REDIRECT] Oct 26, 2025 5:42:52 PM java.util.prefs.FileSystemPreferences checkLockFile0ErrorCode
2025-10-26 17:42:52,303 [ERROR] LogOutputStream:75 - [STDERR_REDIRECT] WARNING: Could not lock System prefs. Unix error code 2.
2025-10-26 17:42:52,303 [ERROR] LogOutputStream:75 - [STDERR_REDIRECT] 
2025-10-26 17:42:52,303 [ERROR] LogOutputStream:75 - [STDERR_REDIRECT] Oct 26, 2025 5:42:52 PM java.util.prefs.FileSystemPreferences syncWorld
2025-10-26 17:42:52,303 [ERROR] LogOutputStream:75 - [STDERR_REDIRECT] WARNING: Couldn't flush system prefs: java.util.prefs.BackingStoreException: Couldn't get file lock.
2025-10-26 17:42:52,303 [ERROR] LogOutputStream:75 - [STDERR_REDIRECT] 
2025-10-26 17:43:22,302 [ERROR] LogOutputStream:75 - [STDERR_REDIRECT] Oct 26, 2025 5:43:22 PM java.util.prefs.FileSystemPreferences checkLockFile0ErrorCode
2025-10-26 17:43:22,302 [ERROR] LogOutputStream:75 - [STDERR_REDIRECT] WARNING: Could not lock System prefs. Unix error code 2.
2025-10-26 17:43:22,302 [ERROR] LogOutputStream:75 - [STDERR_REDIRECT] 
2025-10-26 17:43:22,302 [ERROR] LogOutputStream:75 - [STDERR_REDIRECT] Oct 26, 2025 5:43:22 PM java.util.prefs.FileSystemPreferences syncWorld
2025-10-26 17:43:22,302 [ERROR] LogOutputStream:75 - [STDERR_REDIRECT] WARNING: Couldn't flush system prefs: java.util.prefs.BackingStoreException: Couldn't get file lock.
2025-10-26 17:43:22,302 [ERROR] LogOutputStream:75 - [STDERR_REDIRECT] 
2025-10-26 17:43:52,302 [ERROR] LogOutputStream:75 - [STDERR_REDIRECT] Oct 26, 2025 5:43:52 PM java.util.prefs.FileSystemPreferences checkLockFile0ErrorCode
2025-10-26 17:43:52,302 [ERROR] LogOutputStream:75 - [STDERR_REDIRECT] WARNING: Could not lock System prefs. Unix error code 2.
2025-10-26 17:43:52,302 [ERROR] LogOutputStream:75 - [STDERR_REDIRECT] 
2025-10-26 17:43:52,302 [ERROR] LogOutputStream:75 - [STDERR_REDIRECT] Oct 26, 2025 5:43:52 PM java.util.prefs.FileSystemPreferences syncWorld
2025-10-26 17:43:52,302 [ERROR] LogOutputStream:75 - [STDERR_REDIRECT] WARNING: Couldn't flush system prefs: java.util.prefs.BackingStoreException: Couldn't get file lock.
2025-10-26 17:43:52,302 [ERROR] LogOutputStream:75 - [STDERR_REDIRECT] 
2025-10-26 17:44:22,302 [ERROR] LogOutputStream:75 - [STDERR_REDIRECT] Oct 26, 2025 5:44:22 PM java.util.prefs.FileSystemPreferences checkLockFile0ErrorCode
2025-10-26 17:44:22,302 [ERROR] LogOutputStream:75 - [STDERR_REDIRECT] WARNING: Could not lock System prefs. Unix error code 2.
2025-10-26 17:44:22,302 [ERROR] LogOutputStream:75 - [STDERR_REDIRECT] 
2025-10-26 17:44:22,302 [ERROR] LogOutputStream:75 - [STDERR_REDIRECT] Oct 26, 2025 5:44:22 PM java.util.prefs.FileSystemPreferences syncWorld
2025-10-26 17:44:22,302 [ERROR] LogOutputStream:75 - [STDERR_REDIRECT] WARNING: Couldn't flush system prefs: java.util.prefs.BackingStoreException: Couldn't get file lock.
2025-10-26 17:44:22,302 [ERROR] LogOutputStream:75 - [STDERR_REDIRECT] 
2025-10-26 17:44:52,303 [ERROR] LogOutputStream:75 - [STDERR_REDIRECT] Oct 26, 2025 5:44:52 PM java.util.prefs.FileSystemPreferences checkLockFile0ErrorCode
2025-10-26 17:44:52,303 [ERROR] LogOutputStream:75 - [STDERR_REDIRECT] WARNING: Could not lock System prefs. Unix error code 2.
2025-10-26 17:44:52,303 [ERROR] LogOutputStream:75 - [STDERR_REDIRECT] 
2025-10-26 17:44:52,303 [ERROR] LogOutputStream:75 - [STDERR_REDIRECT] Oct 26, 2025 5:44:52 PM java.util.prefs.FileSystemPreferences syncWorld
2025-10-26 17:44:52,303 [ERROR] LogOutputStream:75 - [STDERR_REDIRECT] WARNING: Couldn't flush system prefs: java.util.prefs.BackingStoreException: Couldn't get file lock.
2025-10-26 17:44:52,303 [ERROR] LogOutputStream:75 - [STDERR_REDIRECT] 
2025-10-26 17:45:22,303 [ERROR] LogOutputStream:75 - [STDERR_REDIRECT] Oct 26, 2025 5:45:22 PM java.util.prefs.FileSystemPreferences checkLockFile0ErrorCode
2025-10-26 17:45:22,303 [ERROR] LogOutputStream:75 - [STDERR_REDIRECT] WARNING: Could not lock System prefs. Unix error code 2.
2025-10-26 17:45:22,303 [ERROR] LogOutputStream:75 - [STDERR_REDIRECT] 
2025-10-26 17:45:22,303 [ERROR] LogOutputStream:75 - [STDERR_REDIRECT] Oct 26, 2025 5:45:22 PM java.util.prefs.FileSystemPreferences syncWorld
2025-10-26 17:45:22,303 [ERROR] LogOutputStream:75 - [STDERR_REDIRECT] WARNING: Couldn't flush system prefs: java.util.prefs.BackingStoreException: Couldn't get file lock.
2025-10-26 17:45:22,303 [ERROR] LogOutputStream:75 - [STDERR_REDIRECT] 
2025-10-26 17:45:52,303 [ERROR] LogOutputStream:75 - [STDERR_REDIRECT] Oct 26, 2025 5:45:52 PM java.util.prefs.FileSystemPreferences checkLockFile0ErrorCode
2025-10-26 17:45:52,303 [ERROR] LogOutputStream:75 - [STDERR_REDIRECT] WARNING: Could not lock System prefs. Unix error code 2.
2025-10-26 17:45:52,303 [ERROR] LogOutputStream:75 - [STDERR_REDIRECT] 
2025-10-26 17:45:52,303 [ERROR] LogOutputStream:75 - [STDERR_REDIRECT] Oct 26, 2025 5:45:52 PM java.util.prefs.FileSystemPreferences syncWorld
2025-10-26 17:45:52,303 [ERROR] LogOutputStream:75 - [STDERR_REDIRECT] WARNING: Couldn't flush system prefs: java.util.prefs.BackingStoreException: Couldn't get file lock.
2025-10-26 17:45:52,303 [ERROR] LogOutputStream:75 - [STDERR_REDIRECT] 
2025-10-26 17:46:22,303 [ERROR] LogOutputStream:75 - [STDERR_REDIRECT] Oct 26, 2025 5:46:22 PM java.util.prefs.FileSystemPreferences checkLockFile0ErrorCode
2025-10-26 17:46:22,303 [ERROR] LogOutputStream:75 - [STDERR_REDIRECT] WARNING: Could not lock System prefs. Unix error code 2.
2025-10-26 17:46:22,304 [ERROR] LogOutputStream:75 - [STDERR_REDIRECT] 
2025-10-26 17:46:22,304 [ERROR] LogOutputStream:75 - [STDERR_REDIRECT] Oct 26, 2025 5:46:22 PM java.util.prefs.FileSystemPreferences syncWorld
2025-10-26 17:46:22,304 [ERROR] LogOutputStream:75 - [STDERR_REDIRECT] WARNING: Couldn't flush system prefs: java.util.prefs.BackingStoreException: Couldn't get file lock.
2025-10-26 17:46:22,304 [ERROR] LogOutputStream:75 - [STDERR_REDIRECT] 
2025-10-26 17:46:52,302 [ERROR] LogOutputStream:75 - [STDERR_REDIRECT] Oct 26, 2025 5:46:52 PM java.util.prefs.FileSystemPreferences checkLockFile0ErrorCode
2025-10-26 17:46:52,302 [ERROR] LogOutputStream:75 - [STDERR_REDIRECT] WARNING: Could not lock System prefs. Unix error code 2.
2025-10-26 17:46:52,302 [ERROR] LogOutputStream:75 - [STDERR_REDIRECT] 
2025-10-26 17:46:52,303 [ERROR] LogOutputStream:75 - [STDERR_REDIRECT] Oct 26, 2025 5:46:52 PM java.util.prefs.FileSystemPreferences syncWorld
2025-10-26 17:46:52,303 [ERROR] LogOutputStream:75 - [STDERR_REDIRECT] WARNING: Couldn't flush system prefs: java.util.prefs.BackingStoreException: Couldn't get file lock.
2025-10-26 17:46:52,303 [ERROR] LogOutputStream:75 - [STDERR_REDIRECT] 
2025-10-26 17:47:22,303 [ERROR] LogOutputStream:75 - [STDERR_REDIRECT] Oct 26, 2025 5:47:22 PM java.util.prefs.FileSystemPreferences checkLockFile0ErrorCode
2025-10-26 17:47:22,303 [ERROR] LogOutputStream:75 - [STDERR_REDIRECT] WARNING: Could not lock System prefs. Unix error code 2.
2025-10-26 17:47:22,303 [ERROR] LogOutputStream:75 - [STDERR_REDIRECT] 
2025-10-26 17:47:22,303 [ERROR] LogOutputStream:75 - [STDERR_REDIRECT] Oct 26, 2025 5:47:22 PM java.util.prefs.FileSystemPreferences syncWorld
2025-10-26 17:47:22,303 [ERROR] LogOutputStream:75 - [STDERR_REDIRECT] WARNING: Couldn't flush system prefs: java.util.prefs.BackingStoreException: Couldn't get file lock.
2025-10-26 17:47:22,303 [ERROR] LogOutputStream:75 - [STDERR_REDIRECT] 
2025-10-26 17:47:52,303 [ERROR] LogOutputStream:75 - [STDERR_REDIRECT] Oct 26, 2025 5:47:52 PM java.util.prefs.FileSystemPreferences checkLockFile0ErrorCode
2025-10-26 17:47:52,303 [ERROR] LogOutputStream:75 - [STDERR_REDIRECT] WARNING: Could not lock System prefs. Unix error code 2.
2025-10-26 17:47:52,303 [ERROR] LogOutputStream:75 - [STDERR_REDIRECT] 
2025-10-26 17:47:52,303 [ERROR] LogOutputStream:75 - [STDERR_REDIRECT] Oct 26, 2025 5:47:52 PM java.util.prefs.FileSystemPreferences syncWorld
2025-10-26 17:47:52,303 [ERROR] LogOutputStream:75 - [STDERR_REDIRECT] WARNING: Couldn't flush system prefs: java.util.prefs.BackingStoreException: Couldn't get file lock.
2025-10-26 17:47:52,303 [ERROR] LogOutputStream:75 - [STDERR_REDIRECT] 
2025-10-26 17:48:22,304 [ERROR] LogOutputStream:75 - [STDERR_REDIRECT] Oct 26, 2025 5:48:22 PM java.util.prefs.FileSystemPreferences checkLockFile0ErrorCode
2025-10-26 17:48:22,304 [ERROR] LogOutputStream:75 - [STDERR_REDIRECT] WARNING: Could not lock System prefs. Unix error code 2.
2025-10-26 17:48:22,304 [ERROR] LogOutputStream:75 - [STDERR_REDIRECT] 
2025-10-26 17:48:22,304 [ERROR] LogOutputStream:75 - [STDERR_REDIRECT] Oct 26, 2025 5:48:22 PM java.util.prefs.FileSystemPreferences syncWorld
2025-10-26 17:48:22,304 [ERROR] LogOutputStream:75 - [STDERR_REDIRECT] WARNING: Couldn't flush system prefs: java.util.prefs.BackingStoreException: Couldn't get file lock.
2025-10-26 17:48:22,304 [ERROR] LogOutputStream:75 - [STDERR_REDIRECT] 
2025-10-26 17:48:45,407 [ERROR] LogOutputStream:75 - [STDERR_REDIRECT] 
